!SESSION 2014-04-15 01:03:12.127 -----------------------------------------------
eclipse.buildId=M20130204-1200
java.version=1.6.0_30
java.vendor=Sun Microsystems Inc.
BootLoader constants: OS=linux, ARCH=x86_64, WS=gtk, NL=en_SG
Framework arguments:  -product org.eclipse.epp.package.jee.product
Command-line arguments:  -os linux -ws gtk -arch x86_64 -product org.eclipse.epp.package.jee.product

!ENTRY org.eclipse.ui.browser 2 0 2014-04-15 01:04:39.673
!MESSAGE Internal browser is not available: No more handles [Unknown Mozilla path (MOZILLA_FIVE_HOME not set)]

!ENTRY org.eclipse.egit.ui 2 0 2014-04-15 01:04:40.928
!MESSAGE Warning: EGit couldn't detect the installation path "gitPrefix" of native Git. Hence EGit can't respect system level
Git settings which might be configured in ${gitPrefix}/etc/gitconfig under the native Git installation directory.
The most important of these settings is core.autocrlf. Git for Windows by default sets this parameter to true in
this system level configuration. The Git installation location can be configured on the
Team > Git > Configuration preference page's 'System Settings' tab.
This warning can be switched off on the Team > Git > Confirmations and Warnings preference page.

!ENTRY org.python.pydev.shared_core 1 1 2014-04-15 01:06:10.005
!MESSAGE Information about process of adding new interpreter:
- Opening dialog to request executable (or jar).
- Chosen interpreter (name and file):'Tuple [Python3.3 -- /usr/local/bin/python3.3]
- Ok, file is non-null. Getting info on:/usr/local/bin/python3.3
- Beggining task:Getting libs totalWork:100
- Setting task name:Mounting executable string...
- Setting task name:Executing:  /usr/local/bin/python3.3 -u /home/anuja/eclipse/plugins/org.python.pydev_2.8.2.2013090511/pysrc/interpreterInfo.py
- Setting task name:Making pythonpath environment... /usr/local/bin/python3.3 -u /home/anuja/eclipse/plugins/org.python.pydev_2.8.2.2013090511/pysrc/interpreterInfo.py
- Setting task name:Making exec... /usr/local/bin/python3.3 -u /home/anuja/eclipse/plugins/org.python.pydev_2.8.2.2013090511/pysrc/interpreterInfo.py
- Setting task name:Reading output...
- Setting task name:Waiting for process to finish.
- Success getting the info. Result:<xml>
<name>Python3.3</name>
<version>3.3</version>
<executable>/usr/local/bin/python3.3</executable>
<lib>/usr/local/lib/python33.zip</lib>
<lib>/usr/local/lib/python3.3</lib>
<lib>/usr/local/lib/python3.3/plat-linux</lib>
<lib>/usr/local/lib/python3.3/lib-dynload</lib>
<lib>/usr/local/lib/python3.3/site-packages</lib>
<forced_lib>Image</forced_lib>
<forced_lib>OpenGL</forced_lib>
<forced_lib>_ast</forced_lib>
<forced_lib>_bisect</forced_lib>
<forced_lib>_bytesio</forced_lib>
<forced_lib>_codecs</forced_lib>
<forced_lib>_codecs_cn</forced_lib>
<forced_lib>_codecs_hk</forced_lib>
<forced_lib>_codecs_iso2022</forced_lib>
<forced_lib>_codecs_jp</forced_lib>
<forced_lib>_codecs_kr</forced_lib>
<forced_lib>_codecs_tw</forced_lib>
<forced_lib>_collections</forced_lib>
<forced_lib>_csv</forced_lib>
<forced_lib>_fileio</forced_lib>
<forced_lib>_functools</forced_lib>
<forced_lib>_heapq</forced_lib>
<forced_lib>_hotshot</forced_lib>
<forced_lib>_imp</forced_lib>
<forced_lib>_io</forced_lib>
<forced_lib>_json</forced_lib>
<forced_lib>_locale</forced_lib>
<forced_lib>_lsprof</forced_lib>
<forced_lib>_md5</forced_lib>
<forced_lib>_multibytecodec</forced_lib>
<forced_lib>_random</forced_lib>
<forced_lib>_sha</forced_lib>
<forced_lib>_sha256</forced_lib>
<forced_lib>_sha512</forced_lib>
<forced_lib>_sre</forced_lib>
<forced_lib>_string</forced_lib>
<forced_lib>_struct</forced_lib>
<forced_lib>_subprocess</forced_lib>
<forced_lib>_symtable</forced_lib>
<forced_lib>_thread</forced_lib>
<forced_lib>_warnings</forced_lib>
<forced_lib>_weakref</forced_lib>
<forced_lib>_winreg</forced_lib>
<forced_lib>array</forced_lib>
<forced_lib>audioop</forced_lib>
<forced_lib>binascii</forced_lib>
<forced_lib>builtins</forced_lib>
<forced_lib>cPickle</forced_lib>
<forced_lib>cStringIO</forced_lib>
<forced_lib>cmath</forced_lib>
<forced_lib>datetime</forced_lib>
<forced_lib>email</forced_lib>
<forced_lib>errno</forced_lib>
<forced_lib>exceptions</forced_lib>
<forced_lib>faulthandler</forced_lib>
<forced_lib>future_builtins</forced_lib>
<forced_lib>gc</forced_lib>
<forced_lib>hashlib</forced_lib>
<forced_lib>imageop</forced_lib>
<forced_lib>imp</forced_lib>
<forced_lib>itertools</forced_lib>
<forced_lib>marshal</forced_lib>
<forced_lib>math</forced_lib>
<forced_lib>mmap</forced_lib>
<forced_lib>msvcrt</forced_lib>
<forced_lib>nt</forced_lib>
<forced_lib>numpy</forced_lib>
<forced_lib>operator</forced_lib>
<forced_lib>os</forced_lib>
<forced_lib>os.path</forced_lib>
<forced_lib>parser</forced_lib>
<forced_lib>posix</forced_lib>
<forced_lib>pwd</forced_lib>
<forced_lib>pytest</forced_lib>
<forced_lib>scipy</forced_lib>
<forced_lib>signal</forced_lib>
<forced_lib>socket</forced_lib>
<forced_lib>strop</forced_lib>
<forced_lib>sys</forced_lib>
<forced_lib>thread</forced_lib>
<forced_lib>time</forced_lib>
<forced_lib>wx</forced_lib>
<forced_lib>wxPython</forced_lib>
<forced_lib>xxsubtype</forced_lib>
<forced_lib>zipimport</forced_lib>
<forced_lib>zlib</forced_lib>
</xml>

!STACK 0
java.lang.RuntimeException: Information about process of adding new interpreter:
- Opening dialog to request executable (or jar).
- Chosen interpreter (name and file):'Tuple [Python3.3 -- /usr/local/bin/python3.3]
- Ok, file is non-null. Getting info on:/usr/local/bin/python3.3
- Beggining task:Getting libs totalWork:100
- Setting task name:Mounting executable string...
- Setting task name:Executing:  /usr/local/bin/python3.3 -u /home/anuja/eclipse/plugins/org.python.pydev_2.8.2.2013090511/pysrc/interpreterInfo.py
- Setting task name:Making pythonpath environment... /usr/local/bin/python3.3 -u /home/anuja/eclipse/plugins/org.python.pydev_2.8.2.2013090511/pysrc/interpreterInfo.py
- Setting task name:Making exec... /usr/local/bin/python3.3 -u /home/anuja/eclipse/plugins/org.python.pydev_2.8.2.2013090511/pysrc/interpreterInfo.py
- Setting task name:Reading output...
- Setting task name:Waiting for process to finish.
- Success getting the info. Result:<xml>
<name>Python3.3</name>
<version>3.3</version>
<executable>/usr/local/bin/python3.3</executable>
<lib>/usr/local/lib/python33.zip</lib>
<lib>/usr/local/lib/python3.3</lib>
<lib>/usr/local/lib/python3.3/plat-linux</lib>
<lib>/usr/local/lib/python3.3/lib-dynload</lib>
<lib>/usr/local/lib/python3.3/site-packages</lib>
<forced_lib>Image</forced_lib>
<forced_lib>OpenGL</forced_lib>
<forced_lib>_ast</forced_lib>
<forced_lib>_bisect</forced_lib>
<forced_lib>_bytesio</forced_lib>
<forced_lib>_codecs</forced_lib>
<forced_lib>_codecs_cn</forced_lib>
<forced_lib>_codecs_hk</forced_lib>
<forced_lib>_codecs_iso2022</forced_lib>
<forced_lib>_codecs_jp</forced_lib>
<forced_lib>_codecs_kr</forced_lib>
<forced_lib>_codecs_tw</forced_lib>
<forced_lib>_collections</forced_lib>
<forced_lib>_csv</forced_lib>
<forced_lib>_fileio</forced_lib>
<forced_lib>_functools</forced_lib>
<forced_lib>_heapq</forced_lib>
<forced_lib>_hotshot</forced_lib>
<forced_lib>_imp</forced_lib>
<forced_lib>_io</forced_lib>
<forced_lib>_json</forced_lib>
<forced_lib>_locale</forced_lib>
<forced_lib>_lsprof</forced_lib>
<forced_lib>_md5</forced_lib>
<forced_lib>_multibytecodec</forced_lib>
<forced_lib>_random</forced_lib>
<forced_lib>_sha</forced_lib>
<forced_lib>_sha256</forced_lib>
<forced_lib>_sha512</forced_lib>
<forced_lib>_sre</forced_lib>
<forced_lib>_string</forced_lib>
<forced_lib>_struct</forced_lib>
<forced_lib>_subprocess</forced_lib>
<forced_lib>_symtable</forced_lib>
<forced_lib>_thread</forced_lib>
<forced_lib>_warnings</forced_lib>
<forced_lib>_weakref</forced_lib>
<forced_lib>_winreg</forced_lib>
<forced_lib>array</forced_lib>
<forced_lib>audioop</forced_lib>
<forced_lib>binascii</forced_lib>
<forced_lib>builtins</forced_lib>
<forced_lib>cPickle</forced_lib>
<forced_lib>cStringIO</forced_lib>
<forced_lib>cmath</forced_lib>
<forced_lib>datetime</forced_lib>
<forced_lib>email</forced_lib>
<forced_lib>errno</forced_lib>
<forced_lib>exceptions</forced_lib>
<forced_lib>faulthandler</forced_lib>
<forced_lib>future_builtins</forced_lib>
<forced_lib>gc</forced_lib>
<forced_lib>hashlib</forced_lib>
<forced_lib>imageop</forced_lib>
<forced_lib>imp</forced_lib>
<forced_lib>itertools</forced_lib>
<forced_lib>marshal</forced_lib>
<forced_lib>math</forced_lib>
<forced_lib>mmap</forced_lib>
<forced_lib>msvcrt</forced_lib>
<forced_lib>nt</forced_lib>
<forced_lib>numpy</forced_lib>
<forced_lib>operator</forced_lib>
<forced_lib>os</forced_lib>
<forced_lib>os.path</forced_lib>
<forced_lib>parser</forced_lib>
<forced_lib>posix</forced_lib>
<forced_lib>pwd</forced_lib>
<forced_lib>pytest</forced_lib>
<forced_lib>scipy</forced_lib>
<forced_lib>signal</forced_lib>
<forced_lib>socket</forced_lib>
<forced_lib>strop</forced_lib>
<forced_lib>sys</forced_lib>
<forced_lib>thread</forced_lib>
<forced_lib>time</forced_lib>
<forced_lib>wx</forced_lib>
<forced_lib>wxPython</forced_lib>
<forced_lib>xxsubtype</forced_lib>
<forced_lib>zipimport</forced_lib>
<forced_lib>zlib</forced_lib>
</xml>

	at org.python.pydev.core.log.Log.logInfo(Log.java:63)
	at org.python.pydev.ui.pythonpathconf.AbstractInterpreterEditor.getNewInputObject(AbstractInterpreterEditor.java:939)
	at org.python.copiedfromeclipsesrc.PythonListEditor.addPressed(PythonListEditor.java:134)
	at org.python.copiedfromeclipsesrc.PythonListEditor$1.widgetSelected(PythonListEditor.java:224)
	at org.eclipse.swt.widgets.TypedListener.handleEvent(TypedListener.java:248)
	at org.eclipse.swt.widgets.EventTable.sendEvent(EventTable.java:84)
	at org.eclipse.swt.widgets.Widget.sendEvent(Widget.java:1276)
	at org.eclipse.swt.widgets.Display.runDeferredEvents(Display.java:3562)
	at org.eclipse.swt.widgets.Display.readAndDispatch(Display.java:3186)
	at org.eclipse.jface.window.Window.runEventLoop(Window.java:825)
	at org.eclipse.jface.window.Window.open(Window.java:801)
	at org.eclipse.ui.internal.dialogs.WorkbenchPreferenceDialog.open(WorkbenchPreferenceDialog.java:215)
	at org.python.pydev.ui.PyProjectPythonDetails$ProjectInterpreterAndGrammarConfig$2.widgetSelected(PyProjectPythonDetails.java:252)
	at org.eclipse.swt.widgets.TypedListener.handleEvent(TypedListener.java:248)
	at org.eclipse.swt.widgets.EventTable.sendEvent(EventTable.java:84)
	at org.eclipse.swt.widgets.Widget.sendEvent(Widget.java:1276)
	at org.eclipse.swt.widgets.Widget.sendEvent(Widget.java:1300)
	at org.eclipse.swt.widgets.Widget.sendSelectionEvent(Widget.java:1414)
	at org.eclipse.swt.widgets.Link.gtk_button_release_event(Link.java:339)
	at org.eclipse.swt.widgets.Widget.windowProc(Widget.java:1762)
	at org.eclipse.swt.widgets.Control.windowProc(Control.java:5116)
	at org.eclipse.swt.widgets.Display.windowProc(Display.java:4377)
	at org.eclipse.swt.internal.gtk.OS._gtk_main_do_event(Native Method)
	at org.eclipse.swt.internal.gtk.OS.gtk_main_do_event(OS.java:8317)
	at org.eclipse.swt.widgets.Display.eventProc(Display.java:1193)
	at org.eclipse.swt.internal.gtk.OS._g_main_context_iteration(Native Method)
	at org.eclipse.swt.internal.gtk.OS.g_main_context_iteration(OS.java:2342)
	at org.eclipse.swt.widgets.Display.readAndDispatch(Display.java:3184)
	at org.eclipse.jface.window.Window.runEventLoop(Window.java:825)
	at org.eclipse.jface.window.Window.open(Window.java:801)
	at org.eclipse.ui.actions.NewProjectAction.run(NewProjectAction.java:117)
	at org.eclipse.jface.action.Action.runWithEvent(Action.java:498)
	at org.eclipse.jface.action.ActionContributionItem.handleWidgetSelection(ActionContributionItem.java:584)
	at org.eclipse.jface.action.ActionContributionItem.access$2(ActionContributionItem.java:501)
	at org.eclipse.jface.action.ActionContributionItem$5.handleEvent(ActionContributionItem.java:411)
	at org.eclipse.swt.widgets.EventTable.sendEvent(EventTable.java:84)
	at org.eclipse.swt.widgets.Widget.sendEvent(Widget.java:1276)
	at org.eclipse.swt.widgets.Display.runDeferredEvents(Display.java:3562)
	at org.eclipse.swt.widgets.Display.readAndDispatch(Display.java:3186)
	at org.eclipse.e4.ui.internal.workbench.swt.PartRenderingEngine$9.run(PartRenderingEngine.java:1053)
	at org.eclipse.core.databinding.observable.Realm.runWithDefault(Realm.java:332)
	at org.eclipse.e4.ui.internal.workbench.swt.PartRenderingEngine.run(PartRenderingEngine.java:942)
	at org.eclipse.e4.ui.internal.workbench.E4Workbench.createAndRunUI(E4Workbench.java:86)
	at org.eclipse.ui.internal.Workbench$5.run(Workbench.java:588)
	at org.eclipse.core.databinding.observable.Realm.runWithDefault(Realm.java:332)
	at org.eclipse.ui.internal.Workbench.createAndRunWorkbench(Workbench.java:543)
	at org.eclipse.ui.PlatformUI.createAndRunWorkbench(PlatformUI.java:149)
	at org.eclipse.ui.internal.ide.application.IDEApplication.start(IDEApplication.java:124)
	at org.eclipse.equinox.internal.app.EclipseAppHandle.run(EclipseAppHandle.java:196)
	at org.eclipse.core.runtime.internal.adaptor.EclipseAppLauncher.runApplication(EclipseAppLauncher.java:110)
	at org.eclipse.core.runtime.internal.adaptor.EclipseAppLauncher.start(EclipseAppLauncher.java:79)
	at org.eclipse.core.runtime.adaptor.EclipseStarter.run(EclipseStarter.java:353)
	at org.eclipse.core.runtime.adaptor.EclipseStarter.run(EclipseStarter.java:180)
	at sun.reflect.NativeMethodAccessorImpl.invoke0(Native Method)
	at sun.reflect.NativeMethodAccessorImpl.invoke(NativeMethodAccessorImpl.java:57)
	at sun.reflect.DelegatingMethodAccessorImpl.invoke(DelegatingMethodAccessorImpl.java:43)
	at java.lang.reflect.Method.invoke(Method.java:622)
	at org.eclipse.equinox.launcher.Main.invokeFramework(Main.java:629)
	at org.eclipse.equinox.launcher.Main.basicRun(Main.java:584)
	at org.eclipse.equinox.launcher.Main.run(Main.java:1438)
	at org.eclipse.equinox.launcher.Main.main(Main.java:1414)

!ENTRY org.python.pydev.shared_core 1 1 2014-04-15 01:06:13.499
!MESSAGE Restoring info for: /usr/local/bin/python3.3
!STACK 0
java.lang.RuntimeException: Restoring info for: /usr/local/bin/python3.3
	at org.python.pydev.ui.interpreters.AbstractInterpreterManager.getInterpretersFromPersistedString(AbstractInterpreterManager.java:499)
	at org.python.pydev.ui.interpreters.AbstractInterpreterManager.internalRecreateCacheGetInterpreterInfos(AbstractInterpreterManager.java:332)
	at org.python.pydev.ui.interpreters.AbstractInterpreterManager.setInfos(AbstractInterpreterManager.java:622)
	at org.python.pydev.ui.pythonpathconf.AbstractInterpreterPreferencesPage$3.run(AbstractInterpreterPreferencesPage.java:255)
	at org.eclipse.jface.operation.ModalContext$ModalContextThread.run(ModalContext.java:121)
Caused by: java.io.IOException: Expecting: /myDocuments/DynamicGraph/.metadata/.plugins/org.python.pydev/v1_a3ej8bh9qrvn9hm8d4j7ritc3/modulesKeys to exist (and be a file).
	at org.python.pydev.editor.codecompletion.revisited.ModulesManager.loadFromFile(ModulesManager.java:266)
	at org.python.pydev.editor.codecompletion.revisited.SystemModulesManager.load(SystemModulesManager.java:360)
	at org.python.pydev.ui.interpreters.AbstractInterpreterManager.getInterpretersFromPersistedString(AbstractInterpreterManager.java:497)
	... 4 more

!ENTRY org.python.pydev.shared_core 1 1 2014-04-15 01:06:13.964
!MESSAGE Finished restoring information for: /usr/local/bin/python3.3 at: /myDocuments/DynamicGraph/.metadata/.plugins/org.python.pydev/v1_a3ej8bh9qrvn9hm8d4j7ritc3
!STACK 0
java.lang.RuntimeException: Finished restoring information for: /usr/local/bin/python3.3 at: /myDocuments/DynamicGraph/.metadata/.plugins/org.python.pydev/v1_a3ej8bh9qrvn9hm8d4j7ritc3
	at org.python.pydev.core.log.Log.logInfo(Log.java:63)
	at org.python.pydev.ui.interpreters.AbstractInterpreterManager.getInterpretersFromPersistedString(AbstractInterpreterManager.java:544)
	at org.python.pydev.ui.interpreters.AbstractInterpreterManager.internalRecreateCacheGetInterpreterInfos(AbstractInterpreterManager.java:332)
	at org.python.pydev.ui.interpreters.AbstractInterpreterManager.setInfos(AbstractInterpreterManager.java:622)
	at org.python.pydev.ui.pythonpathconf.AbstractInterpreterPreferencesPage$3.run(AbstractInterpreterPreferencesPage.java:255)
	at org.eclipse.jface.operation.ModalContext$ModalContextThread.run(ModalContext.java:121)

!ENTRY org.python.pydev.shared_core 4 4 2014-04-15 01:06:14.307
!MESSAGE Info: Rebuilding internal caches: /myDocuments/DynamicGraph/.metadata/.plugins/com.python.pydev.analysis/python_v1_a3ej8bh9qrvn9hm8d4j7ritc3/python.pydevsysteminfo (Expected error to be provided and got no error!)

!ENTRY org.python.pydev.shared_core 4 4 2014-04-15 01:06:16.835
!MESSAGE Problem parsing the file :/usr/local/lib/python3.3/site-packages/simplejson/__init__.py.
!STACK 0
java.io.FileNotFoundException: /usr/local/lib/python3.3/site-packages/simplejson/__init__.py (Permission denied)
	at java.io.FileInputStream.open(Native Method)
	at java.io.FileInputStream.<init>(FileInputStream.java:140)
	at org.python.pydev.core.FileUtilsFileBuffer.getCustomReturnFromFile(FileUtilsFileBuffer.java:159)
	at com.python.pydev.analysis.additionalinfo.AbstractAdditionalTokensInfo.addAstInfo(AbstractAdditionalTokensInfo.java:280)
	at com.python.pydev.analysis.additionalinfo.AbstractAdditionalInfoWithBuild.restoreInfoForModuleManager(AbstractAdditionalInfoWithBuild.java:250)
	at com.python.pydev.analysis.additionalinfo.AdditionalSystemInterpreterInfo.recreateAllInfo(AdditionalSystemInterpreterInfo.java:158)
	at com.python.pydev.analysis.additionalinfo.AdditionalSystemInterpreterInfo.getAdditionalSystemInfo(AdditionalSystemInterpreterInfo.java:134)
	at com.python.pydev.analysis.additionalinfo.AdditionalSystemInterpreterInfo.getAdditionalSystemInfo(AdditionalSystemInterpreterInfo.java:103)
	at com.python.pydev.analysis.additionalinfo.AdditionalSystemInterpreterInfo.recreateAllInfo(AdditionalSystemInterpreterInfo.java:150)
	at com.python.pydev.analysis.additionalinfo.builders.InterpreterObserver.notifyDefaultPythonpathRestored(InterpreterObserver.java:23)
	at org.python.pydev.ui.interpreters.AbstractInterpreterManager.restorePythopathForInterpreters(AbstractInterpreterManager.java:685)
	at org.python.pydev.ui.interpreters.AbstractInterpreterManager.setInfos(AbstractInterpreterManager.java:624)
	at org.python.pydev.ui.pythonpathconf.AbstractInterpreterPreferencesPage$3.run(AbstractInterpreterPreferencesPage.java:255)
	at org.eclipse.jface.operation.ModalContext$ModalContextThread.run(ModalContext.java:121)

!ENTRY org.python.pydev.shared_core 4 4 2014-04-15 01:06:16.837
!MESSAGE Problem parsing the file :/usr/local/lib/python3.3/site-packages/simplejson/compat.py.
!STACK 0
java.io.FileNotFoundException: /usr/local/lib/python3.3/site-packages/simplejson/compat.py (Permission denied)
	at java.io.FileInputStream.open(Native Method)
	at java.io.FileInputStream.<init>(FileInputStream.java:140)
	at org.python.pydev.core.FileUtilsFileBuffer.getCustomReturnFromFile(FileUtilsFileBuffer.java:159)
	at com.python.pydev.analysis.additionalinfo.AbstractAdditionalTokensInfo.addAstInfo(AbstractAdditionalTokensInfo.java:280)
	at com.python.pydev.analysis.additionalinfo.AbstractAdditionalInfoWithBuild.restoreInfoForModuleManager(AbstractAdditionalInfoWithBuild.java:250)
	at com.python.pydev.analysis.additionalinfo.AdditionalSystemInterpreterInfo.recreateAllInfo(AdditionalSystemInterpreterInfo.java:158)
	at com.python.pydev.analysis.additionalinfo.AdditionalSystemInterpreterInfo.getAdditionalSystemInfo(AdditionalSystemInterpreterInfo.java:134)
	at com.python.pydev.analysis.additionalinfo.AdditionalSystemInterpreterInfo.getAdditionalSystemInfo(AdditionalSystemInterpreterInfo.java:103)
	at com.python.pydev.analysis.additionalinfo.AdditionalSystemInterpreterInfo.recreateAllInfo(AdditionalSystemInterpreterInfo.java:150)
	at com.python.pydev.analysis.additionalinfo.builders.InterpreterObserver.notifyDefaultPythonpathRestored(InterpreterObserver.java:23)
	at org.python.pydev.ui.interpreters.AbstractInterpreterManager.restorePythopathForInterpreters(AbstractInterpreterManager.java:685)
	at org.python.pydev.ui.interpreters.AbstractInterpreterManager.setInfos(AbstractInterpreterManager.java:624)
	at org.python.pydev.ui.pythonpathconf.AbstractInterpreterPreferencesPage$3.run(AbstractInterpreterPreferencesPage.java:255)
	at org.eclipse.jface.operation.ModalContext$ModalContextThread.run(ModalContext.java:121)

!ENTRY org.python.pydev.shared_core 4 4 2014-04-15 01:06:16.837
!MESSAGE Problem parsing the file :/usr/local/lib/python3.3/site-packages/simplejson/decoder.py.
!STACK 0
java.io.FileNotFoundException: /usr/local/lib/python3.3/site-packages/simplejson/decoder.py (Permission denied)
	at java.io.FileInputStream.open(Native Method)
	at java.io.FileInputStream.<init>(FileInputStream.java:140)
	at org.python.pydev.core.FileUtilsFileBuffer.getCustomReturnFromFile(FileUtilsFileBuffer.java:159)
	at com.python.pydev.analysis.additionalinfo.AbstractAdditionalTokensInfo.addAstInfo(AbstractAdditionalTokensInfo.java:280)
	at com.python.pydev.analysis.additionalinfo.AbstractAdditionalInfoWithBuild.restoreInfoForModuleManager(AbstractAdditionalInfoWithBuild.java:250)
	at com.python.pydev.analysis.additionalinfo.AdditionalSystemInterpreterInfo.recreateAllInfo(AdditionalSystemInterpreterInfo.java:158)
	at com.python.pydev.analysis.additionalinfo.AdditionalSystemInterpreterInfo.getAdditionalSystemInfo(AdditionalSystemInterpreterInfo.java:134)
	at com.python.pydev.analysis.additionalinfo.AdditionalSystemInterpreterInfo.getAdditionalSystemInfo(AdditionalSystemInterpreterInfo.java:103)
	at com.python.pydev.analysis.additionalinfo.AdditionalSystemInterpreterInfo.recreateAllInfo(AdditionalSystemInterpreterInfo.java:150)
	at com.python.pydev.analysis.additionalinfo.builders.InterpreterObserver.notifyDefaultPythonpathRestored(InterpreterObserver.java:23)
	at org.python.pydev.ui.interpreters.AbstractInterpreterManager.restorePythopathForInterpreters(AbstractInterpreterManager.java:685)
	at org.python.pydev.ui.interpreters.AbstractInterpreterManager.setInfos(AbstractInterpreterManager.java:624)
	at org.python.pydev.ui.pythonpathconf.AbstractInterpreterPreferencesPage$3.run(AbstractInterpreterPreferencesPage.java:255)
	at org.eclipse.jface.operation.ModalContext$ModalContextThread.run(ModalContext.java:121)

!ENTRY org.python.pydev.shared_core 4 4 2014-04-15 01:06:16.838
!MESSAGE Problem parsing the file :/usr/local/lib/python3.3/site-packages/simplejson/encoder.py.
!STACK 0
java.io.FileNotFoundException: /usr/local/lib/python3.3/site-packages/simplejson/encoder.py (Permission denied)
	at java.io.FileInputStream.open(Native Method)
	at java.io.FileInputStream.<init>(FileInputStream.java:140)
	at org.python.pydev.core.FileUtilsFileBuffer.getCustomReturnFromFile(FileUtilsFileBuffer.java:159)
	at com.python.pydev.analysis.additionalinfo.AbstractAdditionalTokensInfo.addAstInfo(AbstractAdditionalTokensInfo.java:280)
	at com.python.pydev.analysis.additionalinfo.AbstractAdditionalInfoWithBuild.restoreInfoForModuleManager(AbstractAdditionalInfoWithBuild.java:250)
	at com.python.pydev.analysis.additionalinfo.AdditionalSystemInterpreterInfo.recreateAllInfo(AdditionalSystemInterpreterInfo.java:158)
	at com.python.pydev.analysis.additionalinfo.AdditionalSystemInterpreterInfo.getAdditionalSystemInfo(AdditionalSystemInterpreterInfo.java:134)
	at com.python.pydev.analysis.additionalinfo.AdditionalSystemInterpreterInfo.getAdditionalSystemInfo(AdditionalSystemInterpreterInfo.java:103)
	at com.python.pydev.analysis.additionalinfo.AdditionalSystemInterpreterInfo.recreateAllInfo(AdditionalSystemInterpreterInfo.java:150)
	at com.python.pydev.analysis.additionalinfo.builders.InterpreterObserver.notifyDefaultPythonpathRestored(InterpreterObserver.java:23)
	at org.python.pydev.ui.interpreters.AbstractInterpreterManager.restorePythopathForInterpreters(AbstractInterpreterManager.java:685)
	at org.python.pydev.ui.interpreters.AbstractInterpreterManager.setInfos(AbstractInterpreterManager.java:624)
	at org.python.pydev.ui.pythonpathconf.AbstractInterpreterPreferencesPage$3.run(AbstractInterpreterPreferencesPage.java:255)
	at org.eclipse.jface.operation.ModalContext$ModalContextThread.run(ModalContext.java:121)

!ENTRY org.python.pydev.shared_core 4 4 2014-04-15 01:06:16.840
!MESSAGE Problem parsing the file :/usr/local/lib/python3.3/site-packages/simplejson/ordered_dict.py.
!STACK 0
java.io.FileNotFoundException: /usr/local/lib/python3.3/site-packages/simplejson/ordered_dict.py (Permission denied)
	at java.io.FileInputStream.open(Native Method)
	at java.io.FileInputStream.<init>(FileInputStream.java:140)
	at org.python.pydev.core.FileUtilsFileBuffer.getCustomReturnFromFile(FileUtilsFileBuffer.java:159)
	at com.python.pydev.analysis.additionalinfo.AbstractAdditionalTokensInfo.addAstInfo(AbstractAdditionalTokensInfo.java:280)
	at com.python.pydev.analysis.additionalinfo.AbstractAdditionalInfoWithBuild.restoreInfoForModuleManager(AbstractAdditionalInfoWithBuild.java:250)
	at com.python.pydev.analysis.additionalinfo.AdditionalSystemInterpreterInfo.recreateAllInfo(AdditionalSystemInterpreterInfo.java:158)
	at com.python.pydev.analysis.additionalinfo.AdditionalSystemInterpreterInfo.getAdditionalSystemInfo(AdditionalSystemInterpreterInfo.java:134)
	at com.python.pydev.analysis.additionalinfo.AdditionalSystemInterpreterInfo.getAdditionalSystemInfo(AdditionalSystemInterpreterInfo.java:103)
	at com.python.pydev.analysis.additionalinfo.AdditionalSystemInterpreterInfo.recreateAllInfo(AdditionalSystemInterpreterInfo.java:150)
	at com.python.pydev.analysis.additionalinfo.builders.InterpreterObserver.notifyDefaultPythonpathRestored(InterpreterObserver.java:23)
	at org.python.pydev.ui.interpreters.AbstractInterpreterManager.restorePythopathForInterpreters(AbstractInterpreterManager.java:685)
	at org.python.pydev.ui.interpreters.AbstractInterpreterManager.setInfos(AbstractInterpreterManager.java:624)
	at org.python.pydev.ui.pythonpathconf.AbstractInterpreterPreferencesPage$3.run(AbstractInterpreterPreferencesPage.java:255)
	at org.eclipse.jface.operation.ModalContext$ModalContextThread.run(ModalContext.java:121)

!ENTRY org.python.pydev.shared_core 4 4 2014-04-15 01:06:16.840
!MESSAGE Problem parsing the file :/usr/local/lib/python3.3/site-packages/simplejson/scanner.py.
!STACK 0
java.io.FileNotFoundException: /usr/local/lib/python3.3/site-packages/simplejson/scanner.py (Permission denied)
	at java.io.FileInputStream.open(Native Method)
	at java.io.FileInputStream.<init>(FileInputStream.java:140)
	at org.python.pydev.core.FileUtilsFileBuffer.getCustomReturnFromFile(FileUtilsFileBuffer.java:159)
	at com.python.pydev.analysis.additionalinfo.AbstractAdditionalTokensInfo.addAstInfo(AbstractAdditionalTokensInfo.java:280)
	at com.python.pydev.analysis.additionalinfo.AbstractAdditionalInfoWithBuild.restoreInfoForModuleManager(AbstractAdditionalInfoWithBuild.java:250)
	at com.python.pydev.analysis.additionalinfo.AdditionalSystemInterpreterInfo.recreateAllInfo(AdditionalSystemInterpreterInfo.java:158)
	at com.python.pydev.analysis.additionalinfo.AdditionalSystemInterpreterInfo.getAdditionalSystemInfo(AdditionalSystemInterpreterInfo.java:134)
	at com.python.pydev.analysis.additionalinfo.AdditionalSystemInterpreterInfo.getAdditionalSystemInfo(AdditionalSystemInterpreterInfo.java:103)
	at com.python.pydev.analysis.additionalinfo.AdditionalSystemInterpreterInfo.recreateAllInfo(AdditionalSystemInterpreterInfo.java:150)
	at com.python.pydev.analysis.additionalinfo.builders.InterpreterObserver.notifyDefaultPythonpathRestored(InterpreterObserver.java:23)
	at org.python.pydev.ui.interpreters.AbstractInterpreterManager.restorePythopathForInterpreters(AbstractInterpreterManager.java:685)
	at org.python.pydev.ui.interpreters.AbstractInterpreterManager.setInfos(AbstractInterpreterManager.java:624)
	at org.python.pydev.ui.pythonpathconf.AbstractInterpreterPreferencesPage$3.run(AbstractInterpreterPreferencesPage.java:255)
	at org.eclipse.jface.operation.ModalContext$ModalContextThread.run(ModalContext.java:121)

!ENTRY org.python.pydev.shared_core 4 4 2014-04-15 01:06:16.841
!MESSAGE Problem parsing the file :/usr/local/lib/python3.3/site-packages/simplejson/tests/__init__.py.
!STACK 0
java.io.FileNotFoundException: /usr/local/lib/python3.3/site-packages/simplejson/tests/__init__.py (Permission denied)
	at java.io.FileInputStream.open(Native Method)
	at java.io.FileInputStream.<init>(FileInputStream.java:140)
	at org.python.pydev.core.FileUtilsFileBuffer.getCustomReturnFromFile(FileUtilsFileBuffer.java:159)
	at com.python.pydev.analysis.additionalinfo.AbstractAdditionalTokensInfo.addAstInfo(AbstractAdditionalTokensInfo.java:280)
	at com.python.pydev.analysis.additionalinfo.AbstractAdditionalInfoWithBuild.restoreInfoForModuleManager(AbstractAdditionalInfoWithBuild.java:250)
	at com.python.pydev.analysis.additionalinfo.AdditionalSystemInterpreterInfo.recreateAllInfo(AdditionalSystemInterpreterInfo.java:158)
	at com.python.pydev.analysis.additionalinfo.AdditionalSystemInterpreterInfo.getAdditionalSystemInfo(AdditionalSystemInterpreterInfo.java:134)
	at com.python.pydev.analysis.additionalinfo.AdditionalSystemInterpreterInfo.getAdditionalSystemInfo(AdditionalSystemInterpreterInfo.java:103)
	at com.python.pydev.analysis.additionalinfo.AdditionalSystemInterpreterInfo.recreateAllInfo(AdditionalSystemInterpreterInfo.java:150)
	at com.python.pydev.analysis.additionalinfo.builders.InterpreterObserver.notifyDefaultPythonpathRestored(InterpreterObserver.java:23)
	at org.python.pydev.ui.interpreters.AbstractInterpreterManager.restorePythopathForInterpreters(AbstractInterpreterManager.java:685)
	at org.python.pydev.ui.interpreters.AbstractInterpreterManager.setInfos(AbstractInterpreterManager.java:624)
	at org.python.pydev.ui.pythonpathconf.AbstractInterpreterPreferencesPage$3.run(AbstractInterpreterPreferencesPage.java:255)
	at org.eclipse.jface.operation.ModalContext$ModalContextThread.run(ModalContext.java:121)

!ENTRY org.python.pydev.shared_core 4 4 2014-04-15 01:06:16.842
!MESSAGE Problem parsing the file :/usr/local/lib/python3.3/site-packages/simplejson/tests/test_bigint_as_string.py.
!STACK 0
java.io.FileNotFoundException: /usr/local/lib/python3.3/site-packages/simplejson/tests/test_bigint_as_string.py (Permission denied)
	at java.io.FileInputStream.open(Native Method)
	at java.io.FileInputStream.<init>(FileInputStream.java:140)
	at org.python.pydev.core.FileUtilsFileBuffer.getCustomReturnFromFile(FileUtilsFileBuffer.java:159)
	at com.python.pydev.analysis.additionalinfo.AbstractAdditionalTokensInfo.addAstInfo(AbstractAdditionalTokensInfo.java:280)
	at com.python.pydev.analysis.additionalinfo.AbstractAdditionalInfoWithBuild.restoreInfoForModuleManager(AbstractAdditionalInfoWithBuild.java:250)
	at com.python.pydev.analysis.additionalinfo.AdditionalSystemInterpreterInfo.recreateAllInfo(AdditionalSystemInterpreterInfo.java:158)
	at com.python.pydev.analysis.additionalinfo.AdditionalSystemInterpreterInfo.getAdditionalSystemInfo(AdditionalSystemInterpreterInfo.java:134)
	at com.python.pydev.analysis.additionalinfo.AdditionalSystemInterpreterInfo.getAdditionalSystemInfo(AdditionalSystemInterpreterInfo.java:103)
	at com.python.pydev.analysis.additionalinfo.AdditionalSystemInterpreterInfo.recreateAllInfo(AdditionalSystemInterpreterInfo.java:150)
	at com.python.pydev.analysis.additionalinfo.builders.InterpreterObserver.notifyDefaultPythonpathRestored(InterpreterObserver.java:23)
	at org.python.pydev.ui.interpreters.AbstractInterpreterManager.restorePythopathForInterpreters(AbstractInterpreterManager.java:685)
	at org.python.pydev.ui.interpreters.AbstractInterpreterManager.setInfos(AbstractInterpreterManager.java:624)
	at org.python.pydev.ui.pythonpathconf.AbstractInterpreterPreferencesPage$3.run(AbstractInterpreterPreferencesPage.java:255)
	at org.eclipse.jface.operation.ModalContext$ModalContextThread.run(ModalContext.java:121)

!ENTRY org.python.pydev.shared_core 4 4 2014-04-15 01:06:16.843
!MESSAGE Problem parsing the file :/usr/local/lib/python3.3/site-packages/simplejson/tests/test_check_circular.py.
!STACK 0
java.io.FileNotFoundException: /usr/local/lib/python3.3/site-packages/simplejson/tests/test_check_circular.py (Permission denied)
	at java.io.FileInputStream.open(Native Method)
	at java.io.FileInputStream.<init>(FileInputStream.java:140)
	at org.python.pydev.core.FileUtilsFileBuffer.getCustomReturnFromFile(FileUtilsFileBuffer.java:159)
	at com.python.pydev.analysis.additionalinfo.AbstractAdditionalTokensInfo.addAstInfo(AbstractAdditionalTokensInfo.java:280)
	at com.python.pydev.analysis.additionalinfo.AbstractAdditionalInfoWithBuild.restoreInfoForModuleManager(AbstractAdditionalInfoWithBuild.java:250)
	at com.python.pydev.analysis.additionalinfo.AdditionalSystemInterpreterInfo.recreateAllInfo(AdditionalSystemInterpreterInfo.java:158)
	at com.python.pydev.analysis.additionalinfo.AdditionalSystemInterpreterInfo.getAdditionalSystemInfo(AdditionalSystemInterpreterInfo.java:134)
	at com.python.pydev.analysis.additionalinfo.AdditionalSystemInterpreterInfo.getAdditionalSystemInfo(AdditionalSystemInterpreterInfo.java:103)
	at com.python.pydev.analysis.additionalinfo.AdditionalSystemInterpreterInfo.recreateAllInfo(AdditionalSystemInterpreterInfo.java:150)
	at com.python.pydev.analysis.additionalinfo.builders.InterpreterObserver.notifyDefaultPythonpathRestored(InterpreterObserver.java:23)
	at org.python.pydev.ui.interpreters.AbstractInterpreterManager.restorePythopathForInterpreters(AbstractInterpreterManager.java:685)
	at org.python.pydev.ui.interpreters.AbstractInterpreterManager.setInfos(AbstractInterpreterManager.java:624)
	at org.python.pydev.ui.pythonpathconf.AbstractInterpreterPreferencesPage$3.run(AbstractInterpreterPreferencesPage.java:255)
	at org.eclipse.jface.operation.ModalContext$ModalContextThread.run(ModalContext.java:121)

!ENTRY org.python.pydev.shared_core 4 4 2014-04-15 01:06:16.844
!MESSAGE Problem parsing the file :/usr/local/lib/python3.3/site-packages/simplejson/tests/test_decimal.py.
!STACK 0
java.io.FileNotFoundException: /usr/local/lib/python3.3/site-packages/simplejson/tests/test_decimal.py (Permission denied)
	at java.io.FileInputStream.open(Native Method)
	at java.io.FileInputStream.<init>(FileInputStream.java:140)
	at org.python.pydev.core.FileUtilsFileBuffer.getCustomReturnFromFile(FileUtilsFileBuffer.java:159)
	at com.python.pydev.analysis.additionalinfo.AbstractAdditionalTokensInfo.addAstInfo(AbstractAdditionalTokensInfo.java:280)
	at com.python.pydev.analysis.additionalinfo.AbstractAdditionalInfoWithBuild.restoreInfoForModuleManager(AbstractAdditionalInfoWithBuild.java:250)
	at com.python.pydev.analysis.additionalinfo.AdditionalSystemInterpreterInfo.recreateAllInfo(AdditionalSystemInterpreterInfo.java:158)
	at com.python.pydev.analysis.additionalinfo.AdditionalSystemInterpreterInfo.getAdditionalSystemInfo(AdditionalSystemInterpreterInfo.java:134)
	at com.python.pydev.analysis.additionalinfo.AdditionalSystemInterpreterInfo.getAdditionalSystemInfo(AdditionalSystemInterpreterInfo.java:103)
	at com.python.pydev.analysis.additionalinfo.AdditionalSystemInterpreterInfo.recreateAllInfo(AdditionalSystemInterpreterInfo.java:150)
	at com.python.pydev.analysis.additionalinfo.builders.InterpreterObserver.notifyDefaultPythonpathRestored(InterpreterObserver.java:23)
	at org.python.pydev.ui.interpreters.AbstractInterpreterManager.restorePythopathForInterpreters(AbstractInterpreterManager.java:685)
	at org.python.pydev.ui.interpreters.AbstractInterpreterManager.setInfos(AbstractInterpreterManager.java:624)
	at org.python.pydev.ui.pythonpathconf.AbstractInterpreterPreferencesPage$3.run(AbstractInterpreterPreferencesPage.java:255)
	at org.eclipse.jface.operation.ModalContext$ModalContextThread.run(ModalContext.java:121)

!ENTRY org.python.pydev.shared_core 4 4 2014-04-15 01:06:16.845
!MESSAGE Problem parsing the file :/usr/local/lib/python3.3/site-packages/simplejson/tests/test_decode.py.
!STACK 0
java.io.FileNotFoundException: /usr/local/lib/python3.3/site-packages/simplejson/tests/test_decode.py (Permission denied)
	at java.io.FileInputStream.open(Native Method)
	at java.io.FileInputStream.<init>(FileInputStream.java:140)
	at org.python.pydev.core.FileUtilsFileBuffer.getCustomReturnFromFile(FileUtilsFileBuffer.java:159)
	at com.python.pydev.analysis.additionalinfo.AbstractAdditionalTokensInfo.addAstInfo(AbstractAdditionalTokensInfo.java:280)
	at com.python.pydev.analysis.additionalinfo.AbstractAdditionalInfoWithBuild.restoreInfoForModuleManager(AbstractAdditionalInfoWithBuild.java:250)
	at com.python.pydev.analysis.additionalinfo.AdditionalSystemInterpreterInfo.recreateAllInfo(AdditionalSystemInterpreterInfo.java:158)
	at com.python.pydev.analysis.additionalinfo.AdditionalSystemInterpreterInfo.getAdditionalSystemInfo(AdditionalSystemInterpreterInfo.java:134)
	at com.python.pydev.analysis.additionalinfo.AdditionalSystemInterpreterInfo.getAdditionalSystemInfo(AdditionalSystemInterpreterInfo.java:103)
	at com.python.pydev.analysis.additionalinfo.AdditionalSystemInterpreterInfo.recreateAllInfo(AdditionalSystemInterpreterInfo.java:150)
	at com.python.pydev.analysis.additionalinfo.builders.InterpreterObserver.notifyDefaultPythonpathRestored(InterpreterObserver.java:23)
	at org.python.pydev.ui.interpreters.AbstractInterpreterManager.restorePythopathForInterpreters(AbstractInterpreterManager.java:685)
	at org.python.pydev.ui.interpreters.AbstractInterpreterManager.setInfos(AbstractInterpreterManager.java:624)
	at org.python.pydev.ui.pythonpathconf.AbstractInterpreterPreferencesPage$3.run(AbstractInterpreterPreferencesPage.java:255)
	at org.eclipse.jface.operation.ModalContext$ModalContextThread.run(ModalContext.java:121)

!ENTRY org.python.pydev.shared_core 4 4 2014-04-15 01:06:16.846
!MESSAGE Problem parsing the file :/usr/local/lib/python3.3/site-packages/simplejson/tests/test_default.py.
!STACK 0
java.io.FileNotFoundException: /usr/local/lib/python3.3/site-packages/simplejson/tests/test_default.py (Permission denied)
	at java.io.FileInputStream.open(Native Method)
	at java.io.FileInputStream.<init>(FileInputStream.java:140)
	at org.python.pydev.core.FileUtilsFileBuffer.getCustomReturnFromFile(FileUtilsFileBuffer.java:159)
	at com.python.pydev.analysis.additionalinfo.AbstractAdditionalTokensInfo.addAstInfo(AbstractAdditionalTokensInfo.java:280)
	at com.python.pydev.analysis.additionalinfo.AbstractAdditionalInfoWithBuild.restoreInfoForModuleManager(AbstractAdditionalInfoWithBuild.java:250)
	at com.python.pydev.analysis.additionalinfo.AdditionalSystemInterpreterInfo.recreateAllInfo(AdditionalSystemInterpreterInfo.java:158)
	at com.python.pydev.analysis.additionalinfo.AdditionalSystemInterpreterInfo.getAdditionalSystemInfo(AdditionalSystemInterpreterInfo.java:134)
	at com.python.pydev.analysis.additionalinfo.AdditionalSystemInterpreterInfo.getAdditionalSystemInfo(AdditionalSystemInterpreterInfo.java:103)
	at com.python.pydev.analysis.additionalinfo.AdditionalSystemInterpreterInfo.recreateAllInfo(AdditionalSystemInterpreterInfo.java:150)
	at com.python.pydev.analysis.additionalinfo.builders.InterpreterObserver.notifyDefaultPythonpathRestored(InterpreterObserver.java:23)
	at org.python.pydev.ui.interpreters.AbstractInterpreterManager.restorePythopathForInterpreters(AbstractInterpreterManager.java:685)
	at org.python.pydev.ui.interpreters.AbstractInterpreterManager.setInfos(AbstractInterpreterManager.java:624)
	at org.python.pydev.ui.pythonpathconf.AbstractInterpreterPreferencesPage$3.run(AbstractInterpreterPreferencesPage.java:255)
	at org.eclipse.jface.operation.ModalContext$ModalContextThread.run(ModalContext.java:121)

!ENTRY org.python.pydev.shared_core 4 4 2014-04-15 01:06:16.846
!MESSAGE Problem parsing the file :/usr/local/lib/python3.3/site-packages/simplejson/tests/test_dump.py.
!STACK 0
java.io.FileNotFoundException: /usr/local/lib/python3.3/site-packages/simplejson/tests/test_dump.py (Permission denied)
	at java.io.FileInputStream.open(Native Method)
	at java.io.FileInputStream.<init>(FileInputStream.java:140)
	at org.python.pydev.core.FileUtilsFileBuffer.getCustomReturnFromFile(FileUtilsFileBuffer.java:159)
	at com.python.pydev.analysis.additionalinfo.AbstractAdditionalTokensInfo.addAstInfo(AbstractAdditionalTokensInfo.java:280)
	at com.python.pydev.analysis.additionalinfo.AbstractAdditionalInfoWithBuild.restoreInfoForModuleManager(AbstractAdditionalInfoWithBuild.java:250)
	at com.python.pydev.analysis.additionalinfo.AdditionalSystemInterpreterInfo.recreateAllInfo(AdditionalSystemInterpreterInfo.java:158)
	at com.python.pydev.analysis.additionalinfo.AdditionalSystemInterpreterInfo.getAdditionalSystemInfo(AdditionalSystemInterpreterInfo.java:134)
	at com.python.pydev.analysis.additionalinfo.AdditionalSystemInterpreterInfo.getAdditionalSystemInfo(AdditionalSystemInterpreterInfo.java:103)
	at com.python.pydev.analysis.additionalinfo.AdditionalSystemInterpreterInfo.recreateAllInfo(AdditionalSystemInterpreterInfo.java:150)
	at com.python.pydev.analysis.additionalinfo.builders.InterpreterObserver.notifyDefaultPythonpathRestored(InterpreterObserver.java:23)
	at org.python.pydev.ui.interpreters.AbstractInterpreterManager.restorePythopathForInterpreters(AbstractInterpreterManager.java:685)
	at org.python.pydev.ui.interpreters.AbstractInterpreterManager.setInfos(AbstractInterpreterManager.java:624)
	at org.python.pydev.ui.pythonpathconf.AbstractInterpreterPreferencesPage$3.run(AbstractInterpreterPreferencesPage.java:255)
	at org.eclipse.jface.operation.ModalContext$ModalContextThread.run(ModalContext.java:121)

!ENTRY org.python.pydev.shared_core 4 4 2014-04-15 01:06:16.847
!MESSAGE Problem parsing the file :/usr/local/lib/python3.3/site-packages/simplejson/tests/test_encode_basestring_ascii.py.
!STACK 0
java.io.FileNotFoundException: /usr/local/lib/python3.3/site-packages/simplejson/tests/test_encode_basestring_ascii.py (Permission denied)
	at java.io.FileInputStream.open(Native Method)
	at java.io.FileInputStream.<init>(FileInputStream.java:140)
	at org.python.pydev.core.FileUtilsFileBuffer.getCustomReturnFromFile(FileUtilsFileBuffer.java:159)
	at com.python.pydev.analysis.additionalinfo.AbstractAdditionalTokensInfo.addAstInfo(AbstractAdditionalTokensInfo.java:280)
	at com.python.pydev.analysis.additionalinfo.AbstractAdditionalInfoWithBuild.restoreInfoForModuleManager(AbstractAdditionalInfoWithBuild.java:250)
	at com.python.pydev.analysis.additionalinfo.AdditionalSystemInterpreterInfo.recreateAllInfo(AdditionalSystemInterpreterInfo.java:158)
	at com.python.pydev.analysis.additionalinfo.AdditionalSystemInterpreterInfo.getAdditionalSystemInfo(AdditionalSystemInterpreterInfo.java:134)
	at com.python.pydev.analysis.additionalinfo.AdditionalSystemInterpreterInfo.getAdditionalSystemInfo(AdditionalSystemInterpreterInfo.java:103)
	at com.python.pydev.analysis.additionalinfo.AdditionalSystemInterpreterInfo.recreateAllInfo(AdditionalSystemInterpreterInfo.java:150)
	at com.python.pydev.analysis.additionalinfo.builders.InterpreterObserver.notifyDefaultPythonpathRestored(InterpreterObserver.java:23)
	at org.python.pydev.ui.interpreters.AbstractInterpreterManager.restorePythopathForInterpreters(AbstractInterpreterManager.java:685)
	at org.python.pydev.ui.interpreters.AbstractInterpreterManager.setInfos(AbstractInterpreterManager.java:624)
	at org.python.pydev.ui.pythonpathconf.AbstractInterpreterPreferencesPage$3.run(AbstractInterpreterPreferencesPage.java:255)
	at org.eclipse.jface.operation.ModalContext$ModalContextThread.run(ModalContext.java:121)

!ENTRY org.python.pydev.shared_core 4 4 2014-04-15 01:06:16.848
!MESSAGE Problem parsing the file :/usr/local/lib/python3.3/site-packages/simplejson/tests/test_encode_for_html.py.
!STACK 0
java.io.FileNotFoundException: /usr/local/lib/python3.3/site-packages/simplejson/tests/test_encode_for_html.py (Permission denied)
	at java.io.FileInputStream.open(Native Method)
	at java.io.FileInputStream.<init>(FileInputStream.java:140)
	at org.python.pydev.core.FileUtilsFileBuffer.getCustomReturnFromFile(FileUtilsFileBuffer.java:159)
	at com.python.pydev.analysis.additionalinfo.AbstractAdditionalTokensInfo.addAstInfo(AbstractAdditionalTokensInfo.java:280)
	at com.python.pydev.analysis.additionalinfo.AbstractAdditionalInfoWithBuild.restoreInfoForModuleManager(AbstractAdditionalInfoWithBuild.java:250)
	at com.python.pydev.analysis.additionalinfo.AdditionalSystemInterpreterInfo.recreateAllInfo(AdditionalSystemInterpreterInfo.java:158)
	at com.python.pydev.analysis.additionalinfo.AdditionalSystemInterpreterInfo.getAdditionalSystemInfo(AdditionalSystemInterpreterInfo.java:134)
	at com.python.pydev.analysis.additionalinfo.AdditionalSystemInterpreterInfo.getAdditionalSystemInfo(AdditionalSystemInterpreterInfo.java:103)
	at com.python.pydev.analysis.additionalinfo.AdditionalSystemInterpreterInfo.recreateAllInfo(AdditionalSystemInterpreterInfo.java:150)
	at com.python.pydev.analysis.additionalinfo.builders.InterpreterObserver.notifyDefaultPythonpathRestored(InterpreterObserver.java:23)
	at org.python.pydev.ui.interpreters.AbstractInterpreterManager.restorePythopathForInterpreters(AbstractInterpreterManager.java:685)
	at org.python.pydev.ui.interpreters.AbstractInterpreterManager.setInfos(AbstractInterpreterManager.java:624)
	at org.python.pydev.ui.pythonpathconf.AbstractInterpreterPreferencesPage$3.run(AbstractInterpreterPreferencesPage.java:255)
	at org.eclipse.jface.operation.ModalContext$ModalContextThread.run(ModalContext.java:121)

!ENTRY org.python.pydev.shared_core 4 4 2014-04-15 01:06:16.849
!MESSAGE Problem parsing the file :/usr/local/lib/python3.3/site-packages/simplejson/tests/test_errors.py.
!STACK 0
java.io.FileNotFoundException: /usr/local/lib/python3.3/site-packages/simplejson/tests/test_errors.py (Permission denied)
	at java.io.FileInputStream.open(Native Method)
	at java.io.FileInputStream.<init>(FileInputStream.java:140)
	at org.python.pydev.core.FileUtilsFileBuffer.getCustomReturnFromFile(FileUtilsFileBuffer.java:159)
	at com.python.pydev.analysis.additionalinfo.AbstractAdditionalTokensInfo.addAstInfo(AbstractAdditionalTokensInfo.java:280)
	at com.python.pydev.analysis.additionalinfo.AbstractAdditionalInfoWithBuild.restoreInfoForModuleManager(AbstractAdditionalInfoWithBuild.java:250)
	at com.python.pydev.analysis.additionalinfo.AdditionalSystemInterpreterInfo.recreateAllInfo(AdditionalSystemInterpreterInfo.java:158)
	at com.python.pydev.analysis.additionalinfo.AdditionalSystemInterpreterInfo.getAdditionalSystemInfo(AdditionalSystemInterpreterInfo.java:134)
	at com.python.pydev.analysis.additionalinfo.AdditionalSystemInterpreterInfo.getAdditionalSystemInfo(AdditionalSystemInterpreterInfo.java:103)
	at com.python.pydev.analysis.additionalinfo.AdditionalSystemInterpreterInfo.recreateAllInfo(AdditionalSystemInterpreterInfo.java:150)
	at com.python.pydev.analysis.additionalinfo.builders.InterpreterObserver.notifyDefaultPythonpathRestored(InterpreterObserver.java:23)
	at org.python.pydev.ui.interpreters.AbstractInterpreterManager.restorePythopathForInterpreters(AbstractInterpreterManager.java:685)
	at org.python.pydev.ui.interpreters.AbstractInterpreterManager.setInfos(AbstractInterpreterManager.java:624)
	at org.python.pydev.ui.pythonpathconf.AbstractInterpreterPreferencesPage$3.run(AbstractInterpreterPreferencesPage.java:255)
	at org.eclipse.jface.operation.ModalContext$ModalContextThread.run(ModalContext.java:121)

!ENTRY org.python.pydev.shared_core 4 4 2014-04-15 01:06:16.850
!MESSAGE Problem parsing the file :/usr/local/lib/python3.3/site-packages/simplejson/tests/test_fail.py.
!STACK 0
java.io.FileNotFoundException: /usr/local/lib/python3.3/site-packages/simplejson/tests/test_fail.py (Permission denied)
	at java.io.FileInputStream.open(Native Method)
	at java.io.FileInputStream.<init>(FileInputStream.java:140)
	at org.python.pydev.core.FileUtilsFileBuffer.getCustomReturnFromFile(FileUtilsFileBuffer.java:159)
	at com.python.pydev.analysis.additionalinfo.AbstractAdditionalTokensInfo.addAstInfo(AbstractAdditionalTokensInfo.java:280)
	at com.python.pydev.analysis.additionalinfo.AbstractAdditionalInfoWithBuild.restoreInfoForModuleManager(AbstractAdditionalInfoWithBuild.java:250)
	at com.python.pydev.analysis.additionalinfo.AdditionalSystemInterpreterInfo.recreateAllInfo(AdditionalSystemInterpreterInfo.java:158)
	at com.python.pydev.analysis.additionalinfo.AdditionalSystemInterpreterInfo.getAdditionalSystemInfo(AdditionalSystemInterpreterInfo.java:134)
	at com.python.pydev.analysis.additionalinfo.AdditionalSystemInterpreterInfo.getAdditionalSystemInfo(AdditionalSystemInterpreterInfo.java:103)
	at com.python.pydev.analysis.additionalinfo.AdditionalSystemInterpreterInfo.recreateAllInfo(AdditionalSystemInterpreterInfo.java:150)
	at com.python.pydev.analysis.additionalinfo.builders.InterpreterObserver.notifyDefaultPythonpathRestored(InterpreterObserver.java:23)
	at org.python.pydev.ui.interpreters.AbstractInterpreterManager.restorePythopathForInterpreters(AbstractInterpreterManager.java:685)
	at org.python.pydev.ui.interpreters.AbstractInterpreterManager.setInfos(AbstractInterpreterManager.java:624)
	at org.python.pydev.ui.pythonpathconf.AbstractInterpreterPreferencesPage$3.run(AbstractInterpreterPreferencesPage.java:255)
	at org.eclipse.jface.operation.ModalContext$ModalContextThread.run(ModalContext.java:121)

!ENTRY org.python.pydev.shared_core 4 4 2014-04-15 01:06:16.851
!MESSAGE Problem parsing the file :/usr/local/lib/python3.3/site-packages/simplejson/tests/test_float.py.
!STACK 0
java.io.FileNotFoundException: /usr/local/lib/python3.3/site-packages/simplejson/tests/test_float.py (Permission denied)
	at java.io.FileInputStream.open(Native Method)
	at java.io.FileInputStream.<init>(FileInputStream.java:140)
	at org.python.pydev.core.FileUtilsFileBuffer.getCustomReturnFromFile(FileUtilsFileBuffer.java:159)
	at com.python.pydev.analysis.additionalinfo.AbstractAdditionalTokensInfo.addAstInfo(AbstractAdditionalTokensInfo.java:280)
	at com.python.pydev.analysis.additionalinfo.AbstractAdditionalInfoWithBuild.restoreInfoForModuleManager(AbstractAdditionalInfoWithBuild.java:250)
	at com.python.pydev.analysis.additionalinfo.AdditionalSystemInterpreterInfo.recreateAllInfo(AdditionalSystemInterpreterInfo.java:158)
	at com.python.pydev.analysis.additionalinfo.AdditionalSystemInterpreterInfo.getAdditionalSystemInfo(AdditionalSystemInterpreterInfo.java:134)
	at com.python.pydev.analysis.additionalinfo.AdditionalSystemInterpreterInfo.getAdditionalSystemInfo(AdditionalSystemInterpreterInfo.java:103)
	at com.python.pydev.analysis.additionalinfo.AdditionalSystemInterpreterInfo.recreateAllInfo(AdditionalSystemInterpreterInfo.java:150)
	at com.python.pydev.analysis.additionalinfo.builders.InterpreterObserver.notifyDefaultPythonpathRestored(InterpreterObserver.java:23)
	at org.python.pydev.ui.interpreters.AbstractInterpreterManager.restorePythopathForInterpreters(AbstractInterpreterManager.java:685)
	at org.python.pydev.ui.interpreters.AbstractInterpreterManager.setInfos(AbstractInterpreterManager.java:624)
	at org.python.pydev.ui.pythonpathconf.AbstractInterpreterPreferencesPage$3.run(AbstractInterpreterPreferencesPage.java:255)
	at org.eclipse.jface.operation.ModalContext$ModalContextThread.run(ModalContext.java:121)

!ENTRY org.python.pydev.shared_core 4 4 2014-04-15 01:06:16.852
!MESSAGE Problem parsing the file :/usr/local/lib/python3.3/site-packages/simplejson/tests/test_for_json.py.
!STACK 0
java.io.FileNotFoundException: /usr/local/lib/python3.3/site-packages/simplejson/tests/test_for_json.py (Permission denied)
	at java.io.FileInputStream.open(Native Method)
	at java.io.FileInputStream.<init>(FileInputStream.java:140)
	at org.python.pydev.core.FileUtilsFileBuffer.getCustomReturnFromFile(FileUtilsFileBuffer.java:159)
	at com.python.pydev.analysis.additionalinfo.AbstractAdditionalTokensInfo.addAstInfo(AbstractAdditionalTokensInfo.java:280)
	at com.python.pydev.analysis.additionalinfo.AbstractAdditionalInfoWithBuild.restoreInfoForModuleManager(AbstractAdditionalInfoWithBuild.java:250)
	at com.python.pydev.analysis.additionalinfo.AdditionalSystemInterpreterInfo.recreateAllInfo(AdditionalSystemInterpreterInfo.java:158)
	at com.python.pydev.analysis.additionalinfo.AdditionalSystemInterpreterInfo.getAdditionalSystemInfo(AdditionalSystemInterpreterInfo.java:134)
	at com.python.pydev.analysis.additionalinfo.AdditionalSystemInterpreterInfo.getAdditionalSystemInfo(AdditionalSystemInterpreterInfo.java:103)
	at com.python.pydev.analysis.additionalinfo.AdditionalSystemInterpreterInfo.recreateAllInfo(AdditionalSystemInterpreterInfo.java:150)
	at com.python.pydev.analysis.additionalinfo.builders.InterpreterObserver.notifyDefaultPythonpathRestored(InterpreterObserver.java:23)
	at org.python.pydev.ui.interpreters.AbstractInterpreterManager.restorePythopathForInterpreters(AbstractInterpreterManager.java:685)
	at org.python.pydev.ui.interpreters.AbstractInterpreterManager.setInfos(AbstractInterpreterManager.java:624)
	at org.python.pydev.ui.pythonpathconf.AbstractInterpreterPreferencesPage$3.run(AbstractInterpreterPreferencesPage.java:255)
	at org.eclipse.jface.operation.ModalContext$ModalContextThread.run(ModalContext.java:121)

!ENTRY org.python.pydev.shared_core 4 4 2014-04-15 01:06:16.853
!MESSAGE Problem parsing the file :/usr/local/lib/python3.3/site-packages/simplejson/tests/test_indent.py.
!STACK 0
java.io.FileNotFoundException: /usr/local/lib/python3.3/site-packages/simplejson/tests/test_indent.py (Permission denied)
	at java.io.FileInputStream.open(Native Method)
	at java.io.FileInputStream.<init>(FileInputStream.java:140)
	at org.python.pydev.core.FileUtilsFileBuffer.getCustomReturnFromFile(FileUtilsFileBuffer.java:159)
	at com.python.pydev.analysis.additionalinfo.AbstractAdditionalTokensInfo.addAstInfo(AbstractAdditionalTokensInfo.java:280)
	at com.python.pydev.analysis.additionalinfo.AbstractAdditionalInfoWithBuild.restoreInfoForModuleManager(AbstractAdditionalInfoWithBuild.java:250)
	at com.python.pydev.analysis.additionalinfo.AdditionalSystemInterpreterInfo.recreateAllInfo(AdditionalSystemInterpreterInfo.java:158)
	at com.python.pydev.analysis.additionalinfo.AdditionalSystemInterpreterInfo.getAdditionalSystemInfo(AdditionalSystemInterpreterInfo.java:134)
	at com.python.pydev.analysis.additionalinfo.AdditionalSystemInterpreterInfo.getAdditionalSystemInfo(AdditionalSystemInterpreterInfo.java:103)
	at com.python.pydev.analysis.additionalinfo.AdditionalSystemInterpreterInfo.recreateAllInfo(AdditionalSystemInterpreterInfo.java:150)
	at com.python.pydev.analysis.additionalinfo.builders.InterpreterObserver.notifyDefaultPythonpathRestored(InterpreterObserver.java:23)
	at org.python.pydev.ui.interpreters.AbstractInterpreterManager.restorePythopathForInterpreters(AbstractInterpreterManager.java:685)
	at org.python.pydev.ui.interpreters.AbstractInterpreterManager.setInfos(AbstractInterpreterManager.java:624)
	at org.python.pydev.ui.pythonpathconf.AbstractInterpreterPreferencesPage$3.run(AbstractInterpreterPreferencesPage.java:255)
	at org.eclipse.jface.operation.ModalContext$ModalContextThread.run(ModalContext.java:121)

!ENTRY org.python.pydev.shared_core 4 4 2014-04-15 01:06:16.854
!MESSAGE Problem parsing the file :/usr/local/lib/python3.3/site-packages/simplejson/tests/test_item_sort_key.py.
!STACK 0
java.io.FileNotFoundException: /usr/local/lib/python3.3/site-packages/simplejson/tests/test_item_sort_key.py (Permission denied)
	at java.io.FileInputStream.open(Native Method)
	at java.io.FileInputStream.<init>(FileInputStream.java:140)
	at org.python.pydev.core.FileUtilsFileBuffer.getCustomReturnFromFile(FileUtilsFileBuffer.java:159)
	at com.python.pydev.analysis.additionalinfo.AbstractAdditionalTokensInfo.addAstInfo(AbstractAdditionalTokensInfo.java:280)
	at com.python.pydev.analysis.additionalinfo.AbstractAdditionalInfoWithBuild.restoreInfoForModuleManager(AbstractAdditionalInfoWithBuild.java:250)
	at com.python.pydev.analysis.additionalinfo.AdditionalSystemInterpreterInfo.recreateAllInfo(AdditionalSystemInterpreterInfo.java:158)
	at com.python.pydev.analysis.additionalinfo.AdditionalSystemInterpreterInfo.getAdditionalSystemInfo(AdditionalSystemInterpreterInfo.java:134)
	at com.python.pydev.analysis.additionalinfo.AdditionalSystemInterpreterInfo.getAdditionalSystemInfo(AdditionalSystemInterpreterInfo.java:103)
	at com.python.pydev.analysis.additionalinfo.AdditionalSystemInterpreterInfo.recreateAllInfo(AdditionalSystemInterpreterInfo.java:150)
	at com.python.pydev.analysis.additionalinfo.builders.InterpreterObserver.notifyDefaultPythonpathRestored(InterpreterObserver.java:23)
	at org.python.pydev.ui.interpreters.AbstractInterpreterManager.restorePythopathForInterpreters(AbstractInterpreterManager.java:685)
	at org.python.pydev.ui.interpreters.AbstractInterpreterManager.setInfos(AbstractInterpreterManager.java:624)
	at org.python.pydev.ui.pythonpathconf.AbstractInterpreterPreferencesPage$3.run(AbstractInterpreterPreferencesPage.java:255)
	at org.eclipse.jface.operation.ModalContext$ModalContextThread.run(ModalContext.java:121)

!ENTRY org.python.pydev.shared_core 4 4 2014-04-15 01:06:16.855
!MESSAGE Problem parsing the file :/usr/local/lib/python3.3/site-packages/simplejson/tests/test_namedtuple.py.
!STACK 0
java.io.FileNotFoundException: /usr/local/lib/python3.3/site-packages/simplejson/tests/test_namedtuple.py (Permission denied)
	at java.io.FileInputStream.open(Native Method)
	at java.io.FileInputStream.<init>(FileInputStream.java:140)
	at org.python.pydev.core.FileUtilsFileBuffer.getCustomReturnFromFile(FileUtilsFileBuffer.java:159)
	at com.python.pydev.analysis.additionalinfo.AbstractAdditionalTokensInfo.addAstInfo(AbstractAdditionalTokensInfo.java:280)
	at com.python.pydev.analysis.additionalinfo.AbstractAdditionalInfoWithBuild.restoreInfoForModuleManager(AbstractAdditionalInfoWithBuild.java:250)
	at com.python.pydev.analysis.additionalinfo.AdditionalSystemInterpreterInfo.recreateAllInfo(AdditionalSystemInterpreterInfo.java:158)
	at com.python.pydev.analysis.additionalinfo.AdditionalSystemInterpreterInfo.getAdditionalSystemInfo(AdditionalSystemInterpreterInfo.java:134)
	at com.python.pydev.analysis.additionalinfo.AdditionalSystemInterpreterInfo.getAdditionalSystemInfo(AdditionalSystemInterpreterInfo.java:103)
	at com.python.pydev.analysis.additionalinfo.AdditionalSystemInterpreterInfo.recreateAllInfo(AdditionalSystemInterpreterInfo.java:150)
	at com.python.pydev.analysis.additionalinfo.builders.InterpreterObserver.notifyDefaultPythonpathRestored(InterpreterObserver.java:23)
	at org.python.pydev.ui.interpreters.AbstractInterpreterManager.restorePythopathForInterpreters(AbstractInterpreterManager.java:685)
	at org.python.pydev.ui.interpreters.AbstractInterpreterManager.setInfos(AbstractInterpreterManager.java:624)
	at org.python.pydev.ui.pythonpathconf.AbstractInterpreterPreferencesPage$3.run(AbstractInterpreterPreferencesPage.java:255)
	at org.eclipse.jface.operation.ModalContext$ModalContextThread.run(ModalContext.java:121)

!ENTRY org.python.pydev.shared_core 4 4 2014-04-15 01:06:16.855
!MESSAGE Problem parsing the file :/usr/local/lib/python3.3/site-packages/simplejson/tests/test_pass1.py.
!STACK 0
java.io.FileNotFoundException: /usr/local/lib/python3.3/site-packages/simplejson/tests/test_pass1.py (Permission denied)
	at java.io.FileInputStream.open(Native Method)
	at java.io.FileInputStream.<init>(FileInputStream.java:140)
	at org.python.pydev.core.FileUtilsFileBuffer.getCustomReturnFromFile(FileUtilsFileBuffer.java:159)
	at com.python.pydev.analysis.additionalinfo.AbstractAdditionalTokensInfo.addAstInfo(AbstractAdditionalTokensInfo.java:280)
	at com.python.pydev.analysis.additionalinfo.AbstractAdditionalInfoWithBuild.restoreInfoForModuleManager(AbstractAdditionalInfoWithBuild.java:250)
	at com.python.pydev.analysis.additionalinfo.AdditionalSystemInterpreterInfo.recreateAllInfo(AdditionalSystemInterpreterInfo.java:158)
	at com.python.pydev.analysis.additionalinfo.AdditionalSystemInterpreterInfo.getAdditionalSystemInfo(AdditionalSystemInterpreterInfo.java:134)
	at com.python.pydev.analysis.additionalinfo.AdditionalSystemInterpreterInfo.getAdditionalSystemInfo(AdditionalSystemInterpreterInfo.java:103)
	at com.python.pydev.analysis.additionalinfo.AdditionalSystemInterpreterInfo.recreateAllInfo(AdditionalSystemInterpreterInfo.java:150)
	at com.python.pydev.analysis.additionalinfo.builders.InterpreterObserver.notifyDefaultPythonpathRestored(InterpreterObserver.java:23)
	at org.python.pydev.ui.interpreters.AbstractInterpreterManager.restorePythopathForInterpreters(AbstractInterpreterManager.java:685)
	at org.python.pydev.ui.interpreters.AbstractInterpreterManager.setInfos(AbstractInterpreterManager.java:624)
	at org.python.pydev.ui.pythonpathconf.AbstractInterpreterPreferencesPage$3.run(AbstractInterpreterPreferencesPage.java:255)
	at org.eclipse.jface.operation.ModalContext$ModalContextThread.run(ModalContext.java:121)

!ENTRY org.python.pydev.shared_core 4 4 2014-04-15 01:06:16.856
!MESSAGE Problem parsing the file :/usr/local/lib/python3.3/site-packages/simplejson/tests/test_pass2.py.
!STACK 0
java.io.FileNotFoundException: /usr/local/lib/python3.3/site-packages/simplejson/tests/test_pass2.py (Permission denied)
	at java.io.FileInputStream.open(Native Method)
	at java.io.FileInputStream.<init>(FileInputStream.java:140)
	at org.python.pydev.core.FileUtilsFileBuffer.getCustomReturnFromFile(FileUtilsFileBuffer.java:159)
	at com.python.pydev.analysis.additionalinfo.AbstractAdditionalTokensInfo.addAstInfo(AbstractAdditionalTokensInfo.java:280)
	at com.python.pydev.analysis.additionalinfo.AbstractAdditionalInfoWithBuild.restoreInfoForModuleManager(AbstractAdditionalInfoWithBuild.java:250)
	at com.python.pydev.analysis.additionalinfo.AdditionalSystemInterpreterInfo.recreateAllInfo(AdditionalSystemInterpreterInfo.java:158)
	at com.python.pydev.analysis.additionalinfo.AdditionalSystemInterpreterInfo.getAdditionalSystemInfo(AdditionalSystemInterpreterInfo.java:134)
	at com.python.pydev.analysis.additionalinfo.AdditionalSystemInterpreterInfo.getAdditionalSystemInfo(AdditionalSystemInterpreterInfo.java:103)
	at com.python.pydev.analysis.additionalinfo.AdditionalSystemInterpreterInfo.recreateAllInfo(AdditionalSystemInterpreterInfo.java:150)
	at com.python.pydev.analysis.additionalinfo.builders.InterpreterObserver.notifyDefaultPythonpathRestored(InterpreterObserver.java:23)
	at org.python.pydev.ui.interpreters.AbstractInterpreterManager.restorePythopathForInterpreters(AbstractInterpreterManager.java:685)
	at org.python.pydev.ui.interpreters.AbstractInterpreterManager.setInfos(AbstractInterpreterManager.java:624)
	at org.python.pydev.ui.pythonpathconf.AbstractInterpreterPreferencesPage$3.run(AbstractInterpreterPreferencesPage.java:255)
	at org.eclipse.jface.operation.ModalContext$ModalContextThread.run(ModalContext.java:121)

!ENTRY org.python.pydev.shared_core 4 4 2014-04-15 01:06:16.857
!MESSAGE Problem parsing the file :/usr/local/lib/python3.3/site-packages/simplejson/tests/test_pass3.py.
!STACK 0
java.io.FileNotFoundException: /usr/local/lib/python3.3/site-packages/simplejson/tests/test_pass3.py (Permission denied)
	at java.io.FileInputStream.open(Native Method)
	at java.io.FileInputStream.<init>(FileInputStream.java:140)
	at org.python.pydev.core.FileUtilsFileBuffer.getCustomReturnFromFile(FileUtilsFileBuffer.java:159)
	at com.python.pydev.analysis.additionalinfo.AbstractAdditionalTokensInfo.addAstInfo(AbstractAdditionalTokensInfo.java:280)
	at com.python.pydev.analysis.additionalinfo.AbstractAdditionalInfoWithBuild.restoreInfoForModuleManager(AbstractAdditionalInfoWithBuild.java:250)
	at com.python.pydev.analysis.additionalinfo.AdditionalSystemInterpreterInfo.recreateAllInfo(AdditionalSystemInterpreterInfo.java:158)
	at com.python.pydev.analysis.additionalinfo.AdditionalSystemInterpreterInfo.getAdditionalSystemInfo(AdditionalSystemInterpreterInfo.java:134)
	at com.python.pydev.analysis.additionalinfo.AdditionalSystemInterpreterInfo.getAdditionalSystemInfo(AdditionalSystemInterpreterInfo.java:103)
	at com.python.pydev.analysis.additionalinfo.AdditionalSystemInterpreterInfo.recreateAllInfo(AdditionalSystemInterpreterInfo.java:150)
	at com.python.pydev.analysis.additionalinfo.builders.InterpreterObserver.notifyDefaultPythonpathRestored(InterpreterObserver.java:23)
	at org.python.pydev.ui.interpreters.AbstractInterpreterManager.restorePythopathForInterpreters(AbstractInterpreterManager.java:685)
	at org.python.pydev.ui.interpreters.AbstractInterpreterManager.setInfos(AbstractInterpreterManager.java:624)
	at org.python.pydev.ui.pythonpathconf.AbstractInterpreterPreferencesPage$3.run(AbstractInterpreterPreferencesPage.java:255)
	at org.eclipse.jface.operation.ModalContext$ModalContextThread.run(ModalContext.java:121)

!ENTRY org.python.pydev.shared_core 4 4 2014-04-15 01:06:16.858
!MESSAGE Problem parsing the file :/usr/local/lib/python3.3/site-packages/simplejson/tests/test_recursion.py.
!STACK 0
java.io.FileNotFoundException: /usr/local/lib/python3.3/site-packages/simplejson/tests/test_recursion.py (Permission denied)
	at java.io.FileInputStream.open(Native Method)
	at java.io.FileInputStream.<init>(FileInputStream.java:140)
	at org.python.pydev.core.FileUtilsFileBuffer.getCustomReturnFromFile(FileUtilsFileBuffer.java:159)
	at com.python.pydev.analysis.additionalinfo.AbstractAdditionalTokensInfo.addAstInfo(AbstractAdditionalTokensInfo.java:280)
	at com.python.pydev.analysis.additionalinfo.AbstractAdditionalInfoWithBuild.restoreInfoForModuleManager(AbstractAdditionalInfoWithBuild.java:250)
	at com.python.pydev.analysis.additionalinfo.AdditionalSystemInterpreterInfo.recreateAllInfo(AdditionalSystemInterpreterInfo.java:158)
	at com.python.pydev.analysis.additionalinfo.AdditionalSystemInterpreterInfo.getAdditionalSystemInfo(AdditionalSystemInterpreterInfo.java:134)
	at com.python.pydev.analysis.additionalinfo.AdditionalSystemInterpreterInfo.getAdditionalSystemInfo(AdditionalSystemInterpreterInfo.java:103)
	at com.python.pydev.analysis.additionalinfo.AdditionalSystemInterpreterInfo.recreateAllInfo(AdditionalSystemInterpreterInfo.java:150)
	at com.python.pydev.analysis.additionalinfo.builders.InterpreterObserver.notifyDefaultPythonpathRestored(InterpreterObserver.java:23)
	at org.python.pydev.ui.interpreters.AbstractInterpreterManager.restorePythopathForInterpreters(AbstractInterpreterManager.java:685)
	at org.python.pydev.ui.interpreters.AbstractInterpreterManager.setInfos(AbstractInterpreterManager.java:624)
	at org.python.pydev.ui.pythonpathconf.AbstractInterpreterPreferencesPage$3.run(AbstractInterpreterPreferencesPage.java:255)
	at org.eclipse.jface.operation.ModalContext$ModalContextThread.run(ModalContext.java:121)

!ENTRY org.python.pydev.shared_core 4 4 2014-04-15 01:06:16.858
!MESSAGE Problem parsing the file :/usr/local/lib/python3.3/site-packages/simplejson/tests/test_scanstring.py.
!STACK 0
java.io.FileNotFoundException: /usr/local/lib/python3.3/site-packages/simplejson/tests/test_scanstring.py (Permission denied)
	at java.io.FileInputStream.open(Native Method)
	at java.io.FileInputStream.<init>(FileInputStream.java:140)
	at org.python.pydev.core.FileUtilsFileBuffer.getCustomReturnFromFile(FileUtilsFileBuffer.java:159)
	at com.python.pydev.analysis.additionalinfo.AbstractAdditionalTokensInfo.addAstInfo(AbstractAdditionalTokensInfo.java:280)
	at com.python.pydev.analysis.additionalinfo.AbstractAdditionalInfoWithBuild.restoreInfoForModuleManager(AbstractAdditionalInfoWithBuild.java:250)
	at com.python.pydev.analysis.additionalinfo.AdditionalSystemInterpreterInfo.recreateAllInfo(AdditionalSystemInterpreterInfo.java:158)
	at com.python.pydev.analysis.additionalinfo.AdditionalSystemInterpreterInfo.getAdditionalSystemInfo(AdditionalSystemInterpreterInfo.java:134)
	at com.python.pydev.analysis.additionalinfo.AdditionalSystemInterpreterInfo.getAdditionalSystemInfo(AdditionalSystemInterpreterInfo.java:103)
	at com.python.pydev.analysis.additionalinfo.AdditionalSystemInterpreterInfo.recreateAllInfo(AdditionalSystemInterpreterInfo.java:150)
	at com.python.pydev.analysis.additionalinfo.builders.InterpreterObserver.notifyDefaultPythonpathRestored(InterpreterObserver.java:23)
	at org.python.pydev.ui.interpreters.AbstractInterpreterManager.restorePythopathForInterpreters(AbstractInterpreterManager.java:685)
	at org.python.pydev.ui.interpreters.AbstractInterpreterManager.setInfos(AbstractInterpreterManager.java:624)
	at org.python.pydev.ui.pythonpathconf.AbstractInterpreterPreferencesPage$3.run(AbstractInterpreterPreferencesPage.java:255)
	at org.eclipse.jface.operation.ModalContext$ModalContextThread.run(ModalContext.java:121)

!ENTRY org.python.pydev.shared_core 4 4 2014-04-15 01:06:16.859
!MESSAGE Problem parsing the file :/usr/local/lib/python3.3/site-packages/simplejson/tests/test_separators.py.
!STACK 0
java.io.FileNotFoundException: /usr/local/lib/python3.3/site-packages/simplejson/tests/test_separators.py (Permission denied)
	at java.io.FileInputStream.open(Native Method)
	at java.io.FileInputStream.<init>(FileInputStream.java:140)
	at org.python.pydev.core.FileUtilsFileBuffer.getCustomReturnFromFile(FileUtilsFileBuffer.java:159)
	at com.python.pydev.analysis.additionalinfo.AbstractAdditionalTokensInfo.addAstInfo(AbstractAdditionalTokensInfo.java:280)
	at com.python.pydev.analysis.additionalinfo.AbstractAdditionalInfoWithBuild.restoreInfoForModuleManager(AbstractAdditionalInfoWithBuild.java:250)
	at com.python.pydev.analysis.additionalinfo.AdditionalSystemInterpreterInfo.recreateAllInfo(AdditionalSystemInterpreterInfo.java:158)
	at com.python.pydev.analysis.additionalinfo.AdditionalSystemInterpreterInfo.getAdditionalSystemInfo(AdditionalSystemInterpreterInfo.java:134)
	at com.python.pydev.analysis.additionalinfo.AdditionalSystemInterpreterInfo.getAdditionalSystemInfo(AdditionalSystemInterpreterInfo.java:103)
	at com.python.pydev.analysis.additionalinfo.AdditionalSystemInterpreterInfo.recreateAllInfo(AdditionalSystemInterpreterInfo.java:150)
	at com.python.pydev.analysis.additionalinfo.builders.InterpreterObserver.notifyDefaultPythonpathRestored(InterpreterObserver.java:23)
	at org.python.pydev.ui.interpreters.AbstractInterpreterManager.restorePythopathForInterpreters(AbstractInterpreterManager.java:685)
	at org.python.pydev.ui.interpreters.AbstractInterpreterManager.setInfos(AbstractInterpreterManager.java:624)
	at org.python.pydev.ui.pythonpathconf.AbstractInterpreterPreferencesPage$3.run(AbstractInterpreterPreferencesPage.java:255)
	at org.eclipse.jface.operation.ModalContext$ModalContextThread.run(ModalContext.java:121)

!ENTRY org.python.pydev.shared_core 4 4 2014-04-15 01:06:16.860
!MESSAGE Problem parsing the file :/usr/local/lib/python3.3/site-packages/simplejson/tests/test_speedups.py.
!STACK 0
java.io.FileNotFoundException: /usr/local/lib/python3.3/site-packages/simplejson/tests/test_speedups.py (Permission denied)
	at java.io.FileInputStream.open(Native Method)
	at java.io.FileInputStream.<init>(FileInputStream.java:140)
	at org.python.pydev.core.FileUtilsFileBuffer.getCustomReturnFromFile(FileUtilsFileBuffer.java:159)
	at com.python.pydev.analysis.additionalinfo.AbstractAdditionalTokensInfo.addAstInfo(AbstractAdditionalTokensInfo.java:280)
	at com.python.pydev.analysis.additionalinfo.AbstractAdditionalInfoWithBuild.restoreInfoForModuleManager(AbstractAdditionalInfoWithBuild.java:250)
	at com.python.pydev.analysis.additionalinfo.AdditionalSystemInterpreterInfo.recreateAllInfo(AdditionalSystemInterpreterInfo.java:158)
	at com.python.pydev.analysis.additionalinfo.AdditionalSystemInterpreterInfo.getAdditionalSystemInfo(AdditionalSystemInterpreterInfo.java:134)
	at com.python.pydev.analysis.additionalinfo.AdditionalSystemInterpreterInfo.getAdditionalSystemInfo(AdditionalSystemInterpreterInfo.java:103)
	at com.python.pydev.analysis.additionalinfo.AdditionalSystemInterpreterInfo.recreateAllInfo(AdditionalSystemInterpreterInfo.java:150)
	at com.python.pydev.analysis.additionalinfo.builders.InterpreterObserver.notifyDefaultPythonpathRestored(InterpreterObserver.java:23)
	at org.python.pydev.ui.interpreters.AbstractInterpreterManager.restorePythopathForInterpreters(AbstractInterpreterManager.java:685)
	at org.python.pydev.ui.interpreters.AbstractInterpreterManager.setInfos(AbstractInterpreterManager.java:624)
	at org.python.pydev.ui.pythonpathconf.AbstractInterpreterPreferencesPage$3.run(AbstractInterpreterPreferencesPage.java:255)
	at org.eclipse.jface.operation.ModalContext$ModalContextThread.run(ModalContext.java:121)

!ENTRY org.python.pydev.shared_core 4 4 2014-04-15 01:06:16.861
!MESSAGE Problem parsing the file :/usr/local/lib/python3.3/site-packages/simplejson/tests/test_tool.py.
!STACK 0
java.io.FileNotFoundException: /usr/local/lib/python3.3/site-packages/simplejson/tests/test_tool.py (Permission denied)
	at java.io.FileInputStream.open(Native Method)
	at java.io.FileInputStream.<init>(FileInputStream.java:140)
	at org.python.pydev.core.FileUtilsFileBuffer.getCustomReturnFromFile(FileUtilsFileBuffer.java:159)
	at com.python.pydev.analysis.additionalinfo.AbstractAdditionalTokensInfo.addAstInfo(AbstractAdditionalTokensInfo.java:280)
	at com.python.pydev.analysis.additionalinfo.AbstractAdditionalInfoWithBuild.restoreInfoForModuleManager(AbstractAdditionalInfoWithBuild.java:250)
	at com.python.pydev.analysis.additionalinfo.AdditionalSystemInterpreterInfo.recreateAllInfo(AdditionalSystemInterpreterInfo.java:158)
	at com.python.pydev.analysis.additionalinfo.AdditionalSystemInterpreterInfo.getAdditionalSystemInfo(AdditionalSystemInterpreterInfo.java:134)
	at com.python.pydev.analysis.additionalinfo.AdditionalSystemInterpreterInfo.getAdditionalSystemInfo(AdditionalSystemInterpreterInfo.java:103)
	at com.python.pydev.analysis.additionalinfo.AdditionalSystemInterpreterInfo.recreateAllInfo(AdditionalSystemInterpreterInfo.java:150)
	at com.python.pydev.analysis.additionalinfo.builders.InterpreterObserver.notifyDefaultPythonpathRestored(InterpreterObserver.java:23)
	at org.python.pydev.ui.interpreters.AbstractInterpreterManager.restorePythopathForInterpreters(AbstractInterpreterManager.java:685)
	at org.python.pydev.ui.interpreters.AbstractInterpreterManager.setInfos(AbstractInterpreterManager.java:624)
	at org.python.pydev.ui.pythonpathconf.AbstractInterpreterPreferencesPage$3.run(AbstractInterpreterPreferencesPage.java:255)
	at org.eclipse.jface.operation.ModalContext$ModalContextThread.run(ModalContext.java:121)

!ENTRY org.python.pydev.shared_core 4 4 2014-04-15 01:06:16.862
!MESSAGE Problem parsing the file :/usr/local/lib/python3.3/site-packages/simplejson/tests/test_tuple.py.
!STACK 0
java.io.FileNotFoundException: /usr/local/lib/python3.3/site-packages/simplejson/tests/test_tuple.py (Permission denied)
	at java.io.FileInputStream.open(Native Method)
	at java.io.FileInputStream.<init>(FileInputStream.java:140)
	at org.python.pydev.core.FileUtilsFileBuffer.getCustomReturnFromFile(FileUtilsFileBuffer.java:159)
	at com.python.pydev.analysis.additionalinfo.AbstractAdditionalTokensInfo.addAstInfo(AbstractAdditionalTokensInfo.java:280)
	at com.python.pydev.analysis.additionalinfo.AbstractAdditionalInfoWithBuild.restoreInfoForModuleManager(AbstractAdditionalInfoWithBuild.java:250)
	at com.python.pydev.analysis.additionalinfo.AdditionalSystemInterpreterInfo.recreateAllInfo(AdditionalSystemInterpreterInfo.java:158)
	at com.python.pydev.analysis.additionalinfo.AdditionalSystemInterpreterInfo.getAdditionalSystemInfo(AdditionalSystemInterpreterInfo.java:134)
	at com.python.pydev.analysis.additionalinfo.AdditionalSystemInterpreterInfo.getAdditionalSystemInfo(AdditionalSystemInterpreterInfo.java:103)
	at com.python.pydev.analysis.additionalinfo.AdditionalSystemInterpreterInfo.recreateAllInfo(AdditionalSystemInterpreterInfo.java:150)
	at com.python.pydev.analysis.additionalinfo.builders.InterpreterObserver.notifyDefaultPythonpathRestored(InterpreterObserver.java:23)
	at org.python.pydev.ui.interpreters.AbstractInterpreterManager.restorePythopathForInterpreters(AbstractInterpreterManager.java:685)
	at org.python.pydev.ui.interpreters.AbstractInterpreterManager.setInfos(AbstractInterpreterManager.java:624)
	at org.python.pydev.ui.pythonpathconf.AbstractInterpreterPreferencesPage$3.run(AbstractInterpreterPreferencesPage.java:255)
	at org.eclipse.jface.operation.ModalContext$ModalContextThread.run(ModalContext.java:121)

!ENTRY org.python.pydev.shared_core 4 4 2014-04-15 01:06:16.862
!MESSAGE Problem parsing the file :/usr/local/lib/python3.3/site-packages/simplejson/tests/test_unicode.py.
!STACK 0
java.io.FileNotFoundException: /usr/local/lib/python3.3/site-packages/simplejson/tests/test_unicode.py (Permission denied)
	at java.io.FileInputStream.open(Native Method)
	at java.io.FileInputStream.<init>(FileInputStream.java:140)
	at org.python.pydev.core.FileUtilsFileBuffer.getCustomReturnFromFile(FileUtilsFileBuffer.java:159)
	at com.python.pydev.analysis.additionalinfo.AbstractAdditionalTokensInfo.addAstInfo(AbstractAdditionalTokensInfo.java:280)
	at com.python.pydev.analysis.additionalinfo.AbstractAdditionalInfoWithBuild.restoreInfoForModuleManager(AbstractAdditionalInfoWithBuild.java:250)
	at com.python.pydev.analysis.additionalinfo.AdditionalSystemInterpreterInfo.recreateAllInfo(AdditionalSystemInterpreterInfo.java:158)
	at com.python.pydev.analysis.additionalinfo.AdditionalSystemInterpreterInfo.getAdditionalSystemInfo(AdditionalSystemInterpreterInfo.java:134)
	at com.python.pydev.analysis.additionalinfo.AdditionalSystemInterpreterInfo.getAdditionalSystemInfo(AdditionalSystemInterpreterInfo.java:103)
	at com.python.pydev.analysis.additionalinfo.AdditionalSystemInterpreterInfo.recreateAllInfo(AdditionalSystemInterpreterInfo.java:150)
	at com.python.pydev.analysis.additionalinfo.builders.InterpreterObserver.notifyDefaultPythonpathRestored(InterpreterObserver.java:23)
	at org.python.pydev.ui.interpreters.AbstractInterpreterManager.restorePythopathForInterpreters(AbstractInterpreterManager.java:685)
	at org.python.pydev.ui.interpreters.AbstractInterpreterManager.setInfos(AbstractInterpreterManager.java:624)
	at org.python.pydev.ui.pythonpathconf.AbstractInterpreterPreferencesPage$3.run(AbstractInterpreterPreferencesPage.java:255)
	at org.eclipse.jface.operation.ModalContext$ModalContextThread.run(ModalContext.java:121)

!ENTRY org.python.pydev.shared_core 4 4 2014-04-15 01:06:16.863
!MESSAGE Problem parsing the file :/usr/local/lib/python3.3/site-packages/simplejson/tool.py.
!STACK 0
java.io.FileNotFoundException: /usr/local/lib/python3.3/site-packages/simplejson/tool.py (Permission denied)
	at java.io.FileInputStream.open(Native Method)
	at java.io.FileInputStream.<init>(FileInputStream.java:140)
	at org.python.pydev.core.FileUtilsFileBuffer.getCustomReturnFromFile(FileUtilsFileBuffer.java:159)
	at com.python.pydev.analysis.additionalinfo.AbstractAdditionalTokensInfo.addAstInfo(AbstractAdditionalTokensInfo.java:280)
	at com.python.pydev.analysis.additionalinfo.AbstractAdditionalInfoWithBuild.restoreInfoForModuleManager(AbstractAdditionalInfoWithBuild.java:250)
	at com.python.pydev.analysis.additionalinfo.AdditionalSystemInterpreterInfo.recreateAllInfo(AdditionalSystemInterpreterInfo.java:158)
	at com.python.pydev.analysis.additionalinfo.AdditionalSystemInterpreterInfo.getAdditionalSystemInfo(AdditionalSystemInterpreterInfo.java:134)
	at com.python.pydev.analysis.additionalinfo.AdditionalSystemInterpreterInfo.getAdditionalSystemInfo(AdditionalSystemInterpreterInfo.java:103)
	at com.python.pydev.analysis.additionalinfo.AdditionalSystemInterpreterInfo.recreateAllInfo(AdditionalSystemInterpreterInfo.java:150)
	at com.python.pydev.analysis.additionalinfo.builders.InterpreterObserver.notifyDefaultPythonpathRestored(InterpreterObserver.java:23)
	at org.python.pydev.ui.interpreters.AbstractInterpreterManager.restorePythopathForInterpreters(AbstractInterpreterManager.java:685)
	at org.python.pydev.ui.interpreters.AbstractInterpreterManager.setInfos(AbstractInterpreterManager.java:624)
	at org.python.pydev.ui.pythonpathconf.AbstractInterpreterPreferencesPage$3.run(AbstractInterpreterPreferencesPage.java:255)
	at org.eclipse.jface.operation.ModalContext$ModalContextThread.run(ModalContext.java:121)

!ENTRY org.python.pydev.shared_core 4 4 2014-04-15 01:06:38.782
!MESSAGE Info: Rebuilding internal caches: /myDocuments/DynamicGraph/.metadata/.plugins/org.eclipse.core.resources/.projects/GraphGeneration/com.python.pydev.analysis/AdditionalProjectInterpreterInfo.pydevinfo (Expected error to be provided and got no error!)

!ENTRY org.eclipse.jface 2 0 2014-04-15 01:07:45.898
!MESSAGE Keybinding conflicts occurred.  They may interfere with normal accelerator operation.
!SUBENTRY 1 org.eclipse.jface 2 0 2014-04-15 01:07:45.898
!MESSAGE A conflict occurred for CTRL+D:
Binding(CTRL+D,
	ParameterizedCommand(Command(org.eclipse.debug.ui.commands.eof,EOF,
		Send end of file,
		Category(org.eclipse.debug.ui.category.run,Run/Debug,Run/Debug command category,true),
		org.eclipse.ui.internal.MakeHandlersGo@436245a5,
		,,true),null),
	org.eclipse.ui.defaultAcceleratorConfiguration,
	org.eclipse.debug.ui.console,,,system)
Binding(CTRL+D,
	ParameterizedCommand(Command(org.eclipse.ui.edit.text.delete.line,Delete Line,
		Delete a line of text,
		Category(org.eclipse.ui.category.textEditor,Text Editing,Text Editing Commands,true),
		org.eclipse.ui.internal.MakeHandlersGo@68ca7632,
		,,true),null),
	org.eclipse.ui.defaultAcceleratorConfiguration,
	org.eclipse.ui.textEditorScope,,,system)

!ENTRY org.python.pydev.shared_core 4 4 2014-04-15 01:07:48.437
!MESSAGE The module simplejson.__init__ could not be found nor created!
!STACK 0
java.lang.RuntimeException: The module simplejson.__init__ could not be found nor created!
	at org.python.pydev.core.log.Log.log(Log.java:51)
	at org.python.pydev.editor.codecompletion.revisited.ModulesManager.getModule(ModulesManager.java:896)
	at org.python.pydev.editor.codecompletion.revisited.ModulesManager.getModule(ModulesManager.java:717)
	at org.python.pydev.editor.codecompletion.revisited.SystemModulesManager.getModuleWithoutBuiltins(SystemModulesManager.java:346)
	at org.python.pydev.editor.codecompletion.revisited.ProjectModulesManager.getModuleAndRelatedModulesManager(ProjectModulesManager.java:208)
	at org.python.pydev.editor.codecompletion.revisited.ProjectModulesManager.getModule(ProjectModulesManager.java:170)
	at org.python.pydev.editor.codecompletion.revisited.ProjectModulesManager.getModule(ProjectModulesManager.java:156)
	at org.python.pydev.editor.codecompletion.revisited.AbstractASTManager.getModule(AbstractASTManager.java:449)
	at org.python.pydev.editor.codecompletion.revisited.AbstractASTManager.findModuleFromPath(AbstractASTManager.java:1451)
	at org.python.pydev.editor.codecompletion.revisited.AbstractASTManager.findOnImportedMods(AbstractASTManager.java:1342)
	at org.python.pydev.editor.codecompletion.revisited.AbstractASTManager.findOnImportedMods(AbstractASTManager.java:1221)
	at com.python.pydev.analysis.visitors.ImportChecker.visitImportToken(ImportChecker.java:186)
	at com.python.pydev.analysis.visitors.ImportChecker.visitImportToken(ImportChecker.java:167)
	at com.python.pydev.analysis.visitors.Scope.addImportTokens(Scope.java:173)
	at com.python.pydev.analysis.scopeanalysis.AbstractScopeAnalyzerVisitor.visitImport(AbstractScopeAnalyzerVisitor.java:538)
	at org.python.pydev.parser.jython.ast.Import.accept(Import.java:79)
	at org.python.pydev.parser.jython.ast.Module.traverse(Module.java:86)
	at com.python.pydev.analysis.scopeanalysis.AbstractScopeAnalyzerVisitor.traverse(AbstractScopeAnalyzerVisitor.java:189)
	at com.python.pydev.analysis.visitors.OccurrencesVisitor.traverse(OccurrencesVisitor.java:262)
	at org.python.pydev.parser.jython.ast.VisitorBase.visitModule(VisitorBase.java:10)
	at org.python.pydev.parser.jython.ast.Module.accept(Module.java:79)
	at com.python.pydev.analysis.OccurrencesAnalyzer.analyzeDocument(OccurrencesAnalyzer.java:46)
	at com.python.pydev.analysis.builder.AnalysisBuilderRunnable.doAnalysis(AnalysisBuilderRunnable.java:234)
	at com.python.pydev.analysis.builder.AbstractAnalysisBuilderRunnable.run(AbstractAnalysisBuilderRunnable.java:152)
	at org.python.pydev.core.concurrency.RunnableAsJobsPoolThread$1.run(RunnableAsJobsPoolThread.java:102)
	at org.eclipse.core.internal.jobs.Worker.run(Worker.java:53)

!ENTRY org.eclipse.equinox.event 4 0 2014-04-15 01:08:28.838
!MESSAGE Exception while dispatching event org.osgi.service.event.Event [topic=org/eclipse/e4/ui/model/application/ApplicationElement/tags/REMOVE] to handler org.eclipse.e4.ui.services.internal.events.UIEventHandler@3c99fcb2
!STACK 0
java.lang.NullPointerException
	at org.eclipse.e4.ui.workbench.addons.minmax.MinMaxAddon.restore(MinMaxAddon.java:578)
	at org.eclipse.e4.ui.workbench.addons.minmax.MinMaxAddon$8.handleEvent(MinMaxAddon.java:395)
	at org.eclipse.e4.ui.services.internal.events.UIEventHandler$1.run(UIEventHandler.java:41)
	at org.eclipse.swt.widgets.Synchronizer.syncExec(Synchronizer.java:180)
	at org.eclipse.ui.internal.UISynchronizer.syncExec(UISynchronizer.java:150)
	at org.eclipse.swt.widgets.Display.syncExec(Display.java:4299)
	at org.eclipse.e4.ui.internal.workbench.swt.E4Application$1.syncExec(E4Application.java:187)
	at org.eclipse.e4.ui.services.internal.events.UIEventHandler.handleEvent(UIEventHandler.java:38)
	at org.eclipse.equinox.internal.event.EventHandlerWrapper.handleEvent(EventHandlerWrapper.java:197)
	at org.eclipse.equinox.internal.event.EventHandlerTracker.dispatchEvent(EventHandlerTracker.java:197)
	at org.eclipse.equinox.internal.event.EventHandlerTracker.dispatchEvent(EventHandlerTracker.java:1)
	at org.eclipse.osgi.framework.eventmgr.EventManager.dispatchEvent(EventManager.java:230)
	at org.eclipse.osgi.framework.eventmgr.ListenerQueue.dispatchEventSynchronous(ListenerQueue.java:148)
	at org.eclipse.equinox.internal.event.EventAdminImpl.dispatchEvent(EventAdminImpl.java:135)
	at org.eclipse.equinox.internal.event.EventAdminImpl.sendEvent(EventAdminImpl.java:78)
	at org.eclipse.equinox.internal.event.EventComponent.sendEvent(EventComponent.java:39)
	at org.eclipse.e4.ui.services.internal.events.EventBroker.send(EventBroker.java:80)
	at org.eclipse.e4.ui.internal.workbench.UIEventPublisher.notifyChanged(UIEventPublisher.java:58)
	at org.eclipse.emf.common.notify.impl.BasicNotifierImpl.eNotify(BasicNotifierImpl.java:374)
	at org.eclipse.emf.ecore.util.EcoreEList.dispatchNotification(EcoreEList.java:249)
	at org.eclipse.emf.common.notify.impl.NotifyingListImpl.remove(NotifyingListImpl.java:725)
	at org.eclipse.emf.common.util.AbstractEList.remove(AbstractEList.java:460)
	at org.eclipse.e4.ui.workbench.addons.minmax.MinMaxAddon.unzoom(MinMaxAddon.java:733)
	at org.eclipse.e4.ui.workbench.addons.minmax.MinMaxAddon$8.handleEvent(MinMaxAddon.java:397)
	at org.eclipse.e4.ui.services.internal.events.UIEventHandler$1.run(UIEventHandler.java:41)
	at org.eclipse.swt.widgets.Synchronizer.syncExec(Synchronizer.java:180)
	at org.eclipse.ui.internal.UISynchronizer.syncExec(UISynchronizer.java:150)
	at org.eclipse.swt.widgets.Display.syncExec(Display.java:4299)
	at org.eclipse.e4.ui.internal.workbench.swt.E4Application$1.syncExec(E4Application.java:187)
	at org.eclipse.e4.ui.services.internal.events.UIEventHandler.handleEvent(UIEventHandler.java:38)
	at org.eclipse.equinox.internal.event.EventHandlerWrapper.handleEvent(EventHandlerWrapper.java:197)
	at org.eclipse.equinox.internal.event.EventHandlerTracker.dispatchEvent(EventHandlerTracker.java:197)
	at org.eclipse.equinox.internal.event.EventHandlerTracker.dispatchEvent(EventHandlerTracker.java:1)
	at org.eclipse.osgi.framework.eventmgr.EventManager.dispatchEvent(EventManager.java:230)
	at org.eclipse.osgi.framework.eventmgr.ListenerQueue.dispatchEventSynchronous(ListenerQueue.java:148)
	at org.eclipse.equinox.internal.event.EventAdminImpl.dispatchEvent(EventAdminImpl.java:135)
	at org.eclipse.equinox.internal.event.EventAdminImpl.sendEvent(EventAdminImpl.java:78)
	at org.eclipse.equinox.internal.event.EventComponent.sendEvent(EventComponent.java:39)
	at org.eclipse.e4.ui.services.internal.events.EventBroker.send(EventBroker.java:80)
	at org.eclipse.e4.ui.internal.workbench.UIEventPublisher.notifyChanged(UIEventPublisher.java:58)
	at org.eclipse.emf.common.notify.impl.BasicNotifierImpl.eNotify(BasicNotifierImpl.java:374)
	at org.eclipse.emf.ecore.util.EcoreEList.dispatchNotification(EcoreEList.java:249)
	at org.eclipse.emf.common.notify.impl.NotifyingListImpl.remove(NotifyingListImpl.java:725)
	at org.eclipse.emf.common.util.AbstractEList.remove(AbstractEList.java:460)
	at org.eclipse.e4.ui.workbench.addons.minmax.MinMaxAddon.setState(MinMaxAddon.java:280)
	at org.eclipse.e4.ui.workbench.addons.minmax.MinMaxAddon.access$2(MinMaxAddon.java:270)
	at org.eclipse.e4.ui.workbench.addons.minmax.MinMaxAddon$4.mouseDoubleClick(MinMaxAddon.java:235)
	at org.eclipse.swt.widgets.TypedListener.handleEvent(TypedListener.java:196)
	at org.eclipse.swt.widgets.EventTable.sendEvent(EventTable.java:84)
	at org.eclipse.swt.widgets.Widget.sendEvent(Widget.java:1276)
	at org.eclipse.swt.widgets.Display.runDeferredEvents(Display.java:3562)
	at org.eclipse.swt.widgets.Display.readAndDispatch(Display.java:3186)
	at org.eclipse.e4.ui.internal.workbench.swt.PartRenderingEngine$9.run(PartRenderingEngine.java:1053)
	at org.eclipse.core.databinding.observable.Realm.runWithDefault(Realm.java:332)
	at org.eclipse.e4.ui.internal.workbench.swt.PartRenderingEngine.run(PartRenderingEngine.java:942)
	at org.eclipse.e4.ui.internal.workbench.E4Workbench.createAndRunUI(E4Workbench.java:86)
	at org.eclipse.ui.internal.Workbench$5.run(Workbench.java:588)
	at org.eclipse.core.databinding.observable.Realm.runWithDefault(Realm.java:332)
	at org.eclipse.ui.internal.Workbench.createAndRunWorkbench(Workbench.java:543)
	at org.eclipse.ui.PlatformUI.createAndRunWorkbench(PlatformUI.java:149)
	at org.eclipse.ui.internal.ide.application.IDEApplication.start(IDEApplication.java:124)
	at org.eclipse.equinox.internal.app.EclipseAppHandle.run(EclipseAppHandle.java:196)
	at org.eclipse.core.runtime.internal.adaptor.EclipseAppLauncher.runApplication(EclipseAppLauncher.java:110)
	at org.eclipse.core.runtime.internal.adaptor.EclipseAppLauncher.start(EclipseAppLauncher.java:79)
	at org.eclipse.core.runtime.adaptor.EclipseStarter.run(EclipseStarter.java:353)
	at org.eclipse.core.runtime.adaptor.EclipseStarter.run(EclipseStarter.java:180)
	at sun.reflect.NativeMethodAccessorImpl.invoke0(Native Method)
	at sun.reflect.NativeMethodAccessorImpl.invoke(NativeMethodAccessorImpl.java:57)
	at sun.reflect.DelegatingMethodAccessorImpl.invoke(DelegatingMethodAccessorImpl.java:43)
	at java.lang.reflect.Method.invoke(Method.java:622)
	at org.eclipse.equinox.launcher.Main.invokeFramework(Main.java:629)
	at org.eclipse.equinox.launcher.Main.basicRun(Main.java:584)
	at org.eclipse.equinox.launcher.Main.run(Main.java:1438)
	at org.eclipse.equinox.launcher.Main.main(Main.java:1414)

!ENTRY org.eclipse.jface 2 0 2014-04-15 01:08:57.769
!MESSAGE Keybinding conflicts occurred.  They may interfere with normal accelerator operation.
!SUBENTRY 1 org.eclipse.jface 2 0 2014-04-15 01:08:57.769
!MESSAGE A conflict occurred for CTRL+SHIFT+T:
Binding(CTRL+SHIFT+T,
	ParameterizedCommand(Command(org.eclipse.jdt.ui.navigate.open.type,Open Type,
		Open a type in a Java editor,
		Category(org.eclipse.ui.category.navigate,Navigate,null,true),
		org.eclipse.ui.internal.MakeHandlersGo@67617c3c,
		,,true),null),
	org.eclipse.ui.defaultAcceleratorConfiguration,
	org.eclipse.ui.contexts.window,,,system)
Binding(CTRL+SHIFT+T,
	ParameterizedCommand(Command(com.python.pydev.analysis.actions.pyGlobalsBrowserWorkbench,Python Show Global Tokens (Global),
		Python Show Global Tokens (Global),
		Category(org.python.pydev.ui.category.source,PyDev - Editor,PyDev editor category,true),
		org.eclipse.ui.internal.MakeHandlersGo@31237c2a,
		,,true),null),
	org.eclipse.ui.defaultAcceleratorConfiguration,
	com.python.pydev.contexts.window,,,system)
Binding(CTRL+SHIFT+T,
	ParameterizedCommand(Command(org.python.pydev.editor.actions.pyShowBrowser,Python Show Global Tokens (Editor),
		Python Show Global Tokens (Editor),
		Category(org.python.pydev.ui.category.source,PyDev - Editor,PyDev editor category,true),
		org.eclipse.ui.internal.MakeHandlersGo@10acc29a,
		,,true),null),
	org.eclipse.ui.defaultAcceleratorConfiguration,
	org.python.pydev.ui.editor.scope,,,system)

!ENTRY org.python.pydev.shared_core 4 4 2014-04-15 01:15:45.656
!MESSAGE The module networkx.__init__ could not be found nor created!
!STACK 0
java.lang.RuntimeException: The module networkx.__init__ could not be found nor created!
	at org.python.pydev.core.log.Log.log(Log.java:51)
	at org.python.pydev.editor.codecompletion.revisited.ModulesManager.getModule(ModulesManager.java:896)
	at org.python.pydev.editor.codecompletion.revisited.ModulesManager.getModule(ModulesManager.java:717)
	at org.python.pydev.editor.codecompletion.revisited.ProjectModulesManager.getModuleInDirectManager(ProjectModulesManager.java:231)
	at org.python.pydev.editor.codecompletion.revisited.ProjectModulesManager.getModuleAndRelatedModulesManager(ProjectModulesManager.java:204)
	at org.python.pydev.editor.codecompletion.revisited.ProjectModulesManager.getModule(ProjectModulesManager.java:170)
	at org.python.pydev.editor.codecompletion.revisited.AbstractASTManager.getModule(AbstractASTManager.java:434)
	at org.python.pydev.editor.codecompletion.revisited.AbstractASTManager.getCompletionsForWildImport(AbstractASTManager.java:1084)
	at org.python.pydev.editor.codecompletion.revisited.AbstractASTManager.getGlobalCompletions(AbstractASTManager.java:951)
	at org.python.pydev.editor.codecompletion.revisited.AbstractASTManager.internalGenerateGetCompletionsForModule(AbstractASTManager.java:662)
	at org.python.pydev.editor.codecompletion.revisited.AbstractASTManager.getCompletionsForModule(AbstractASTManager.java:541)
	at org.python.pydev.editor.codecompletion.revisited.AbstractASTManager.getCompletionsForModule(AbstractASTManager.java:510)
	at org.python.pydev.editor.codecompletion.revisited.AbstractASTManager.getCompletionsForModule(AbstractASTManager.java:502)
	at org.python.pydev.editor.codecompletion.revisited.modules.SourceModule.findGlobalTokDef(SourceModule.java:973)
	at org.python.pydev.editor.codecompletion.revisited.modules.SourceModule.findDefinitionsFromModAndTok(SourceModule.java:922)
	at org.python.pydev.editor.codecompletion.revisited.modules.SourceModule.findDefinition(SourceModule.java:904)
	at org.python.pydev.editor.codecompletion.revisited.modules.SourceModule.findDefinition(SourceModule.java:663)
	at org.python.pydev.editor.codecompletion.revisited.modules.SourceModule.findDefinition(SourceModule.java:1)
	at org.python.pydev.editor.refactoring.PyRefactoringFindDefinition.findActualDefinition(PyRefactoringFindDefinition.java:177)
	at org.python.pydev.editor.refactoring.PyRefactoringFindDefinition.findActualDefinition(PyRefactoringFindDefinition.java:79)
	at com.python.pydev.refactoring.refactorer.RefactorerFindDefinition.findDefinition(RefactorerFindDefinition.java:60)
	at com.python.pydev.refactoring.refactorer.Refactorer.findDefinition(Refactorer.java:73)
	at com.python.pydev.refactoring.wizards.rename.PyRenameEntryPoint.checkInitialConditions(PyRenameEntryPoint.java:183)
	at com.python.pydev.refactoring.markoccurrences.MarkOccurrencesJob.checkAnnotations(MarkOccurrencesJob.java:223)
	at com.python.pydev.refactoring.markoccurrences.MarkOccurrencesJob.run(MarkOccurrencesJob.java:127)
	at org.eclipse.core.internal.jobs.Worker.run(Worker.java:53)

!ENTRY org.eclipse.jface 2 0 2014-04-15 01:20:18.014
!MESSAGE Keybinding conflicts occurred.  They may interfere with normal accelerator operation.
!SUBENTRY 1 org.eclipse.jface 2 0 2014-04-15 01:20:18.014
!MESSAGE A conflict occurred for CTRL+SHIFT+F:
Binding(CTRL+SHIFT+F,
	ParameterizedCommand(Command(org.eclipse.wst.sse.ui.format.document,Format,
		Format selection,
		Category(org.eclipse.ui.category.edit,Edit,null,true),
		org.eclipse.ui.internal.MakeHandlersGo@139d77ed,
		,,true),null),
	org.eclipse.ui.defaultAcceleratorConfiguration,
	org.eclipse.wst.sse.ui.structuredTextEditorScope,,,system)
Binding(CTRL+SHIFT+F,
	ParameterizedCommand(Command(org.python.pydev.editor.actions.pyFormatStd,Python Format Code,
		Format Code,
		Category(org.python.pydev.ui.category.source,PyDev - Editor,PyDev editor category,true),
		org.eclipse.ui.internal.MakeHandlersGo@707d6463,
		,,true),null),
	org.eclipse.ui.defaultAcceleratorConfiguration,
	org.python.pydev.ui.editor.scope,,,system)
!SUBENTRY 1 org.eclipse.jface 2 0 2014-04-15 01:20:18.014
!MESSAGE A conflict occurred for ALT+SHIFT+ARROW_UP:
Binding(ALT+SHIFT+ARROW_UP,
	ParameterizedCommand(Command(org.eclipse.wst.sse.ui.structure.select.enclosing,Select Enclosing Element,
		Expand selection to include enclosing element,
		Category(org.eclipse.ui.category.edit,Edit,null,true),
		org.eclipse.ui.internal.MakeHandlersGo@168c658,
		,,true),null),
	org.eclipse.ui.defaultAcceleratorConfiguration,
	org.eclipse.wst.sse.ui.structuredTextEditorScope,,,system)
Binding(ALT+SHIFT+ARROW_UP,
	ParameterizedCommand(Command(org.python.pydev.editor.actions.selectEnclosingScope,Select Enclosing Scope,
		Select Enclosing Scope,
		Category(org.python.pydev.ui.category.source,PyDev - Editor,PyDev editor category,true),
		org.eclipse.ui.internal.MakeHandlersGo@3849d947,
		,,true),null),
	org.eclipse.ui.defaultAcceleratorConfiguration,
	org.python.pydev.ui.editor.scope,,,system)
!SUBENTRY 1 org.eclipse.jface 2 0 2014-04-15 01:20:18.014
!MESSAGE A conflict occurred for CTRL+SHIFT+P:
Binding(CTRL+SHIFT+P,
	ParameterizedCommand(Command(org.eclipse.wst.sse.ui.goto.matching.bracket,Matching Character,
		Go to Matching Character,
		Category(org.eclipse.ui.category.navigate,Navigate,null,true),
		org.eclipse.ui.internal.MakeHandlersGo@25ba47ef,
		,,true),null),
	org.eclipse.ui.defaultAcceleratorConfiguration,
	org.eclipse.wst.sse.ui.structuredTextEditorScope,,,system)
Binding(CTRL+SHIFT+P,
	ParameterizedCommand(Command(org.python.pydev.editor.actions.goToMatchingBracket,Go to Matching Bracket,
		Go to Matching Bracket,
		Category(org.python.pydev.ui.category.source,PyDev - Editor,PyDev editor category,true),
		org.eclipse.ui.internal.MakeHandlersGo@7857e12f,
		,,true),null),
	org.eclipse.ui.defaultAcceleratorConfiguration,
	org.python.pydev.ui.editor.scope,,,system)
!SUBENTRY 1 org.eclipse.jface 2 0 2014-04-15 01:20:18.014
!MESSAGE A conflict occurred for CTRL+O:
Binding(CTRL+O,
	ParameterizedCommand(Command(org.eclipse.wst.sse.ui.quick_outline,Quick Outline,
		Show the quick outline for the editor input,
		Category(org.eclipse.ui.category.navigate,Navigate,null,true),
		org.eclipse.ui.internal.MakeHandlersGo@51811262,
		,,true),null),
	org.eclipse.ui.defaultAcceleratorConfiguration,
	org.eclipse.wst.sse.ui.structuredTextEditorScope,,,system)
Binding(CTRL+O,
	ParameterizedCommand(Command(org.python.pydev.editor.actions.pyShowOutline,Python Show Outline,
		Show Outline,
		Category(org.python.pydev.ui.category.source,PyDev - Editor,PyDev editor category,true),
		org.eclipse.ui.internal.MakeHandlersGo@70de09bb,
		,,true),null),
	org.eclipse.ui.defaultAcceleratorConfiguration,
	org.python.pydev.ui.editor.scope,,,system)
!SUBENTRY 1 org.eclipse.jface 2 0 2014-04-15 01:20:18.014
!MESSAGE A conflict occurred for F3:
Binding(F3,
	ParameterizedCommand(Command(org.eclipse.jdt.ui.edit.text.java.open.editor,Open Declaration,
		Open an editor on the selected element,
		Category(org.eclipse.ui.category.navigate,Navigate,null,true),
		org.eclipse.ui.internal.MakeHandlersGo@1510de1,
		,,true),null),
	org.eclipse.ui.defaultAcceleratorConfiguration,
	org.eclipse.ui.contexts.window,,,system)
Binding(F3,
	ParameterizedCommand(Command(org.eclipse.wst.sse.ui.open.file.from.source,Open Selection,
		Open an editor on the selected link,
		Category(org.eclipse.ui.category.edit,Edit,null,true),
		org.eclipse.ui.internal.MakeHandlersGo@70662f73,
		,,true),null),
	org.eclipse.ui.defaultAcceleratorConfiguration,
	org.eclipse.wst.sse.ui.structuredTextEditorScope,,,system)
Binding(F3,
	ParameterizedCommand(Command(org.python.pydev.editor.actions.navigation.pyGoToDefinition,Python Go To Definition,
		Goes to the definition of a python element,
		Category(org.python.pydev.ui.category.source,PyDev - Editor,PyDev editor category,true),
		org.eclipse.ui.internal.MakeHandlersGo@44b560ab,
		,,true),null),
	org.eclipse.ui.defaultAcceleratorConfiguration,
	org.python.pydev.ui.editor.scope,,,system)
!SUBENTRY 1 org.eclipse.jface 2 0 2014-04-15 01:20:18.014
!MESSAGE A conflict occurred for ALT+SHIFT+ARROW_DOWN:
Binding(ALT+SHIFT+ARROW_DOWN,
	ParameterizedCommand(Command(org.eclipse.wst.sse.ui.structure.select.last,Restore Last Selection,
		Restore last selection,
		Category(org.eclipse.ui.category.edit,Edit,null,true),
		org.eclipse.ui.internal.MakeHandlersGo@242aa2fb,
		,,true),null),
	org.eclipse.ui.defaultAcceleratorConfiguration,
	org.eclipse.wst.sse.ui.structuredTextEditorScope,,,system)
Binding(ALT+SHIFT+ARROW_DOWN,
	ParameterizedCommand(Command(org.python.pydev.editor.actions.deselectEnclosingScope,Deselect Enclosing Scope,
		Deselect Enclosing Scope,
		Category(org.python.pydev.ui.category.source,PyDev - Editor,PyDev editor category,true),
		org.eclipse.ui.internal.MakeHandlersGo@5fdd9dca,
		,,true),null),
	org.eclipse.ui.defaultAcceleratorConfiguration,
	org.python.pydev.ui.editor.scope,,,system)
!SUBENTRY 1 org.eclipse.jface 2 0 2014-04-15 01:20:18.015
!MESSAGE A conflict occurred for CTRL+SHIFT+ARROW_UP:
Binding(CTRL+SHIFT+ARROW_UP,
	ParameterizedCommand(Command(org.eclipse.wst.xml.ui.previousSibling,Previous Sibling,
		Go to Previous Sibling,
		Category(org.eclipse.ui.category.edit,Edit,null,true),
		org.eclipse.ui.internal.MakeHandlersGo@1d30cfca,
		,,true),null),
	org.eclipse.ui.defaultAcceleratorConfiguration,
	org.eclipse.wst.sse.ui.structuredTextEditorScope,,,system)
Binding(CTRL+SHIFT+ARROW_UP,
	ParameterizedCommand(Command(org.python.pydev.editor.actions.navigation.previousMethod,Previous Method or Class,
		Navigates to the previous method or class definition,
		Category(org.python.pydev.ui.category.source,PyDev - Editor,PyDev editor category,true),
		org.eclipse.ui.internal.MakeHandlersGo@4ea269f1,
		,,true),null),
	org.eclipse.ui.defaultAcceleratorConfiguration,
	org.python.pydev.ui.editor.scope,,,system)
!SUBENTRY 1 org.eclipse.jface 2 0 2014-04-15 01:20:18.015
!MESSAGE A conflict occurred for CTRL+SHIFT+ARROW_DOWN:
Binding(CTRL+SHIFT+ARROW_DOWN,
	ParameterizedCommand(Command(org.eclipse.wst.xml.ui.nextSibling,Next Sibling,
		Go to Next Sibling,
		Category(org.eclipse.ui.category.edit,Edit,null,true),
		org.eclipse.ui.internal.MakeHandlersGo@1386e5b4,
		,,true),null),
	org.eclipse.ui.defaultAcceleratorConfiguration,
	org.eclipse.wst.sse.ui.structuredTextEditorScope,,,system)
Binding(CTRL+SHIFT+ARROW_DOWN,
	ParameterizedCommand(Command(org.python.pydev.editor.actions.navigation.nextMethod,Next Method or Class,
		Navigates to the next method or class definition,
		Category(org.python.pydev.ui.category.source,PyDev - Editor,PyDev editor category,true),
		org.eclipse.ui.internal.MakeHandlersGo@8d9758c,
		,,true),null),
	org.eclipse.ui.defaultAcceleratorConfiguration,
	org.python.pydev.ui.editor.scope,,,system)

!ENTRY org.eclipse.ui 4 0 2014-04-15 01:34:13.894
!MESSAGE Unhandled event loop exception
!STACK 0
java.lang.NullPointerException
	at org.eclipse.swt.accessibility.AccessibleObject.addRelation(AccessibleObject.java:3514)
	at org.eclipse.swt.accessibility.Accessible.addRelations(Accessible.java:416)
	at org.eclipse.swt.accessibility.AccessibleFactory.atkObjectFactory_create_accessible(AccessibleFactory.java:342)
	at org.eclipse.swt.internal.gtk.OS._g_main_context_iteration(Native Method)
	at org.eclipse.swt.internal.gtk.OS.g_main_context_iteration(OS.java:2342)
	at org.eclipse.swt.widgets.Display.readAndDispatch(Display.java:3184)
	at org.eclipse.jface.window.Window.runEventLoop(Window.java:825)
	at org.eclipse.jface.window.Window.open(Window.java:801)
	at org.eclipse.ui.dialogs.PropertyDialogAction.run(PropertyDialogAction.java:158)
	at org.eclipse.jface.action.Action.runWithEvent(Action.java:498)
	at org.eclipse.jface.action.ActionContributionItem.handleWidgetSelection(ActionContributionItem.java:584)
	at org.eclipse.jface.action.ActionContributionItem.access$2(ActionContributionItem.java:501)
	at org.eclipse.jface.action.ActionContributionItem$5.handleEvent(ActionContributionItem.java:411)
	at org.eclipse.swt.widgets.EventTable.sendEvent(EventTable.java:84)
	at org.eclipse.swt.widgets.Widget.sendEvent(Widget.java:1276)
	at org.eclipse.swt.widgets.Display.runDeferredEvents(Display.java:3562)
	at org.eclipse.swt.widgets.Display.readAndDispatch(Display.java:3186)
	at org.eclipse.e4.ui.internal.workbench.swt.PartRenderingEngine$9.run(PartRenderingEngine.java:1053)
	at org.eclipse.core.databinding.observable.Realm.runWithDefault(Realm.java:332)
	at org.eclipse.e4.ui.internal.workbench.swt.PartRenderingEngine.run(PartRenderingEngine.java:942)
	at org.eclipse.e4.ui.internal.workbench.E4Workbench.createAndRunUI(E4Workbench.java:86)
	at org.eclipse.ui.internal.Workbench$5.run(Workbench.java:588)
	at org.eclipse.core.databinding.observable.Realm.runWithDefault(Realm.java:332)
	at org.eclipse.ui.internal.Workbench.createAndRunWorkbench(Workbench.java:543)
	at org.eclipse.ui.PlatformUI.createAndRunWorkbench(PlatformUI.java:149)
	at org.eclipse.ui.internal.ide.application.IDEApplication.start(IDEApplication.java:124)
	at org.eclipse.equinox.internal.app.EclipseAppHandle.run(EclipseAppHandle.java:196)
	at org.eclipse.core.runtime.internal.adaptor.EclipseAppLauncher.runApplication(EclipseAppLauncher.java:110)
	at org.eclipse.core.runtime.internal.adaptor.EclipseAppLauncher.start(EclipseAppLauncher.java:79)
	at org.eclipse.core.runtime.adaptor.EclipseStarter.run(EclipseStarter.java:353)
	at org.eclipse.core.runtime.adaptor.EclipseStarter.run(EclipseStarter.java:180)
	at sun.reflect.NativeMethodAccessorImpl.invoke0(Native Method)
	at sun.reflect.NativeMethodAccessorImpl.invoke(NativeMethodAccessorImpl.java:57)
	at sun.reflect.DelegatingMethodAccessorImpl.invoke(DelegatingMethodAccessorImpl.java:43)
	at java.lang.reflect.Method.invoke(Method.java:622)
	at org.eclipse.equinox.launcher.Main.invokeFramework(Main.java:629)
	at org.eclipse.equinox.launcher.Main.basicRun(Main.java:584)
	at org.eclipse.equinox.launcher.Main.run(Main.java:1438)
	at org.eclipse.equinox.launcher.Main.main(Main.java:1414)

!ENTRY org.eclipse.jface 2 0 2014-04-15 01:50:26.054
!MESSAGE Keybinding conflicts occurred.  They may interfere with normal accelerator operation.
!SUBENTRY 1 org.eclipse.jface 2 0 2014-04-15 01:50:26.054
!MESSAGE A conflict occurred for CTRL+I:
Binding(CTRL+I,
	ParameterizedCommand(Command(org.eclipse.jdt.ui.edit.text.java.indent,Correct Indentation,
		Corrects the indentation of the selected lines,
		Category(org.eclipse.jdt.ui.category.source,Source,Java Source Actions,true),
		org.eclipse.ui.internal.MakeHandlersGo@2f7b4c2c,
		,,true),null),
	org.eclipse.ui.defaultAcceleratorConfiguration,
	org.eclipse.jdt.ui.javaEditorScope,,,system)
Binding(CTRL+I,
	ParameterizedCommand(Command(org.eclipse.wst.sse.ui.format.active.elements,Format Active Elements,
		Format active elements,
		Category(org.eclipse.ui.category.edit,Edit,null,true),
		org.eclipse.ui.internal.MakeHandlersGo@71c637f9,
		,,true),null),
	org.eclipse.ui.defaultAcceleratorConfiguration,
	org.eclipse.wst.sse.ui.structuredTextEditorScope,,,system)
!SUBENTRY 1 org.eclipse.jface 2 0 2014-04-15 01:50:26.054
!MESSAGE A conflict occurred for CTRL+SHIFT+/:
Binding(CTRL+SHIFT+/,
	ParameterizedCommand(Command(org.eclipse.jdt.ui.edit.text.java.add.block.comment,Add Block Comment,
		Enclose the selection with a block comment,
		Category(org.eclipse.jdt.ui.category.source,Source,Java Source Actions,true),
		org.eclipse.ui.internal.MakeHandlersGo@47c5f50e,
		,,true),null),
	org.eclipse.ui.defaultAcceleratorConfiguration,
	org.eclipse.jdt.ui.javaEditorScope,,,system)
Binding(CTRL+SHIFT+/,
	ParameterizedCommand(Command(org.eclipse.wst.sse.ui.add.block.comment,Add Block Comment,
		Add Block Comment,
		Category(org.eclipse.ui.category.edit,Edit,null,true),
		org.eclipse.ui.internal.MakeHandlersGo@108c6656,
		,,true),null),
	org.eclipse.ui.defaultAcceleratorConfiguration,
	org.eclipse.wst.sse.ui.structuredTextEditorScope,,,system)
!SUBENTRY 1 org.eclipse.jface 2 0 2014-04-15 01:50:26.054
!MESSAGE A conflict occurred for CTRL+SHIFT+C:
Binding(CTRL+SHIFT+C,
	ParameterizedCommand(Command(org.eclipse.jdt.ui.edit.text.java.toggle.comment,Toggle Comment,
		Toggle comment the selected lines,
		Category(org.eclipse.jdt.ui.category.source,Source,Java Source Actions,true),
		org.eclipse.ui.internal.MakeHandlersGo@155b8ef2,
		,,true),null),
	org.eclipse.ui.defaultAcceleratorConfiguration,
	org.eclipse.jdt.ui.javaEditorScope,,,system)
Binding(CTRL+SHIFT+C,
	ParameterizedCommand(Command(org.eclipse.wst.sse.ui.toggle.comment,Toggle Comment,
		Toggle Comment,
		Category(org.eclipse.ui.category.edit,Edit,null,true),
		org.eclipse.ui.internal.MakeHandlersGo@60dc7530,
		,,true),null),
	org.eclipse.ui.defaultAcceleratorConfiguration,
	org.eclipse.wst.sse.ui.structuredTextEditorScope,,,system)
!SUBENTRY 1 org.eclipse.jface 2 0 2014-04-15 01:50:26.054
!MESSAGE A conflict occurred for ALT+SHIFT+ARROW_RIGHT:
Binding(ALT+SHIFT+ARROW_RIGHT,
	ParameterizedCommand(Command(org.eclipse.jdt.ui.edit.text.java.select.next,Select Next Element,
		Expand selection to include next sibling,
		Category(org.eclipse.ui.category.edit,Edit,null,true),
		org.eclipse.ui.internal.MakeHandlersGo@2e05bcd2,
		,,true),null),
	org.eclipse.ui.defaultAcceleratorConfiguration,
	org.eclipse.jdt.ui.javaEditorScope,,,system)
Binding(ALT+SHIFT+ARROW_RIGHT,
	ParameterizedCommand(Command(org.eclipse.wst.sse.ui.structure.select.next,Select Next Element,
		Expand selection to include next sibling,
		Category(org.eclipse.ui.category.edit,Edit,null,true),
		org.eclipse.ui.internal.MakeHandlersGo@129ace22,
		,,true),null),
	org.eclipse.ui.defaultAcceleratorConfiguration,
	org.eclipse.wst.sse.ui.structuredTextEditorScope,,,system)
!SUBENTRY 1 org.eclipse.jface 2 0 2014-04-15 01:50:26.054
!MESSAGE A conflict occurred for CTRL+SHIFT+\:
Binding(CTRL+SHIFT+\,
	ParameterizedCommand(Command(org.eclipse.jdt.ui.edit.text.java.remove.block.comment,Remove Block Comment,
		Remove the block comment enclosing the selection,
		Category(org.eclipse.jdt.ui.category.source,Source,Java Source Actions,true),
		org.eclipse.ui.internal.MakeHandlersGo@7aaf9698,
		,,true),null),
	org.eclipse.ui.defaultAcceleratorConfiguration,
	org.eclipse.jdt.ui.javaEditorScope,,,system)
Binding(CTRL+SHIFT+\,
	ParameterizedCommand(Command(org.eclipse.wst.sse.ui.remove.block.comment,Remove Block Comment,
		Remove Block Comment,
		Category(org.eclipse.ui.category.edit,Edit,null,true),
		org.eclipse.ui.internal.MakeHandlersGo@5510808f,
		,,true),null),
	org.eclipse.ui.defaultAcceleratorConfiguration,
	org.eclipse.wst.sse.ui.structuredTextEditorScope,,,system)
!SUBENTRY 1 org.eclipse.jface 2 0 2014-04-15 01:50:26.054
!MESSAGE A conflict occurred for ALT+SHIFT+ARROW_LEFT:
Binding(ALT+SHIFT+ARROW_LEFT,
	ParameterizedCommand(Command(org.eclipse.jdt.ui.edit.text.java.select.previous,Select Previous Element,
		Expand selection to include previous sibling,
		Category(org.eclipse.ui.category.edit,Edit,null,true),
		org.eclipse.ui.internal.MakeHandlersGo@1dc81415,
		,,true),null),
	org.eclipse.ui.defaultAcceleratorConfiguration,
	org.eclipse.jdt.ui.javaEditorScope,,,system)
Binding(ALT+SHIFT+ARROW_LEFT,
	ParameterizedCommand(Command(org.eclipse.wst.sse.ui.structure.select.previous,Select Previous Element,
		Expand selection to include previous sibling,
		Category(org.eclipse.ui.category.edit,Edit,null,true),
		org.eclipse.ui.internal.MakeHandlersGo@43e304a3,
		,,true),null),
	org.eclipse.ui.defaultAcceleratorConfiguration,
	org.eclipse.wst.sse.ui.structuredTextEditorScope,,,system)
!SESSION 2014-04-15 12:54:26.935 -----------------------------------------------
eclipse.buildId=M20130204-1200
java.version=1.6.0_30
java.vendor=Sun Microsystems Inc.
BootLoader constants: OS=linux, ARCH=x86_64, WS=gtk, NL=en_SG
Framework arguments:  -product org.eclipse.epp.package.jee.product
Command-line arguments:  -os linux -ws gtk -arch x86_64 -product org.eclipse.epp.package.jee.product

!ENTRY org.python.pydev.shared_core 4 4 2014-04-15 12:55:34.200
!MESSAGE The module simplejson.__init__ could not be found nor created!
!STACK 0
java.lang.RuntimeException: The module simplejson.__init__ could not be found nor created!
	at org.python.pydev.core.log.Log.log(Log.java:51)
	at org.python.pydev.editor.codecompletion.revisited.ModulesManager.getModule(ModulesManager.java:896)
	at org.python.pydev.editor.codecompletion.revisited.ModulesManager.getModule(ModulesManager.java:717)
	at org.python.pydev.editor.codecompletion.revisited.SystemModulesManager.getModuleWithoutBuiltins(SystemModulesManager.java:346)
	at org.python.pydev.editor.codecompletion.revisited.ProjectModulesManager.getModuleAndRelatedModulesManager(ProjectModulesManager.java:208)
	at org.python.pydev.editor.codecompletion.revisited.ProjectModulesManager.getModule(ProjectModulesManager.java:170)
	at org.python.pydev.editor.codecompletion.revisited.ProjectModulesManager.getModule(ProjectModulesManager.java:156)
	at org.python.pydev.editor.codecompletion.revisited.AbstractASTManager.getModule(AbstractASTManager.java:449)
	at org.python.pydev.editor.codecompletion.revisited.AbstractASTManager.findModuleFromPath(AbstractASTManager.java:1451)
	at org.python.pydev.editor.codecompletion.revisited.AbstractASTManager.findOnImportedMods(AbstractASTManager.java:1342)
	at org.python.pydev.editor.codecompletion.revisited.AbstractASTManager.findOnImportedMods(AbstractASTManager.java:1221)
	at com.python.pydev.analysis.visitors.ImportChecker.visitImportToken(ImportChecker.java:186)
	at com.python.pydev.analysis.visitors.ImportChecker.visitImportToken(ImportChecker.java:167)
	at com.python.pydev.analysis.visitors.Scope.addImportTokens(Scope.java:173)
	at com.python.pydev.analysis.scopeanalysis.AbstractScopeAnalyzerVisitor.visitImport(AbstractScopeAnalyzerVisitor.java:538)
	at org.python.pydev.parser.jython.ast.Import.accept(Import.java:79)
	at org.python.pydev.parser.jython.ast.Module.traverse(Module.java:86)
	at com.python.pydev.analysis.scopeanalysis.AbstractScopeAnalyzerVisitor.traverse(AbstractScopeAnalyzerVisitor.java:189)
	at com.python.pydev.analysis.visitors.OccurrencesVisitor.traverse(OccurrencesVisitor.java:262)
	at org.python.pydev.parser.jython.ast.VisitorBase.visitModule(VisitorBase.java:10)
	at org.python.pydev.parser.jython.ast.Module.accept(Module.java:79)
	at com.python.pydev.analysis.OccurrencesAnalyzer.analyzeDocument(OccurrencesAnalyzer.java:46)
	at com.python.pydev.analysis.builder.AnalysisBuilderRunnable.doAnalysis(AnalysisBuilderRunnable.java:234)
	at com.python.pydev.analysis.builder.AbstractAnalysisBuilderRunnable.run(AbstractAnalysisBuilderRunnable.java:152)
	at org.python.pydev.core.concurrency.RunnableAsJobsPoolThread$1.run(RunnableAsJobsPoolThread.java:102)
	at org.eclipse.core.internal.jobs.Worker.run(Worker.java:53)

!ENTRY org.eclipse.egit.ui 2 0 2014-04-15 12:55:34.849
!MESSAGE Warning: EGit couldn't detect the installation path "gitPrefix" of native Git. Hence EGit can't respect system level
Git settings which might be configured in ${gitPrefix}/etc/gitconfig under the native Git installation directory.
The most important of these settings is core.autocrlf. Git for Windows by default sets this parameter to true in
this system level configuration. The Git installation location can be configured on the
Team > Git > Configuration preference page's 'System Settings' tab.
This warning can be switched off on the Team > Git > Confirmations and Warnings preference page.

!ENTRY org.python.pydev.shared_core 4 4 2014-04-15 12:55:37.854
!MESSAGE /usr/local/lib/python3.3/site-packages/simplejson/__init__.py (Permission denied)
!STACK 0
java.io.FileNotFoundException: /usr/local/lib/python3.3/site-packages/simplejson/__init__.py (Permission denied)
	at java.io.FileInputStream.open(Native Method)
	at java.io.FileInputStream.<init>(FileInputStream.java:140)
	at org.python.pydev.core.FileUtilsFileBuffer.getCustomReturnFromFile(FileUtilsFileBuffer.java:159)
	at com.python.pydev.analysis.additionalinfo.AbstractAdditionalTokensInfo.addAstInfo(AbstractAdditionalTokensInfo.java:280)
	at com.python.pydev.analysis.additionalinfo.AbstractAdditionalDependencyInfo.updateKeysIfNeededAndSave(AbstractAdditionalDependencyInfo.java:221)
	at com.python.pydev.analysis.system_info_builder.InterpreterInfoBuilder$InterpreterBuilderJob.run(InterpreterInfoBuilder.java:89)
	at org.eclipse.core.internal.jobs.Worker.run(Worker.java:53)

!ENTRY org.python.pydev.shared_core 4 4 2014-04-15 12:55:37.869
!MESSAGE /usr/local/lib/python3.3/site-packages/simplejson/compat.py (Permission denied)
!STACK 0
java.io.FileNotFoundException: /usr/local/lib/python3.3/site-packages/simplejson/compat.py (Permission denied)
	at java.io.FileInputStream.open(Native Method)
	at java.io.FileInputStream.<init>(FileInputStream.java:140)
	at org.python.pydev.core.FileUtilsFileBuffer.getCustomReturnFromFile(FileUtilsFileBuffer.java:159)
	at com.python.pydev.analysis.additionalinfo.AbstractAdditionalTokensInfo.addAstInfo(AbstractAdditionalTokensInfo.java:280)
	at com.python.pydev.analysis.additionalinfo.AbstractAdditionalDependencyInfo.updateKeysIfNeededAndSave(AbstractAdditionalDependencyInfo.java:221)
	at com.python.pydev.analysis.system_info_builder.InterpreterInfoBuilder$InterpreterBuilderJob.run(InterpreterInfoBuilder.java:89)
	at org.eclipse.core.internal.jobs.Worker.run(Worker.java:53)

!ENTRY org.python.pydev.shared_core 4 4 2014-04-15 12:55:37.870
!MESSAGE /usr/local/lib/python3.3/site-packages/simplejson/decoder.py (Permission denied)
!STACK 0
java.io.FileNotFoundException: /usr/local/lib/python3.3/site-packages/simplejson/decoder.py (Permission denied)
	at java.io.FileInputStream.open(Native Method)
	at java.io.FileInputStream.<init>(FileInputStream.java:140)
	at org.python.pydev.core.FileUtilsFileBuffer.getCustomReturnFromFile(FileUtilsFileBuffer.java:159)
	at com.python.pydev.analysis.additionalinfo.AbstractAdditionalTokensInfo.addAstInfo(AbstractAdditionalTokensInfo.java:280)
	at com.python.pydev.analysis.additionalinfo.AbstractAdditionalDependencyInfo.updateKeysIfNeededAndSave(AbstractAdditionalDependencyInfo.java:221)
	at com.python.pydev.analysis.system_info_builder.InterpreterInfoBuilder$InterpreterBuilderJob.run(InterpreterInfoBuilder.java:89)
	at org.eclipse.core.internal.jobs.Worker.run(Worker.java:53)

!ENTRY org.python.pydev.shared_core 4 4 2014-04-15 12:55:37.871
!MESSAGE /usr/local/lib/python3.3/site-packages/simplejson/encoder.py (Permission denied)
!STACK 0
java.io.FileNotFoundException: /usr/local/lib/python3.3/site-packages/simplejson/encoder.py (Permission denied)
	at java.io.FileInputStream.open(Native Method)
	at java.io.FileInputStream.<init>(FileInputStream.java:140)
	at org.python.pydev.core.FileUtilsFileBuffer.getCustomReturnFromFile(FileUtilsFileBuffer.java:159)
	at com.python.pydev.analysis.additionalinfo.AbstractAdditionalTokensInfo.addAstInfo(AbstractAdditionalTokensInfo.java:280)
	at com.python.pydev.analysis.additionalinfo.AbstractAdditionalDependencyInfo.updateKeysIfNeededAndSave(AbstractAdditionalDependencyInfo.java:221)
	at com.python.pydev.analysis.system_info_builder.InterpreterInfoBuilder$InterpreterBuilderJob.run(InterpreterInfoBuilder.java:89)
	at org.eclipse.core.internal.jobs.Worker.run(Worker.java:53)

!ENTRY org.python.pydev.shared_core 4 4 2014-04-15 12:55:37.872
!MESSAGE /usr/local/lib/python3.3/site-packages/simplejson/ordered_dict.py (Permission denied)
!STACK 0
java.io.FileNotFoundException: /usr/local/lib/python3.3/site-packages/simplejson/ordered_dict.py (Permission denied)
	at java.io.FileInputStream.open(Native Method)
	at java.io.FileInputStream.<init>(FileInputStream.java:140)
	at org.python.pydev.core.FileUtilsFileBuffer.getCustomReturnFromFile(FileUtilsFileBuffer.java:159)
	at com.python.pydev.analysis.additionalinfo.AbstractAdditionalTokensInfo.addAstInfo(AbstractAdditionalTokensInfo.java:280)
	at com.python.pydev.analysis.additionalinfo.AbstractAdditionalDependencyInfo.updateKeysIfNeededAndSave(AbstractAdditionalDependencyInfo.java:221)
	at com.python.pydev.analysis.system_info_builder.InterpreterInfoBuilder$InterpreterBuilderJob.run(InterpreterInfoBuilder.java:89)
	at org.eclipse.core.internal.jobs.Worker.run(Worker.java:53)

!ENTRY org.python.pydev.shared_core 4 4 2014-04-15 12:55:37.873
!MESSAGE /usr/local/lib/python3.3/site-packages/simplejson/scanner.py (Permission denied)
!STACK 0
java.io.FileNotFoundException: /usr/local/lib/python3.3/site-packages/simplejson/scanner.py (Permission denied)
	at java.io.FileInputStream.open(Native Method)
	at java.io.FileInputStream.<init>(FileInputStream.java:140)
	at org.python.pydev.core.FileUtilsFileBuffer.getCustomReturnFromFile(FileUtilsFileBuffer.java:159)
	at com.python.pydev.analysis.additionalinfo.AbstractAdditionalTokensInfo.addAstInfo(AbstractAdditionalTokensInfo.java:280)
	at com.python.pydev.analysis.additionalinfo.AbstractAdditionalDependencyInfo.updateKeysIfNeededAndSave(AbstractAdditionalDependencyInfo.java:221)
	at com.python.pydev.analysis.system_info_builder.InterpreterInfoBuilder$InterpreterBuilderJob.run(InterpreterInfoBuilder.java:89)
	at org.eclipse.core.internal.jobs.Worker.run(Worker.java:53)

!ENTRY org.python.pydev.shared_core 4 4 2014-04-15 12:55:37.874
!MESSAGE /usr/local/lib/python3.3/site-packages/simplejson/tests/__init__.py (Permission denied)
!STACK 0
java.io.FileNotFoundException: /usr/local/lib/python3.3/site-packages/simplejson/tests/__init__.py (Permission denied)
	at java.io.FileInputStream.open(Native Method)
	at java.io.FileInputStream.<init>(FileInputStream.java:140)
	at org.python.pydev.core.FileUtilsFileBuffer.getCustomReturnFromFile(FileUtilsFileBuffer.java:159)
	at com.python.pydev.analysis.additionalinfo.AbstractAdditionalTokensInfo.addAstInfo(AbstractAdditionalTokensInfo.java:280)
	at com.python.pydev.analysis.additionalinfo.AbstractAdditionalDependencyInfo.updateKeysIfNeededAndSave(AbstractAdditionalDependencyInfo.java:221)
	at com.python.pydev.analysis.system_info_builder.InterpreterInfoBuilder$InterpreterBuilderJob.run(InterpreterInfoBuilder.java:89)
	at org.eclipse.core.internal.jobs.Worker.run(Worker.java:53)

!ENTRY org.python.pydev.shared_core 4 4 2014-04-15 12:55:37.875
!MESSAGE /usr/local/lib/python3.3/site-packages/simplejson/tests/test_bigint_as_string.py (Permission denied)
!STACK 0
java.io.FileNotFoundException: /usr/local/lib/python3.3/site-packages/simplejson/tests/test_bigint_as_string.py (Permission denied)
	at java.io.FileInputStream.open(Native Method)
	at java.io.FileInputStream.<init>(FileInputStream.java:140)
	at org.python.pydev.core.FileUtilsFileBuffer.getCustomReturnFromFile(FileUtilsFileBuffer.java:159)
	at com.python.pydev.analysis.additionalinfo.AbstractAdditionalTokensInfo.addAstInfo(AbstractAdditionalTokensInfo.java:280)
	at com.python.pydev.analysis.additionalinfo.AbstractAdditionalDependencyInfo.updateKeysIfNeededAndSave(AbstractAdditionalDependencyInfo.java:221)
	at com.python.pydev.analysis.system_info_builder.InterpreterInfoBuilder$InterpreterBuilderJob.run(InterpreterInfoBuilder.java:89)
	at org.eclipse.core.internal.jobs.Worker.run(Worker.java:53)

!ENTRY org.python.pydev.shared_core 4 4 2014-04-15 12:55:37.875
!MESSAGE /usr/local/lib/python3.3/site-packages/simplejson/tests/test_check_circular.py (Permission denied)
!STACK 0
java.io.FileNotFoundException: /usr/local/lib/python3.3/site-packages/simplejson/tests/test_check_circular.py (Permission denied)
	at java.io.FileInputStream.open(Native Method)
	at java.io.FileInputStream.<init>(FileInputStream.java:140)
	at org.python.pydev.core.FileUtilsFileBuffer.getCustomReturnFromFile(FileUtilsFileBuffer.java:159)
	at com.python.pydev.analysis.additionalinfo.AbstractAdditionalTokensInfo.addAstInfo(AbstractAdditionalTokensInfo.java:280)
	at com.python.pydev.analysis.additionalinfo.AbstractAdditionalDependencyInfo.updateKeysIfNeededAndSave(AbstractAdditionalDependencyInfo.java:221)
	at com.python.pydev.analysis.system_info_builder.InterpreterInfoBuilder$InterpreterBuilderJob.run(InterpreterInfoBuilder.java:89)
	at org.eclipse.core.internal.jobs.Worker.run(Worker.java:53)

!ENTRY org.python.pydev.shared_core 4 4 2014-04-15 12:55:37.876
!MESSAGE /usr/local/lib/python3.3/site-packages/simplejson/tests/test_decimal.py (Permission denied)
!STACK 0
java.io.FileNotFoundException: /usr/local/lib/python3.3/site-packages/simplejson/tests/test_decimal.py (Permission denied)
	at java.io.FileInputStream.open(Native Method)
	at java.io.FileInputStream.<init>(FileInputStream.java:140)
	at org.python.pydev.core.FileUtilsFileBuffer.getCustomReturnFromFile(FileUtilsFileBuffer.java:159)
	at com.python.pydev.analysis.additionalinfo.AbstractAdditionalTokensInfo.addAstInfo(AbstractAdditionalTokensInfo.java:280)
	at com.python.pydev.analysis.additionalinfo.AbstractAdditionalDependencyInfo.updateKeysIfNeededAndSave(AbstractAdditionalDependencyInfo.java:221)
	at com.python.pydev.analysis.system_info_builder.InterpreterInfoBuilder$InterpreterBuilderJob.run(InterpreterInfoBuilder.java:89)
	at org.eclipse.core.internal.jobs.Worker.run(Worker.java:53)

!ENTRY org.python.pydev.shared_core 4 4 2014-04-15 12:55:37.889
!MESSAGE /usr/local/lib/python3.3/site-packages/simplejson/tests/test_decode.py (Permission denied)
!STACK 0
java.io.FileNotFoundException: /usr/local/lib/python3.3/site-packages/simplejson/tests/test_decode.py (Permission denied)
	at java.io.FileInputStream.open(Native Method)
	at java.io.FileInputStream.<init>(FileInputStream.java:140)
	at org.python.pydev.core.FileUtilsFileBuffer.getCustomReturnFromFile(FileUtilsFileBuffer.java:159)
	at com.python.pydev.analysis.additionalinfo.AbstractAdditionalTokensInfo.addAstInfo(AbstractAdditionalTokensInfo.java:280)
	at com.python.pydev.analysis.additionalinfo.AbstractAdditionalDependencyInfo.updateKeysIfNeededAndSave(AbstractAdditionalDependencyInfo.java:221)
	at com.python.pydev.analysis.system_info_builder.InterpreterInfoBuilder$InterpreterBuilderJob.run(InterpreterInfoBuilder.java:89)
	at org.eclipse.core.internal.jobs.Worker.run(Worker.java:53)

!ENTRY org.python.pydev.shared_core 4 4 2014-04-15 12:55:37.890
!MESSAGE /usr/local/lib/python3.3/site-packages/simplejson/tests/test_default.py (Permission denied)
!STACK 0
java.io.FileNotFoundException: /usr/local/lib/python3.3/site-packages/simplejson/tests/test_default.py (Permission denied)
	at java.io.FileInputStream.open(Native Method)
	at java.io.FileInputStream.<init>(FileInputStream.java:140)
	at org.python.pydev.core.FileUtilsFileBuffer.getCustomReturnFromFile(FileUtilsFileBuffer.java:159)
	at com.python.pydev.analysis.additionalinfo.AbstractAdditionalTokensInfo.addAstInfo(AbstractAdditionalTokensInfo.java:280)
	at com.python.pydev.analysis.additionalinfo.AbstractAdditionalDependencyInfo.updateKeysIfNeededAndSave(AbstractAdditionalDependencyInfo.java:221)
	at com.python.pydev.analysis.system_info_builder.InterpreterInfoBuilder$InterpreterBuilderJob.run(InterpreterInfoBuilder.java:89)
	at org.eclipse.core.internal.jobs.Worker.run(Worker.java:53)

!ENTRY org.python.pydev.shared_core 4 4 2014-04-15 12:55:37.891
!MESSAGE /usr/local/lib/python3.3/site-packages/simplejson/tests/test_dump.py (Permission denied)
!STACK 0
java.io.FileNotFoundException: /usr/local/lib/python3.3/site-packages/simplejson/tests/test_dump.py (Permission denied)
	at java.io.FileInputStream.open(Native Method)
	at java.io.FileInputStream.<init>(FileInputStream.java:140)
	at org.python.pydev.core.FileUtilsFileBuffer.getCustomReturnFromFile(FileUtilsFileBuffer.java:159)
	at com.python.pydev.analysis.additionalinfo.AbstractAdditionalTokensInfo.addAstInfo(AbstractAdditionalTokensInfo.java:280)
	at com.python.pydev.analysis.additionalinfo.AbstractAdditionalDependencyInfo.updateKeysIfNeededAndSave(AbstractAdditionalDependencyInfo.java:221)
	at com.python.pydev.analysis.system_info_builder.InterpreterInfoBuilder$InterpreterBuilderJob.run(InterpreterInfoBuilder.java:89)
	at org.eclipse.core.internal.jobs.Worker.run(Worker.java:53)

!ENTRY org.python.pydev.shared_core 4 4 2014-04-15 12:55:37.892
!MESSAGE /usr/local/lib/python3.3/site-packages/simplejson/tests/test_encode_basestring_ascii.py (Permission denied)
!STACK 0
java.io.FileNotFoundException: /usr/local/lib/python3.3/site-packages/simplejson/tests/test_encode_basestring_ascii.py (Permission denied)
	at java.io.FileInputStream.open(Native Method)
	at java.io.FileInputStream.<init>(FileInputStream.java:140)
	at org.python.pydev.core.FileUtilsFileBuffer.getCustomReturnFromFile(FileUtilsFileBuffer.java:159)
	at com.python.pydev.analysis.additionalinfo.AbstractAdditionalTokensInfo.addAstInfo(AbstractAdditionalTokensInfo.java:280)
	at com.python.pydev.analysis.additionalinfo.AbstractAdditionalDependencyInfo.updateKeysIfNeededAndSave(AbstractAdditionalDependencyInfo.java:221)
	at com.python.pydev.analysis.system_info_builder.InterpreterInfoBuilder$InterpreterBuilderJob.run(InterpreterInfoBuilder.java:89)
	at org.eclipse.core.internal.jobs.Worker.run(Worker.java:53)

!ENTRY org.python.pydev.shared_core 4 4 2014-04-15 12:55:37.893
!MESSAGE /usr/local/lib/python3.3/site-packages/simplejson/tests/test_encode_for_html.py (Permission denied)
!STACK 0
java.io.FileNotFoundException: /usr/local/lib/python3.3/site-packages/simplejson/tests/test_encode_for_html.py (Permission denied)
	at java.io.FileInputStream.open(Native Method)
	at java.io.FileInputStream.<init>(FileInputStream.java:140)
	at org.python.pydev.core.FileUtilsFileBuffer.getCustomReturnFromFile(FileUtilsFileBuffer.java:159)
	at com.python.pydev.analysis.additionalinfo.AbstractAdditionalTokensInfo.addAstInfo(AbstractAdditionalTokensInfo.java:280)
	at com.python.pydev.analysis.additionalinfo.AbstractAdditionalDependencyInfo.updateKeysIfNeededAndSave(AbstractAdditionalDependencyInfo.java:221)
	at com.python.pydev.analysis.system_info_builder.InterpreterInfoBuilder$InterpreterBuilderJob.run(InterpreterInfoBuilder.java:89)
	at org.eclipse.core.internal.jobs.Worker.run(Worker.java:53)

!ENTRY org.python.pydev.shared_core 4 4 2014-04-15 12:55:37.894
!MESSAGE /usr/local/lib/python3.3/site-packages/simplejson/tests/test_errors.py (Permission denied)
!STACK 0
java.io.FileNotFoundException: /usr/local/lib/python3.3/site-packages/simplejson/tests/test_errors.py (Permission denied)
	at java.io.FileInputStream.open(Native Method)
	at java.io.FileInputStream.<init>(FileInputStream.java:140)
	at org.python.pydev.core.FileUtilsFileBuffer.getCustomReturnFromFile(FileUtilsFileBuffer.java:159)
	at com.python.pydev.analysis.additionalinfo.AbstractAdditionalTokensInfo.addAstInfo(AbstractAdditionalTokensInfo.java:280)
	at com.python.pydev.analysis.additionalinfo.AbstractAdditionalDependencyInfo.updateKeysIfNeededAndSave(AbstractAdditionalDependencyInfo.java:221)
	at com.python.pydev.analysis.system_info_builder.InterpreterInfoBuilder$InterpreterBuilderJob.run(InterpreterInfoBuilder.java:89)
	at org.eclipse.core.internal.jobs.Worker.run(Worker.java:53)

!ENTRY org.python.pydev.shared_core 4 4 2014-04-15 12:55:37.895
!MESSAGE /usr/local/lib/python3.3/site-packages/simplejson/tests/test_fail.py (Permission denied)
!STACK 0
java.io.FileNotFoundException: /usr/local/lib/python3.3/site-packages/simplejson/tests/test_fail.py (Permission denied)
	at java.io.FileInputStream.open(Native Method)
	at java.io.FileInputStream.<init>(FileInputStream.java:140)
	at org.python.pydev.core.FileUtilsFileBuffer.getCustomReturnFromFile(FileUtilsFileBuffer.java:159)
	at com.python.pydev.analysis.additionalinfo.AbstractAdditionalTokensInfo.addAstInfo(AbstractAdditionalTokensInfo.java:280)
	at com.python.pydev.analysis.additionalinfo.AbstractAdditionalDependencyInfo.updateKeysIfNeededAndSave(AbstractAdditionalDependencyInfo.java:221)
	at com.python.pydev.analysis.system_info_builder.InterpreterInfoBuilder$InterpreterBuilderJob.run(InterpreterInfoBuilder.java:89)
	at org.eclipse.core.internal.jobs.Worker.run(Worker.java:53)

!ENTRY org.python.pydev.shared_core 4 4 2014-04-15 12:55:37.895
!MESSAGE /usr/local/lib/python3.3/site-packages/simplejson/tests/test_float.py (Permission denied)
!STACK 0
java.io.FileNotFoundException: /usr/local/lib/python3.3/site-packages/simplejson/tests/test_float.py (Permission denied)
	at java.io.FileInputStream.open(Native Method)
	at java.io.FileInputStream.<init>(FileInputStream.java:140)
	at org.python.pydev.core.FileUtilsFileBuffer.getCustomReturnFromFile(FileUtilsFileBuffer.java:159)
	at com.python.pydev.analysis.additionalinfo.AbstractAdditionalTokensInfo.addAstInfo(AbstractAdditionalTokensInfo.java:280)
	at com.python.pydev.analysis.additionalinfo.AbstractAdditionalDependencyInfo.updateKeysIfNeededAndSave(AbstractAdditionalDependencyInfo.java:221)
	at com.python.pydev.analysis.system_info_builder.InterpreterInfoBuilder$InterpreterBuilderJob.run(InterpreterInfoBuilder.java:89)
	at org.eclipse.core.internal.jobs.Worker.run(Worker.java:53)

!ENTRY org.python.pydev.shared_core 4 4 2014-04-15 12:55:37.896
!MESSAGE /usr/local/lib/python3.3/site-packages/simplejson/tests/test_for_json.py (Permission denied)
!STACK 0
java.io.FileNotFoundException: /usr/local/lib/python3.3/site-packages/simplejson/tests/test_for_json.py (Permission denied)
	at java.io.FileInputStream.open(Native Method)
	at java.io.FileInputStream.<init>(FileInputStream.java:140)
	at org.python.pydev.core.FileUtilsFileBuffer.getCustomReturnFromFile(FileUtilsFileBuffer.java:159)
	at com.python.pydev.analysis.additionalinfo.AbstractAdditionalTokensInfo.addAstInfo(AbstractAdditionalTokensInfo.java:280)
	at com.python.pydev.analysis.additionalinfo.AbstractAdditionalDependencyInfo.updateKeysIfNeededAndSave(AbstractAdditionalDependencyInfo.java:221)
	at com.python.pydev.analysis.system_info_builder.InterpreterInfoBuilder$InterpreterBuilderJob.run(InterpreterInfoBuilder.java:89)
	at org.eclipse.core.internal.jobs.Worker.run(Worker.java:53)

!ENTRY org.python.pydev.shared_core 4 4 2014-04-15 12:55:37.897
!MESSAGE /usr/local/lib/python3.3/site-packages/simplejson/tests/test_indent.py (Permission denied)
!STACK 0
java.io.FileNotFoundException: /usr/local/lib/python3.3/site-packages/simplejson/tests/test_indent.py (Permission denied)
	at java.io.FileInputStream.open(Native Method)
	at java.io.FileInputStream.<init>(FileInputStream.java:140)
	at org.python.pydev.core.FileUtilsFileBuffer.getCustomReturnFromFile(FileUtilsFileBuffer.java:159)
	at com.python.pydev.analysis.additionalinfo.AbstractAdditionalTokensInfo.addAstInfo(AbstractAdditionalTokensInfo.java:280)
	at com.python.pydev.analysis.additionalinfo.AbstractAdditionalDependencyInfo.updateKeysIfNeededAndSave(AbstractAdditionalDependencyInfo.java:221)
	at com.python.pydev.analysis.system_info_builder.InterpreterInfoBuilder$InterpreterBuilderJob.run(InterpreterInfoBuilder.java:89)
	at org.eclipse.core.internal.jobs.Worker.run(Worker.java:53)

!ENTRY org.python.pydev.shared_core 4 4 2014-04-15 12:55:37.898
!MESSAGE /usr/local/lib/python3.3/site-packages/simplejson/tests/test_item_sort_key.py (Permission denied)
!STACK 0
java.io.FileNotFoundException: /usr/local/lib/python3.3/site-packages/simplejson/tests/test_item_sort_key.py (Permission denied)
	at java.io.FileInputStream.open(Native Method)
	at java.io.FileInputStream.<init>(FileInputStream.java:140)
	at org.python.pydev.core.FileUtilsFileBuffer.getCustomReturnFromFile(FileUtilsFileBuffer.java:159)
	at com.python.pydev.analysis.additionalinfo.AbstractAdditionalTokensInfo.addAstInfo(AbstractAdditionalTokensInfo.java:280)
	at com.python.pydev.analysis.additionalinfo.AbstractAdditionalDependencyInfo.updateKeysIfNeededAndSave(AbstractAdditionalDependencyInfo.java:221)
	at com.python.pydev.analysis.system_info_builder.InterpreterInfoBuilder$InterpreterBuilderJob.run(InterpreterInfoBuilder.java:89)
	at org.eclipse.core.internal.jobs.Worker.run(Worker.java:53)

!ENTRY org.python.pydev.shared_core 4 4 2014-04-15 12:55:37.899
!MESSAGE /usr/local/lib/python3.3/site-packages/simplejson/tests/test_namedtuple.py (Permission denied)
!STACK 0
java.io.FileNotFoundException: /usr/local/lib/python3.3/site-packages/simplejson/tests/test_namedtuple.py (Permission denied)
	at java.io.FileInputStream.open(Native Method)
	at java.io.FileInputStream.<init>(FileInputStream.java:140)
	at org.python.pydev.core.FileUtilsFileBuffer.getCustomReturnFromFile(FileUtilsFileBuffer.java:159)
	at com.python.pydev.analysis.additionalinfo.AbstractAdditionalTokensInfo.addAstInfo(AbstractAdditionalTokensInfo.java:280)
	at com.python.pydev.analysis.additionalinfo.AbstractAdditionalDependencyInfo.updateKeysIfNeededAndSave(AbstractAdditionalDependencyInfo.java:221)
	at com.python.pydev.analysis.system_info_builder.InterpreterInfoBuilder$InterpreterBuilderJob.run(InterpreterInfoBuilder.java:89)
	at org.eclipse.core.internal.jobs.Worker.run(Worker.java:53)

!ENTRY org.python.pydev.shared_core 4 4 2014-04-15 12:55:37.900
!MESSAGE /usr/local/lib/python3.3/site-packages/simplejson/tests/test_pass1.py (Permission denied)
!STACK 0
java.io.FileNotFoundException: /usr/local/lib/python3.3/site-packages/simplejson/tests/test_pass1.py (Permission denied)
	at java.io.FileInputStream.open(Native Method)
	at java.io.FileInputStream.<init>(FileInputStream.java:140)
	at org.python.pydev.core.FileUtilsFileBuffer.getCustomReturnFromFile(FileUtilsFileBuffer.java:159)
	at com.python.pydev.analysis.additionalinfo.AbstractAdditionalTokensInfo.addAstInfo(AbstractAdditionalTokensInfo.java:280)
	at com.python.pydev.analysis.additionalinfo.AbstractAdditionalDependencyInfo.updateKeysIfNeededAndSave(AbstractAdditionalDependencyInfo.java:221)
	at com.python.pydev.analysis.system_info_builder.InterpreterInfoBuilder$InterpreterBuilderJob.run(InterpreterInfoBuilder.java:89)
	at org.eclipse.core.internal.jobs.Worker.run(Worker.java:53)

!ENTRY org.python.pydev.shared_core 4 4 2014-04-15 12:55:37.917
!MESSAGE /usr/local/lib/python3.3/site-packages/simplejson/tests/test_pass2.py (Permission denied)
!STACK 0
java.io.FileNotFoundException: /usr/local/lib/python3.3/site-packages/simplejson/tests/test_pass2.py (Permission denied)
	at java.io.FileInputStream.open(Native Method)
	at java.io.FileInputStream.<init>(FileInputStream.java:140)
	at org.python.pydev.core.FileUtilsFileBuffer.getCustomReturnFromFile(FileUtilsFileBuffer.java:159)
	at com.python.pydev.analysis.additionalinfo.AbstractAdditionalTokensInfo.addAstInfo(AbstractAdditionalTokensInfo.java:280)
	at com.python.pydev.analysis.additionalinfo.AbstractAdditionalDependencyInfo.updateKeysIfNeededAndSave(AbstractAdditionalDependencyInfo.java:221)
	at com.python.pydev.analysis.system_info_builder.InterpreterInfoBuilder$InterpreterBuilderJob.run(InterpreterInfoBuilder.java:89)
	at org.eclipse.core.internal.jobs.Worker.run(Worker.java:53)

!ENTRY org.python.pydev.shared_core 4 4 2014-04-15 12:55:37.918
!MESSAGE /usr/local/lib/python3.3/site-packages/simplejson/tests/test_pass3.py (Permission denied)
!STACK 0
java.io.FileNotFoundException: /usr/local/lib/python3.3/site-packages/simplejson/tests/test_pass3.py (Permission denied)
	at java.io.FileInputStream.open(Native Method)
	at java.io.FileInputStream.<init>(FileInputStream.java:140)
	at org.python.pydev.core.FileUtilsFileBuffer.getCustomReturnFromFile(FileUtilsFileBuffer.java:159)
	at com.python.pydev.analysis.additionalinfo.AbstractAdditionalTokensInfo.addAstInfo(AbstractAdditionalTokensInfo.java:280)
	at com.python.pydev.analysis.additionalinfo.AbstractAdditionalDependencyInfo.updateKeysIfNeededAndSave(AbstractAdditionalDependencyInfo.java:221)
	at com.python.pydev.analysis.system_info_builder.InterpreterInfoBuilder$InterpreterBuilderJob.run(InterpreterInfoBuilder.java:89)
	at org.eclipse.core.internal.jobs.Worker.run(Worker.java:53)

!ENTRY org.python.pydev.shared_core 4 4 2014-04-15 12:55:37.921
!MESSAGE /usr/local/lib/python3.3/site-packages/simplejson/tests/test_recursion.py (Permission denied)
!STACK 0
java.io.FileNotFoundException: /usr/local/lib/python3.3/site-packages/simplejson/tests/test_recursion.py (Permission denied)
	at java.io.FileInputStream.open(Native Method)
	at java.io.FileInputStream.<init>(FileInputStream.java:140)
	at org.python.pydev.core.FileUtilsFileBuffer.getCustomReturnFromFile(FileUtilsFileBuffer.java:159)
	at com.python.pydev.analysis.additionalinfo.AbstractAdditionalTokensInfo.addAstInfo(AbstractAdditionalTokensInfo.java:280)
	at com.python.pydev.analysis.additionalinfo.AbstractAdditionalDependencyInfo.updateKeysIfNeededAndSave(AbstractAdditionalDependencyInfo.java:221)
	at com.python.pydev.analysis.system_info_builder.InterpreterInfoBuilder$InterpreterBuilderJob.run(InterpreterInfoBuilder.java:89)
	at org.eclipse.core.internal.jobs.Worker.run(Worker.java:53)

!ENTRY org.python.pydev.shared_core 4 4 2014-04-15 12:55:37.922
!MESSAGE /usr/local/lib/python3.3/site-packages/simplejson/tests/test_scanstring.py (Permission denied)
!STACK 0
java.io.FileNotFoundException: /usr/local/lib/python3.3/site-packages/simplejson/tests/test_scanstring.py (Permission denied)
	at java.io.FileInputStream.open(Native Method)
	at java.io.FileInputStream.<init>(FileInputStream.java:140)
	at org.python.pydev.core.FileUtilsFileBuffer.getCustomReturnFromFile(FileUtilsFileBuffer.java:159)
	at com.python.pydev.analysis.additionalinfo.AbstractAdditionalTokensInfo.addAstInfo(AbstractAdditionalTokensInfo.java:280)
	at com.python.pydev.analysis.additionalinfo.AbstractAdditionalDependencyInfo.updateKeysIfNeededAndSave(AbstractAdditionalDependencyInfo.java:221)
	at com.python.pydev.analysis.system_info_builder.InterpreterInfoBuilder$InterpreterBuilderJob.run(InterpreterInfoBuilder.java:89)
	at org.eclipse.core.internal.jobs.Worker.run(Worker.java:53)

!ENTRY org.python.pydev.shared_core 4 4 2014-04-15 12:55:37.923
!MESSAGE /usr/local/lib/python3.3/site-packages/simplejson/tests/test_separators.py (Permission denied)
!STACK 0
java.io.FileNotFoundException: /usr/local/lib/python3.3/site-packages/simplejson/tests/test_separators.py (Permission denied)
	at java.io.FileInputStream.open(Native Method)
	at java.io.FileInputStream.<init>(FileInputStream.java:140)
	at org.python.pydev.core.FileUtilsFileBuffer.getCustomReturnFromFile(FileUtilsFileBuffer.java:159)
	at com.python.pydev.analysis.additionalinfo.AbstractAdditionalTokensInfo.addAstInfo(AbstractAdditionalTokensInfo.java:280)
	at com.python.pydev.analysis.additionalinfo.AbstractAdditionalDependencyInfo.updateKeysIfNeededAndSave(AbstractAdditionalDependencyInfo.java:221)
	at com.python.pydev.analysis.system_info_builder.InterpreterInfoBuilder$InterpreterBuilderJob.run(InterpreterInfoBuilder.java:89)
	at org.eclipse.core.internal.jobs.Worker.run(Worker.java:53)

!ENTRY org.python.pydev.shared_core 4 4 2014-04-15 12:55:37.924
!MESSAGE /usr/local/lib/python3.3/site-packages/simplejson/tests/test_speedups.py (Permission denied)
!STACK 0
java.io.FileNotFoundException: /usr/local/lib/python3.3/site-packages/simplejson/tests/test_speedups.py (Permission denied)
	at java.io.FileInputStream.open(Native Method)
	at java.io.FileInputStream.<init>(FileInputStream.java:140)
	at org.python.pydev.core.FileUtilsFileBuffer.getCustomReturnFromFile(FileUtilsFileBuffer.java:159)
	at com.python.pydev.analysis.additionalinfo.AbstractAdditionalTokensInfo.addAstInfo(AbstractAdditionalTokensInfo.java:280)
	at com.python.pydev.analysis.additionalinfo.AbstractAdditionalDependencyInfo.updateKeysIfNeededAndSave(AbstractAdditionalDependencyInfo.java:221)
	at com.python.pydev.analysis.system_info_builder.InterpreterInfoBuilder$InterpreterBuilderJob.run(InterpreterInfoBuilder.java:89)
	at org.eclipse.core.internal.jobs.Worker.run(Worker.java:53)

!ENTRY org.python.pydev.shared_core 4 4 2014-04-15 12:55:37.934
!MESSAGE /usr/local/lib/python3.3/site-packages/simplejson/tests/test_tool.py (Permission denied)
!STACK 0
java.io.FileNotFoundException: /usr/local/lib/python3.3/site-packages/simplejson/tests/test_tool.py (Permission denied)
	at java.io.FileInputStream.open(Native Method)
	at java.io.FileInputStream.<init>(FileInputStream.java:140)
	at org.python.pydev.core.FileUtilsFileBuffer.getCustomReturnFromFile(FileUtilsFileBuffer.java:159)
	at com.python.pydev.analysis.additionalinfo.AbstractAdditionalTokensInfo.addAstInfo(AbstractAdditionalTokensInfo.java:280)
	at com.python.pydev.analysis.additionalinfo.AbstractAdditionalDependencyInfo.updateKeysIfNeededAndSave(AbstractAdditionalDependencyInfo.java:221)
	at com.python.pydev.analysis.system_info_builder.InterpreterInfoBuilder$InterpreterBuilderJob.run(InterpreterInfoBuilder.java:89)
	at org.eclipse.core.internal.jobs.Worker.run(Worker.java:53)

!ENTRY org.python.pydev.shared_core 4 4 2014-04-15 12:55:37.940
!MESSAGE /usr/local/lib/python3.3/site-packages/simplejson/tests/test_tuple.py (Permission denied)
!STACK 0
java.io.FileNotFoundException: /usr/local/lib/python3.3/site-packages/simplejson/tests/test_tuple.py (Permission denied)
	at java.io.FileInputStream.open(Native Method)
	at java.io.FileInputStream.<init>(FileInputStream.java:140)
	at org.python.pydev.core.FileUtilsFileBuffer.getCustomReturnFromFile(FileUtilsFileBuffer.java:159)
	at com.python.pydev.analysis.additionalinfo.AbstractAdditionalTokensInfo.addAstInfo(AbstractAdditionalTokensInfo.java:280)
	at com.python.pydev.analysis.additionalinfo.AbstractAdditionalDependencyInfo.updateKeysIfNeededAndSave(AbstractAdditionalDependencyInfo.java:221)
	at com.python.pydev.analysis.system_info_builder.InterpreterInfoBuilder$InterpreterBuilderJob.run(InterpreterInfoBuilder.java:89)
	at org.eclipse.core.internal.jobs.Worker.run(Worker.java:53)

!ENTRY org.python.pydev.shared_core 4 4 2014-04-15 12:55:37.941
!MESSAGE /usr/local/lib/python3.3/site-packages/simplejson/tests/test_unicode.py (Permission denied)
!STACK 0
java.io.FileNotFoundException: /usr/local/lib/python3.3/site-packages/simplejson/tests/test_unicode.py (Permission denied)
	at java.io.FileInputStream.open(Native Method)
	at java.io.FileInputStream.<init>(FileInputStream.java:140)
	at org.python.pydev.core.FileUtilsFileBuffer.getCustomReturnFromFile(FileUtilsFileBuffer.java:159)
	at com.python.pydev.analysis.additionalinfo.AbstractAdditionalTokensInfo.addAstInfo(AbstractAdditionalTokensInfo.java:280)
	at com.python.pydev.analysis.additionalinfo.AbstractAdditionalDependencyInfo.updateKeysIfNeededAndSave(AbstractAdditionalDependencyInfo.java:221)
	at com.python.pydev.analysis.system_info_builder.InterpreterInfoBuilder$InterpreterBuilderJob.run(InterpreterInfoBuilder.java:89)
	at org.eclipse.core.internal.jobs.Worker.run(Worker.java:53)

!ENTRY org.python.pydev.shared_core 4 4 2014-04-15 12:55:37.942
!MESSAGE /usr/local/lib/python3.3/site-packages/simplejson/tool.py (Permission denied)
!STACK 0
java.io.FileNotFoundException: /usr/local/lib/python3.3/site-packages/simplejson/tool.py (Permission denied)
	at java.io.FileInputStream.open(Native Method)
	at java.io.FileInputStream.<init>(FileInputStream.java:140)
	at org.python.pydev.core.FileUtilsFileBuffer.getCustomReturnFromFile(FileUtilsFileBuffer.java:159)
	at com.python.pydev.analysis.additionalinfo.AbstractAdditionalTokensInfo.addAstInfo(AbstractAdditionalTokensInfo.java:280)
	at com.python.pydev.analysis.additionalinfo.AbstractAdditionalDependencyInfo.updateKeysIfNeededAndSave(AbstractAdditionalDependencyInfo.java:221)
	at com.python.pydev.analysis.system_info_builder.InterpreterInfoBuilder$InterpreterBuilderJob.run(InterpreterInfoBuilder.java:89)
	at org.eclipse.core.internal.jobs.Worker.run(Worker.java:53)

!ENTRY org.eclipse.jface 2 0 2014-04-15 13:01:52.305
!MESSAGE Keybinding conflicts occurred.  They may interfere with normal accelerator operation.
!SUBENTRY 1 org.eclipse.jface 2 0 2014-04-15 13:01:52.305
!MESSAGE A conflict occurred for CTRL+D:
Binding(CTRL+D,
	ParameterizedCommand(Command(org.eclipse.debug.ui.commands.eof,EOF,
		Send end of file,
		Category(org.eclipse.debug.ui.category.run,Run/Debug,Run/Debug command category,true),
		org.eclipse.ui.internal.MakeHandlersGo@330112b2,
		,,true),null),
	org.eclipse.ui.defaultAcceleratorConfiguration,
	org.eclipse.debug.ui.console,,,system)
Binding(CTRL+D,
	ParameterizedCommand(Command(org.eclipse.ui.edit.text.delete.line,Delete Line,
		Delete a line of text,
		Category(org.eclipse.ui.category.textEditor,Text Editing,Text Editing Commands,true),
		org.eclipse.ui.internal.MakeHandlersGo@b727e47,
		,,true),null),
	org.eclipse.ui.defaultAcceleratorConfiguration,
	org.eclipse.ui.textEditorScope,,,system)

!ENTRY org.eclipse.ui.browser 2 0 2014-04-15 15:12:13.287
!MESSAGE Internal browser is not available: No more handles [Unknown Mozilla path (MOZILLA_FIVE_HOME not set)]

!ENTRY org.eclipse.equinox.event 4 0 2014-04-15 17:36:21.191
!MESSAGE Exception while dispatching event org.osgi.service.event.Event [topic=org/eclipse/e4/ui/model/application/ApplicationElement/tags/REMOVE] to handler org.eclipse.e4.ui.services.internal.events.UIEventHandler@1383a98c
!STACK 0
java.lang.NullPointerException
	at org.eclipse.e4.ui.workbench.addons.minmax.MinMaxAddon.restore(MinMaxAddon.java:578)
	at org.eclipse.e4.ui.workbench.addons.minmax.MinMaxAddon$8.handleEvent(MinMaxAddon.java:395)
	at org.eclipse.e4.ui.services.internal.events.UIEventHandler$1.run(UIEventHandler.java:41)
	at org.eclipse.swt.widgets.Synchronizer.syncExec(Synchronizer.java:180)
	at org.eclipse.ui.internal.UISynchronizer.syncExec(UISynchronizer.java:150)
	at org.eclipse.swt.widgets.Display.syncExec(Display.java:4299)
	at org.eclipse.e4.ui.internal.workbench.swt.E4Application$1.syncExec(E4Application.java:187)
	at org.eclipse.e4.ui.services.internal.events.UIEventHandler.handleEvent(UIEventHandler.java:38)
	at org.eclipse.equinox.internal.event.EventHandlerWrapper.handleEvent(EventHandlerWrapper.java:197)
	at org.eclipse.equinox.internal.event.EventHandlerTracker.dispatchEvent(EventHandlerTracker.java:197)
	at org.eclipse.equinox.internal.event.EventHandlerTracker.dispatchEvent(EventHandlerTracker.java:1)
	at org.eclipse.osgi.framework.eventmgr.EventManager.dispatchEvent(EventManager.java:230)
	at org.eclipse.osgi.framework.eventmgr.ListenerQueue.dispatchEventSynchronous(ListenerQueue.java:148)
	at org.eclipse.equinox.internal.event.EventAdminImpl.dispatchEvent(EventAdminImpl.java:135)
	at org.eclipse.equinox.internal.event.EventAdminImpl.sendEvent(EventAdminImpl.java:78)
	at org.eclipse.equinox.internal.event.EventComponent.sendEvent(EventComponent.java:39)
	at org.eclipse.e4.ui.services.internal.events.EventBroker.send(EventBroker.java:80)
	at org.eclipse.e4.ui.internal.workbench.UIEventPublisher.notifyChanged(UIEventPublisher.java:58)
	at org.eclipse.emf.common.notify.impl.BasicNotifierImpl.eNotify(BasicNotifierImpl.java:374)
	at org.eclipse.emf.ecore.util.EcoreEList.dispatchNotification(EcoreEList.java:249)
	at org.eclipse.emf.common.notify.impl.NotifyingListImpl.remove(NotifyingListImpl.java:725)
	at org.eclipse.emf.common.util.AbstractEList.remove(AbstractEList.java:460)
	at org.eclipse.e4.ui.workbench.addons.minmax.MinMaxAddon.unzoom(MinMaxAddon.java:742)
	at org.eclipse.e4.ui.workbench.addons.minmax.MinMaxAddon$8.handleEvent(MinMaxAddon.java:397)
	at org.eclipse.e4.ui.services.internal.events.UIEventHandler$1.run(UIEventHandler.java:41)
	at org.eclipse.swt.widgets.Synchronizer.syncExec(Synchronizer.java:180)
	at org.eclipse.ui.internal.UISynchronizer.syncExec(UISynchronizer.java:150)
	at org.eclipse.swt.widgets.Display.syncExec(Display.java:4299)
	at org.eclipse.e4.ui.internal.workbench.swt.E4Application$1.syncExec(E4Application.java:187)
	at org.eclipse.e4.ui.services.internal.events.UIEventHandler.handleEvent(UIEventHandler.java:38)
	at org.eclipse.equinox.internal.event.EventHandlerWrapper.handleEvent(EventHandlerWrapper.java:197)
	at org.eclipse.equinox.internal.event.EventHandlerTracker.dispatchEvent(EventHandlerTracker.java:197)
	at org.eclipse.equinox.internal.event.EventHandlerTracker.dispatchEvent(EventHandlerTracker.java:1)
	at org.eclipse.osgi.framework.eventmgr.EventManager.dispatchEvent(EventManager.java:230)
	at org.eclipse.osgi.framework.eventmgr.ListenerQueue.dispatchEventSynchronous(ListenerQueue.java:148)
	at org.eclipse.equinox.internal.event.EventAdminImpl.dispatchEvent(EventAdminImpl.java:135)
	at org.eclipse.equinox.internal.event.EventAdminImpl.sendEvent(EventAdminImpl.java:78)
	at org.eclipse.equinox.internal.event.EventComponent.sendEvent(EventComponent.java:39)
	at org.eclipse.e4.ui.services.internal.events.EventBroker.send(EventBroker.java:80)
	at org.eclipse.e4.ui.internal.workbench.UIEventPublisher.notifyChanged(UIEventPublisher.java:58)
	at org.eclipse.emf.common.notify.impl.BasicNotifierImpl.eNotify(BasicNotifierImpl.java:374)
	at org.eclipse.emf.ecore.util.EcoreEList.dispatchNotification(EcoreEList.java:249)
	at org.eclipse.emf.common.notify.impl.NotifyingListImpl.remove(NotifyingListImpl.java:725)
	at org.eclipse.emf.common.util.AbstractEList.remove(AbstractEList.java:460)
	at org.eclipse.e4.ui.workbench.addons.minmax.MinMaxAddon.setState(MinMaxAddon.java:280)
	at org.eclipse.e4.ui.workbench.addons.minmax.MinMaxAddon.access$2(MinMaxAddon.java:270)
	at org.eclipse.e4.ui.workbench.addons.minmax.MinMaxAddon$4.mouseDoubleClick(MinMaxAddon.java:235)
	at org.eclipse.swt.widgets.TypedListener.handleEvent(TypedListener.java:196)
	at org.eclipse.swt.widgets.EventTable.sendEvent(EventTable.java:84)
	at org.eclipse.swt.widgets.Widget.sendEvent(Widget.java:1276)
	at org.eclipse.swt.widgets.Display.runDeferredEvents(Display.java:3562)
	at org.eclipse.swt.widgets.Display.readAndDispatch(Display.java:3186)
	at org.eclipse.e4.ui.internal.workbench.swt.PartRenderingEngine$9.run(PartRenderingEngine.java:1053)
	at org.eclipse.core.databinding.observable.Realm.runWithDefault(Realm.java:332)
	at org.eclipse.e4.ui.internal.workbench.swt.PartRenderingEngine.run(PartRenderingEngine.java:942)
	at org.eclipse.e4.ui.internal.workbench.E4Workbench.createAndRunUI(E4Workbench.java:86)
	at org.eclipse.ui.internal.Workbench$5.run(Workbench.java:588)
	at org.eclipse.core.databinding.observable.Realm.runWithDefault(Realm.java:332)
	at org.eclipse.ui.internal.Workbench.createAndRunWorkbench(Workbench.java:543)
	at org.eclipse.ui.PlatformUI.createAndRunWorkbench(PlatformUI.java:149)
	at org.eclipse.ui.internal.ide.application.IDEApplication.start(IDEApplication.java:124)
	at org.eclipse.equinox.internal.app.EclipseAppHandle.run(EclipseAppHandle.java:196)
	at org.eclipse.core.runtime.internal.adaptor.EclipseAppLauncher.runApplication(EclipseAppLauncher.java:110)
	at org.eclipse.core.runtime.internal.adaptor.EclipseAppLauncher.start(EclipseAppLauncher.java:79)
	at org.eclipse.core.runtime.adaptor.EclipseStarter.run(EclipseStarter.java:353)
	at org.eclipse.core.runtime.adaptor.EclipseStarter.run(EclipseStarter.java:180)
	at sun.reflect.NativeMethodAccessorImpl.invoke0(Native Method)
	at sun.reflect.NativeMethodAccessorImpl.invoke(NativeMethodAccessorImpl.java:57)
	at sun.reflect.DelegatingMethodAccessorImpl.invoke(DelegatingMethodAccessorImpl.java:43)
	at java.lang.reflect.Method.invoke(Method.java:622)
	at org.eclipse.equinox.launcher.Main.invokeFramework(Main.java:629)
	at org.eclipse.equinox.launcher.Main.basicRun(Main.java:584)
	at org.eclipse.equinox.launcher.Main.run(Main.java:1438)
	at org.eclipse.equinox.launcher.Main.main(Main.java:1414)

!ENTRY org.eclipse.equinox.event 4 0 2014-04-15 17:44:08.239
!MESSAGE Exception while dispatching event org.osgi.service.event.Event [topic=org/eclipse/e4/ui/model/application/ApplicationElement/tags/REMOVE] to handler org.eclipse.e4.ui.services.internal.events.UIEventHandler@1383a98c
!STACK 0
java.lang.NullPointerException
	at org.eclipse.e4.ui.workbench.addons.minmax.MinMaxAddon.restore(MinMaxAddon.java:578)
	at org.eclipse.e4.ui.workbench.addons.minmax.MinMaxAddon$8.handleEvent(MinMaxAddon.java:395)
	at org.eclipse.e4.ui.services.internal.events.UIEventHandler$1.run(UIEventHandler.java:41)
	at org.eclipse.swt.widgets.Synchronizer.syncExec(Synchronizer.java:180)
	at org.eclipse.ui.internal.UISynchronizer.syncExec(UISynchronizer.java:150)
	at org.eclipse.swt.widgets.Display.syncExec(Display.java:4299)
	at org.eclipse.e4.ui.internal.workbench.swt.E4Application$1.syncExec(E4Application.java:187)
	at org.eclipse.e4.ui.services.internal.events.UIEventHandler.handleEvent(UIEventHandler.java:38)
	at org.eclipse.equinox.internal.event.EventHandlerWrapper.handleEvent(EventHandlerWrapper.java:197)
	at org.eclipse.equinox.internal.event.EventHandlerTracker.dispatchEvent(EventHandlerTracker.java:197)
	at org.eclipse.equinox.internal.event.EventHandlerTracker.dispatchEvent(EventHandlerTracker.java:1)
	at org.eclipse.osgi.framework.eventmgr.EventManager.dispatchEvent(EventManager.java:230)
	at org.eclipse.osgi.framework.eventmgr.ListenerQueue.dispatchEventSynchronous(ListenerQueue.java:148)
	at org.eclipse.equinox.internal.event.EventAdminImpl.dispatchEvent(EventAdminImpl.java:135)
	at org.eclipse.equinox.internal.event.EventAdminImpl.sendEvent(EventAdminImpl.java:78)
	at org.eclipse.equinox.internal.event.EventComponent.sendEvent(EventComponent.java:39)
	at org.eclipse.e4.ui.services.internal.events.EventBroker.send(EventBroker.java:80)
	at org.eclipse.e4.ui.internal.workbench.UIEventPublisher.notifyChanged(UIEventPublisher.java:58)
	at org.eclipse.emf.common.notify.impl.BasicNotifierImpl.eNotify(BasicNotifierImpl.java:374)
	at org.eclipse.emf.ecore.util.EcoreEList.dispatchNotification(EcoreEList.java:249)
	at org.eclipse.emf.common.notify.impl.NotifyingListImpl.remove(NotifyingListImpl.java:725)
	at org.eclipse.emf.common.util.AbstractEList.remove(AbstractEList.java:460)
	at org.eclipse.e4.ui.workbench.addons.minmax.MinMaxAddon.unzoom(MinMaxAddon.java:742)
	at org.eclipse.e4.ui.workbench.addons.minmax.MinMaxAddon$8.handleEvent(MinMaxAddon.java:397)
	at org.eclipse.e4.ui.services.internal.events.UIEventHandler$1.run(UIEventHandler.java:41)
	at org.eclipse.swt.widgets.Synchronizer.syncExec(Synchronizer.java:180)
	at org.eclipse.ui.internal.UISynchronizer.syncExec(UISynchronizer.java:150)
	at org.eclipse.swt.widgets.Display.syncExec(Display.java:4299)
	at org.eclipse.e4.ui.internal.workbench.swt.E4Application$1.syncExec(E4Application.java:187)
	at org.eclipse.e4.ui.services.internal.events.UIEventHandler.handleEvent(UIEventHandler.java:38)
	at org.eclipse.equinox.internal.event.EventHandlerWrapper.handleEvent(EventHandlerWrapper.java:197)
	at org.eclipse.equinox.internal.event.EventHandlerTracker.dispatchEvent(EventHandlerTracker.java:197)
	at org.eclipse.equinox.internal.event.EventHandlerTracker.dispatchEvent(EventHandlerTracker.java:1)
	at org.eclipse.osgi.framework.eventmgr.EventManager.dispatchEvent(EventManager.java:230)
	at org.eclipse.osgi.framework.eventmgr.ListenerQueue.dispatchEventSynchronous(ListenerQueue.java:148)
	at org.eclipse.equinox.internal.event.EventAdminImpl.dispatchEvent(EventAdminImpl.java:135)
	at org.eclipse.equinox.internal.event.EventAdminImpl.sendEvent(EventAdminImpl.java:78)
	at org.eclipse.equinox.internal.event.EventComponent.sendEvent(EventComponent.java:39)
	at org.eclipse.e4.ui.services.internal.events.EventBroker.send(EventBroker.java:80)
	at org.eclipse.e4.ui.internal.workbench.UIEventPublisher.notifyChanged(UIEventPublisher.java:58)
	at org.eclipse.emf.common.notify.impl.BasicNotifierImpl.eNotify(BasicNotifierImpl.java:374)
	at org.eclipse.emf.ecore.util.EcoreEList.dispatchNotification(EcoreEList.java:249)
	at org.eclipse.emf.common.notify.impl.NotifyingListImpl.remove(NotifyingListImpl.java:725)
	at org.eclipse.emf.common.util.AbstractEList.remove(AbstractEList.java:460)
	at org.eclipse.e4.ui.workbench.addons.minmax.MinMaxAddon.setState(MinMaxAddon.java:280)
	at org.eclipse.e4.ui.workbench.addons.minmax.MinMaxAddon.access$2(MinMaxAddon.java:270)
	at org.eclipse.e4.ui.workbench.addons.minmax.MinMaxAddon$4.mouseDoubleClick(MinMaxAddon.java:235)
	at org.eclipse.swt.widgets.TypedListener.handleEvent(TypedListener.java:196)
	at org.eclipse.swt.widgets.EventTable.sendEvent(EventTable.java:84)
	at org.eclipse.swt.widgets.Widget.sendEvent(Widget.java:1276)
	at org.eclipse.swt.widgets.Display.runDeferredEvents(Display.java:3562)
	at org.eclipse.swt.widgets.Display.readAndDispatch(Display.java:3186)
	at org.eclipse.e4.ui.internal.workbench.swt.PartRenderingEngine$9.run(PartRenderingEngine.java:1053)
	at org.eclipse.core.databinding.observable.Realm.runWithDefault(Realm.java:332)
	at org.eclipse.e4.ui.internal.workbench.swt.PartRenderingEngine.run(PartRenderingEngine.java:942)
	at org.eclipse.e4.ui.internal.workbench.E4Workbench.createAndRunUI(E4Workbench.java:86)
	at org.eclipse.ui.internal.Workbench$5.run(Workbench.java:588)
	at org.eclipse.core.databinding.observable.Realm.runWithDefault(Realm.java:332)
	at org.eclipse.ui.internal.Workbench.createAndRunWorkbench(Workbench.java:543)
	at org.eclipse.ui.PlatformUI.createAndRunWorkbench(PlatformUI.java:149)
	at org.eclipse.ui.internal.ide.application.IDEApplication.start(IDEApplication.java:124)
	at org.eclipse.equinox.internal.app.EclipseAppHandle.run(EclipseAppHandle.java:196)
	at org.eclipse.core.runtime.internal.adaptor.EclipseAppLauncher.runApplication(EclipseAppLauncher.java:110)
	at org.eclipse.core.runtime.internal.adaptor.EclipseAppLauncher.start(EclipseAppLauncher.java:79)
	at org.eclipse.core.runtime.adaptor.EclipseStarter.run(EclipseStarter.java:353)
	at org.eclipse.core.runtime.adaptor.EclipseStarter.run(EclipseStarter.java:180)
	at sun.reflect.NativeMethodAccessorImpl.invoke0(Native Method)
	at sun.reflect.NativeMethodAccessorImpl.invoke(NativeMethodAccessorImpl.java:57)
	at sun.reflect.DelegatingMethodAccessorImpl.invoke(DelegatingMethodAccessorImpl.java:43)
	at java.lang.reflect.Method.invoke(Method.java:622)
	at org.eclipse.equinox.launcher.Main.invokeFramework(Main.java:629)
	at org.eclipse.equinox.launcher.Main.basicRun(Main.java:584)
	at org.eclipse.equinox.launcher.Main.run(Main.java:1438)
	at org.eclipse.equinox.launcher.Main.main(Main.java:1414)
!SESSION 2014-04-15 23:53:20.389 -----------------------------------------------
eclipse.buildId=M20130204-1200
java.version=1.6.0_30
java.vendor=Sun Microsystems Inc.
BootLoader constants: OS=linux, ARCH=x86_64, WS=gtk, NL=en_SG
Framework arguments:  -product org.eclipse.epp.package.jee.product
Command-line arguments:  -os linux -ws gtk -arch x86_64 -product org.eclipse.epp.package.jee.product

!ENTRY org.python.pydev.shared_core 4 4 2014-04-15 23:55:35.258
!MESSAGE /usr/local/lib/python3.3/site-packages/simplejson/__init__.py (Permission denied)
!STACK 0
java.io.FileNotFoundException: /usr/local/lib/python3.3/site-packages/simplejson/__init__.py (Permission denied)
	at java.io.FileInputStream.open(Native Method)
	at java.io.FileInputStream.<init>(FileInputStream.java:140)
	at org.python.pydev.core.FileUtilsFileBuffer.getCustomReturnFromFile(FileUtilsFileBuffer.java:159)
	at com.python.pydev.analysis.additionalinfo.AbstractAdditionalTokensInfo.addAstInfo(AbstractAdditionalTokensInfo.java:280)
	at com.python.pydev.analysis.additionalinfo.AbstractAdditionalDependencyInfo.updateKeysIfNeededAndSave(AbstractAdditionalDependencyInfo.java:221)
	at com.python.pydev.analysis.system_info_builder.InterpreterInfoBuilder$InterpreterBuilderJob.run(InterpreterInfoBuilder.java:89)
	at org.eclipse.core.internal.jobs.Worker.run(Worker.java:53)

!ENTRY org.python.pydev.shared_core 4 4 2014-04-15 23:55:35.268
!MESSAGE /usr/local/lib/python3.3/site-packages/simplejson/compat.py (Permission denied)
!STACK 0
java.io.FileNotFoundException: /usr/local/lib/python3.3/site-packages/simplejson/compat.py (Permission denied)
	at java.io.FileInputStream.open(Native Method)
	at java.io.FileInputStream.<init>(FileInputStream.java:140)
	at org.python.pydev.core.FileUtilsFileBuffer.getCustomReturnFromFile(FileUtilsFileBuffer.java:159)
	at com.python.pydev.analysis.additionalinfo.AbstractAdditionalTokensInfo.addAstInfo(AbstractAdditionalTokensInfo.java:280)
	at com.python.pydev.analysis.additionalinfo.AbstractAdditionalDependencyInfo.updateKeysIfNeededAndSave(AbstractAdditionalDependencyInfo.java:221)
	at com.python.pydev.analysis.system_info_builder.InterpreterInfoBuilder$InterpreterBuilderJob.run(InterpreterInfoBuilder.java:89)
	at org.eclipse.core.internal.jobs.Worker.run(Worker.java:53)

!ENTRY org.python.pydev.shared_core 4 4 2014-04-15 23:55:35.269
!MESSAGE /usr/local/lib/python3.3/site-packages/simplejson/decoder.py (Permission denied)
!STACK 0
java.io.FileNotFoundException: /usr/local/lib/python3.3/site-packages/simplejson/decoder.py (Permission denied)
	at java.io.FileInputStream.open(Native Method)
	at java.io.FileInputStream.<init>(FileInputStream.java:140)
	at org.python.pydev.core.FileUtilsFileBuffer.getCustomReturnFromFile(FileUtilsFileBuffer.java:159)
	at com.python.pydev.analysis.additionalinfo.AbstractAdditionalTokensInfo.addAstInfo(AbstractAdditionalTokensInfo.java:280)
	at com.python.pydev.analysis.additionalinfo.AbstractAdditionalDependencyInfo.updateKeysIfNeededAndSave(AbstractAdditionalDependencyInfo.java:221)
	at com.python.pydev.analysis.system_info_builder.InterpreterInfoBuilder$InterpreterBuilderJob.run(InterpreterInfoBuilder.java:89)
	at org.eclipse.core.internal.jobs.Worker.run(Worker.java:53)

!ENTRY org.python.pydev.shared_core 4 4 2014-04-15 23:55:35.269
!MESSAGE /usr/local/lib/python3.3/site-packages/simplejson/encoder.py (Permission denied)
!STACK 0
java.io.FileNotFoundException: /usr/local/lib/python3.3/site-packages/simplejson/encoder.py (Permission denied)
	at java.io.FileInputStream.open(Native Method)
	at java.io.FileInputStream.<init>(FileInputStream.java:140)
	at org.python.pydev.core.FileUtilsFileBuffer.getCustomReturnFromFile(FileUtilsFileBuffer.java:159)
	at com.python.pydev.analysis.additionalinfo.AbstractAdditionalTokensInfo.addAstInfo(AbstractAdditionalTokensInfo.java:280)
	at com.python.pydev.analysis.additionalinfo.AbstractAdditionalDependencyInfo.updateKeysIfNeededAndSave(AbstractAdditionalDependencyInfo.java:221)
	at com.python.pydev.analysis.system_info_builder.InterpreterInfoBuilder$InterpreterBuilderJob.run(InterpreterInfoBuilder.java:89)
	at org.eclipse.core.internal.jobs.Worker.run(Worker.java:53)

!ENTRY org.python.pydev.shared_core 4 4 2014-04-15 23:55:35.270
!MESSAGE /usr/local/lib/python3.3/site-packages/simplejson/ordered_dict.py (Permission denied)
!STACK 0
java.io.FileNotFoundException: /usr/local/lib/python3.3/site-packages/simplejson/ordered_dict.py (Permission denied)
	at java.io.FileInputStream.open(Native Method)
	at java.io.FileInputStream.<init>(FileInputStream.java:140)
	at org.python.pydev.core.FileUtilsFileBuffer.getCustomReturnFromFile(FileUtilsFileBuffer.java:159)
	at com.python.pydev.analysis.additionalinfo.AbstractAdditionalTokensInfo.addAstInfo(AbstractAdditionalTokensInfo.java:280)
	at com.python.pydev.analysis.additionalinfo.AbstractAdditionalDependencyInfo.updateKeysIfNeededAndSave(AbstractAdditionalDependencyInfo.java:221)
	at com.python.pydev.analysis.system_info_builder.InterpreterInfoBuilder$InterpreterBuilderJob.run(InterpreterInfoBuilder.java:89)
	at org.eclipse.core.internal.jobs.Worker.run(Worker.java:53)

!ENTRY org.python.pydev.shared_core 4 4 2014-04-15 23:55:35.271
!MESSAGE /usr/local/lib/python3.3/site-packages/simplejson/scanner.py (Permission denied)
!STACK 0
java.io.FileNotFoundException: /usr/local/lib/python3.3/site-packages/simplejson/scanner.py (Permission denied)
	at java.io.FileInputStream.open(Native Method)
	at java.io.FileInputStream.<init>(FileInputStream.java:140)
	at org.python.pydev.core.FileUtilsFileBuffer.getCustomReturnFromFile(FileUtilsFileBuffer.java:159)
	at com.python.pydev.analysis.additionalinfo.AbstractAdditionalTokensInfo.addAstInfo(AbstractAdditionalTokensInfo.java:280)
	at com.python.pydev.analysis.additionalinfo.AbstractAdditionalDependencyInfo.updateKeysIfNeededAndSave(AbstractAdditionalDependencyInfo.java:221)
	at com.python.pydev.analysis.system_info_builder.InterpreterInfoBuilder$InterpreterBuilderJob.run(InterpreterInfoBuilder.java:89)
	at org.eclipse.core.internal.jobs.Worker.run(Worker.java:53)

!ENTRY org.python.pydev.shared_core 4 4 2014-04-15 23:55:35.271
!MESSAGE /usr/local/lib/python3.3/site-packages/simplejson/tests/__init__.py (Permission denied)
!STACK 0
java.io.FileNotFoundException: /usr/local/lib/python3.3/site-packages/simplejson/tests/__init__.py (Permission denied)
	at java.io.FileInputStream.open(Native Method)
	at java.io.FileInputStream.<init>(FileInputStream.java:140)
	at org.python.pydev.core.FileUtilsFileBuffer.getCustomReturnFromFile(FileUtilsFileBuffer.java:159)
	at com.python.pydev.analysis.additionalinfo.AbstractAdditionalTokensInfo.addAstInfo(AbstractAdditionalTokensInfo.java:280)
	at com.python.pydev.analysis.additionalinfo.AbstractAdditionalDependencyInfo.updateKeysIfNeededAndSave(AbstractAdditionalDependencyInfo.java:221)
	at com.python.pydev.analysis.system_info_builder.InterpreterInfoBuilder$InterpreterBuilderJob.run(InterpreterInfoBuilder.java:89)
	at org.eclipse.core.internal.jobs.Worker.run(Worker.java:53)

!ENTRY org.python.pydev.shared_core 4 4 2014-04-15 23:55:35.272
!MESSAGE /usr/local/lib/python3.3/site-packages/simplejson/tests/test_bigint_as_string.py (Permission denied)
!STACK 0
java.io.FileNotFoundException: /usr/local/lib/python3.3/site-packages/simplejson/tests/test_bigint_as_string.py (Permission denied)
	at java.io.FileInputStream.open(Native Method)
	at java.io.FileInputStream.<init>(FileInputStream.java:140)
	at org.python.pydev.core.FileUtilsFileBuffer.getCustomReturnFromFile(FileUtilsFileBuffer.java:159)
	at com.python.pydev.analysis.additionalinfo.AbstractAdditionalTokensInfo.addAstInfo(AbstractAdditionalTokensInfo.java:280)
	at com.python.pydev.analysis.additionalinfo.AbstractAdditionalDependencyInfo.updateKeysIfNeededAndSave(AbstractAdditionalDependencyInfo.java:221)
	at com.python.pydev.analysis.system_info_builder.InterpreterInfoBuilder$InterpreterBuilderJob.run(InterpreterInfoBuilder.java:89)
	at org.eclipse.core.internal.jobs.Worker.run(Worker.java:53)

!ENTRY org.python.pydev.shared_core 4 4 2014-04-15 23:55:35.273
!MESSAGE /usr/local/lib/python3.3/site-packages/simplejson/tests/test_check_circular.py (Permission denied)
!STACK 0
java.io.FileNotFoundException: /usr/local/lib/python3.3/site-packages/simplejson/tests/test_check_circular.py (Permission denied)
	at java.io.FileInputStream.open(Native Method)
	at java.io.FileInputStream.<init>(FileInputStream.java:140)
	at org.python.pydev.core.FileUtilsFileBuffer.getCustomReturnFromFile(FileUtilsFileBuffer.java:159)
	at com.python.pydev.analysis.additionalinfo.AbstractAdditionalTokensInfo.addAstInfo(AbstractAdditionalTokensInfo.java:280)
	at com.python.pydev.analysis.additionalinfo.AbstractAdditionalDependencyInfo.updateKeysIfNeededAndSave(AbstractAdditionalDependencyInfo.java:221)
	at com.python.pydev.analysis.system_info_builder.InterpreterInfoBuilder$InterpreterBuilderJob.run(InterpreterInfoBuilder.java:89)
	at org.eclipse.core.internal.jobs.Worker.run(Worker.java:53)

!ENTRY org.python.pydev.shared_core 4 4 2014-04-15 23:55:35.274
!MESSAGE /usr/local/lib/python3.3/site-packages/simplejson/tests/test_decimal.py (Permission denied)
!STACK 0
java.io.FileNotFoundException: /usr/local/lib/python3.3/site-packages/simplejson/tests/test_decimal.py (Permission denied)
	at java.io.FileInputStream.open(Native Method)
	at java.io.FileInputStream.<init>(FileInputStream.java:140)
	at org.python.pydev.core.FileUtilsFileBuffer.getCustomReturnFromFile(FileUtilsFileBuffer.java:159)
	at com.python.pydev.analysis.additionalinfo.AbstractAdditionalTokensInfo.addAstInfo(AbstractAdditionalTokensInfo.java:280)
	at com.python.pydev.analysis.additionalinfo.AbstractAdditionalDependencyInfo.updateKeysIfNeededAndSave(AbstractAdditionalDependencyInfo.java:221)
	at com.python.pydev.analysis.system_info_builder.InterpreterInfoBuilder$InterpreterBuilderJob.run(InterpreterInfoBuilder.java:89)
	at org.eclipse.core.internal.jobs.Worker.run(Worker.java:53)

!ENTRY org.python.pydev.shared_core 4 4 2014-04-15 23:55:35.274
!MESSAGE /usr/local/lib/python3.3/site-packages/simplejson/tests/test_decode.py (Permission denied)
!STACK 0
java.io.FileNotFoundException: /usr/local/lib/python3.3/site-packages/simplejson/tests/test_decode.py (Permission denied)
	at java.io.FileInputStream.open(Native Method)
	at java.io.FileInputStream.<init>(FileInputStream.java:140)
	at org.python.pydev.core.FileUtilsFileBuffer.getCustomReturnFromFile(FileUtilsFileBuffer.java:159)
	at com.python.pydev.analysis.additionalinfo.AbstractAdditionalTokensInfo.addAstInfo(AbstractAdditionalTokensInfo.java:280)
	at com.python.pydev.analysis.additionalinfo.AbstractAdditionalDependencyInfo.updateKeysIfNeededAndSave(AbstractAdditionalDependencyInfo.java:221)
	at com.python.pydev.analysis.system_info_builder.InterpreterInfoBuilder$InterpreterBuilderJob.run(InterpreterInfoBuilder.java:89)
	at org.eclipse.core.internal.jobs.Worker.run(Worker.java:53)

!ENTRY org.python.pydev.shared_core 4 4 2014-04-15 23:55:35.275
!MESSAGE /usr/local/lib/python3.3/site-packages/simplejson/tests/test_default.py (Permission denied)
!STACK 0
java.io.FileNotFoundException: /usr/local/lib/python3.3/site-packages/simplejson/tests/test_default.py (Permission denied)
	at java.io.FileInputStream.open(Native Method)
	at java.io.FileInputStream.<init>(FileInputStream.java:140)
	at org.python.pydev.core.FileUtilsFileBuffer.getCustomReturnFromFile(FileUtilsFileBuffer.java:159)
	at com.python.pydev.analysis.additionalinfo.AbstractAdditionalTokensInfo.addAstInfo(AbstractAdditionalTokensInfo.java:280)
	at com.python.pydev.analysis.additionalinfo.AbstractAdditionalDependencyInfo.updateKeysIfNeededAndSave(AbstractAdditionalDependencyInfo.java:221)
	at com.python.pydev.analysis.system_info_builder.InterpreterInfoBuilder$InterpreterBuilderJob.run(InterpreterInfoBuilder.java:89)
	at org.eclipse.core.internal.jobs.Worker.run(Worker.java:53)

!ENTRY org.python.pydev.shared_core 4 4 2014-04-15 23:55:35.276
!MESSAGE /usr/local/lib/python3.3/site-packages/simplejson/tests/test_dump.py (Permission denied)
!STACK 0
java.io.FileNotFoundException: /usr/local/lib/python3.3/site-packages/simplejson/tests/test_dump.py (Permission denied)
	at java.io.FileInputStream.open(Native Method)
	at java.io.FileInputStream.<init>(FileInputStream.java:140)
	at org.python.pydev.core.FileUtilsFileBuffer.getCustomReturnFromFile(FileUtilsFileBuffer.java:159)
	at com.python.pydev.analysis.additionalinfo.AbstractAdditionalTokensInfo.addAstInfo(AbstractAdditionalTokensInfo.java:280)
	at com.python.pydev.analysis.additionalinfo.AbstractAdditionalDependencyInfo.updateKeysIfNeededAndSave(AbstractAdditionalDependencyInfo.java:221)
	at com.python.pydev.analysis.system_info_builder.InterpreterInfoBuilder$InterpreterBuilderJob.run(InterpreterInfoBuilder.java:89)
	at org.eclipse.core.internal.jobs.Worker.run(Worker.java:53)

!ENTRY org.python.pydev.shared_core 4 4 2014-04-15 23:55:35.276
!MESSAGE /usr/local/lib/python3.3/site-packages/simplejson/tests/test_encode_basestring_ascii.py (Permission denied)
!STACK 0
java.io.FileNotFoundException: /usr/local/lib/python3.3/site-packages/simplejson/tests/test_encode_basestring_ascii.py (Permission denied)
	at java.io.FileInputStream.open(Native Method)
	at java.io.FileInputStream.<init>(FileInputStream.java:140)
	at org.python.pydev.core.FileUtilsFileBuffer.getCustomReturnFromFile(FileUtilsFileBuffer.java:159)
	at com.python.pydev.analysis.additionalinfo.AbstractAdditionalTokensInfo.addAstInfo(AbstractAdditionalTokensInfo.java:280)
	at com.python.pydev.analysis.additionalinfo.AbstractAdditionalDependencyInfo.updateKeysIfNeededAndSave(AbstractAdditionalDependencyInfo.java:221)
	at com.python.pydev.analysis.system_info_builder.InterpreterInfoBuilder$InterpreterBuilderJob.run(InterpreterInfoBuilder.java:89)
	at org.eclipse.core.internal.jobs.Worker.run(Worker.java:53)

!ENTRY org.python.pydev.shared_core 4 4 2014-04-15 23:55:35.277
!MESSAGE /usr/local/lib/python3.3/site-packages/simplejson/tests/test_encode_for_html.py (Permission denied)
!STACK 0
java.io.FileNotFoundException: /usr/local/lib/python3.3/site-packages/simplejson/tests/test_encode_for_html.py (Permission denied)
	at java.io.FileInputStream.open(Native Method)
	at java.io.FileInputStream.<init>(FileInputStream.java:140)
	at org.python.pydev.core.FileUtilsFileBuffer.getCustomReturnFromFile(FileUtilsFileBuffer.java:159)
	at com.python.pydev.analysis.additionalinfo.AbstractAdditionalTokensInfo.addAstInfo(AbstractAdditionalTokensInfo.java:280)
	at com.python.pydev.analysis.additionalinfo.AbstractAdditionalDependencyInfo.updateKeysIfNeededAndSave(AbstractAdditionalDependencyInfo.java:221)
	at com.python.pydev.analysis.system_info_builder.InterpreterInfoBuilder$InterpreterBuilderJob.run(InterpreterInfoBuilder.java:89)
	at org.eclipse.core.internal.jobs.Worker.run(Worker.java:53)

!ENTRY org.python.pydev.shared_core 4 4 2014-04-15 23:55:35.278
!MESSAGE /usr/local/lib/python3.3/site-packages/simplejson/tests/test_errors.py (Permission denied)
!STACK 0
java.io.FileNotFoundException: /usr/local/lib/python3.3/site-packages/simplejson/tests/test_errors.py (Permission denied)
	at java.io.FileInputStream.open(Native Method)
	at java.io.FileInputStream.<init>(FileInputStream.java:140)
	at org.python.pydev.core.FileUtilsFileBuffer.getCustomReturnFromFile(FileUtilsFileBuffer.java:159)
	at com.python.pydev.analysis.additionalinfo.AbstractAdditionalTokensInfo.addAstInfo(AbstractAdditionalTokensInfo.java:280)
	at com.python.pydev.analysis.additionalinfo.AbstractAdditionalDependencyInfo.updateKeysIfNeededAndSave(AbstractAdditionalDependencyInfo.java:221)
	at com.python.pydev.analysis.system_info_builder.InterpreterInfoBuilder$InterpreterBuilderJob.run(InterpreterInfoBuilder.java:89)
	at org.eclipse.core.internal.jobs.Worker.run(Worker.java:53)

!ENTRY org.python.pydev.shared_core 4 4 2014-04-15 23:55:35.278
!MESSAGE /usr/local/lib/python3.3/site-packages/simplejson/tests/test_fail.py (Permission denied)
!STACK 0
java.io.FileNotFoundException: /usr/local/lib/python3.3/site-packages/simplejson/tests/test_fail.py (Permission denied)
	at java.io.FileInputStream.open(Native Method)
	at java.io.FileInputStream.<init>(FileInputStream.java:140)
	at org.python.pydev.core.FileUtilsFileBuffer.getCustomReturnFromFile(FileUtilsFileBuffer.java:159)
	at com.python.pydev.analysis.additionalinfo.AbstractAdditionalTokensInfo.addAstInfo(AbstractAdditionalTokensInfo.java:280)
	at com.python.pydev.analysis.additionalinfo.AbstractAdditionalDependencyInfo.updateKeysIfNeededAndSave(AbstractAdditionalDependencyInfo.java:221)
	at com.python.pydev.analysis.system_info_builder.InterpreterInfoBuilder$InterpreterBuilderJob.run(InterpreterInfoBuilder.java:89)
	at org.eclipse.core.internal.jobs.Worker.run(Worker.java:53)

!ENTRY org.python.pydev.shared_core 4 4 2014-04-15 23:55:35.279
!MESSAGE /usr/local/lib/python3.3/site-packages/simplejson/tests/test_float.py (Permission denied)
!STACK 0
java.io.FileNotFoundException: /usr/local/lib/python3.3/site-packages/simplejson/tests/test_float.py (Permission denied)
	at java.io.FileInputStream.open(Native Method)
	at java.io.FileInputStream.<init>(FileInputStream.java:140)
	at org.python.pydev.core.FileUtilsFileBuffer.getCustomReturnFromFile(FileUtilsFileBuffer.java:159)
	at com.python.pydev.analysis.additionalinfo.AbstractAdditionalTokensInfo.addAstInfo(AbstractAdditionalTokensInfo.java:280)
	at com.python.pydev.analysis.additionalinfo.AbstractAdditionalDependencyInfo.updateKeysIfNeededAndSave(AbstractAdditionalDependencyInfo.java:221)
	at com.python.pydev.analysis.system_info_builder.InterpreterInfoBuilder$InterpreterBuilderJob.run(InterpreterInfoBuilder.java:89)
	at org.eclipse.core.internal.jobs.Worker.run(Worker.java:53)

!ENTRY org.python.pydev.shared_core 4 4 2014-04-15 23:55:35.280
!MESSAGE /usr/local/lib/python3.3/site-packages/simplejson/tests/test_for_json.py (Permission denied)
!STACK 0
java.io.FileNotFoundException: /usr/local/lib/python3.3/site-packages/simplejson/tests/test_for_json.py (Permission denied)
	at java.io.FileInputStream.open(Native Method)
	at java.io.FileInputStream.<init>(FileInputStream.java:140)
	at org.python.pydev.core.FileUtilsFileBuffer.getCustomReturnFromFile(FileUtilsFileBuffer.java:159)
	at com.python.pydev.analysis.additionalinfo.AbstractAdditionalTokensInfo.addAstInfo(AbstractAdditionalTokensInfo.java:280)
	at com.python.pydev.analysis.additionalinfo.AbstractAdditionalDependencyInfo.updateKeysIfNeededAndSave(AbstractAdditionalDependencyInfo.java:221)
	at com.python.pydev.analysis.system_info_builder.InterpreterInfoBuilder$InterpreterBuilderJob.run(InterpreterInfoBuilder.java:89)
	at org.eclipse.core.internal.jobs.Worker.run(Worker.java:53)

!ENTRY org.python.pydev.shared_core 4 4 2014-04-15 23:55:35.281
!MESSAGE /usr/local/lib/python3.3/site-packages/simplejson/tests/test_indent.py (Permission denied)
!STACK 0
java.io.FileNotFoundException: /usr/local/lib/python3.3/site-packages/simplejson/tests/test_indent.py (Permission denied)
	at java.io.FileInputStream.open(Native Method)
	at java.io.FileInputStream.<init>(FileInputStream.java:140)
	at org.python.pydev.core.FileUtilsFileBuffer.getCustomReturnFromFile(FileUtilsFileBuffer.java:159)
	at com.python.pydev.analysis.additionalinfo.AbstractAdditionalTokensInfo.addAstInfo(AbstractAdditionalTokensInfo.java:280)
	at com.python.pydev.analysis.additionalinfo.AbstractAdditionalDependencyInfo.updateKeysIfNeededAndSave(AbstractAdditionalDependencyInfo.java:221)
	at com.python.pydev.analysis.system_info_builder.InterpreterInfoBuilder$InterpreterBuilderJob.run(InterpreterInfoBuilder.java:89)
	at org.eclipse.core.internal.jobs.Worker.run(Worker.java:53)

!ENTRY org.python.pydev.shared_core 4 4 2014-04-15 23:55:35.284
!MESSAGE /usr/local/lib/python3.3/site-packages/simplejson/tests/test_item_sort_key.py (Permission denied)
!STACK 0
java.io.FileNotFoundException: /usr/local/lib/python3.3/site-packages/simplejson/tests/test_item_sort_key.py (Permission denied)
	at java.io.FileInputStream.open(Native Method)
	at java.io.FileInputStream.<init>(FileInputStream.java:140)
	at org.python.pydev.core.FileUtilsFileBuffer.getCustomReturnFromFile(FileUtilsFileBuffer.java:159)
	at com.python.pydev.analysis.additionalinfo.AbstractAdditionalTokensInfo.addAstInfo(AbstractAdditionalTokensInfo.java:280)
	at com.python.pydev.analysis.additionalinfo.AbstractAdditionalDependencyInfo.updateKeysIfNeededAndSave(AbstractAdditionalDependencyInfo.java:221)
	at com.python.pydev.analysis.system_info_builder.InterpreterInfoBuilder$InterpreterBuilderJob.run(InterpreterInfoBuilder.java:89)
	at org.eclipse.core.internal.jobs.Worker.run(Worker.java:53)

!ENTRY org.python.pydev.shared_core 4 4 2014-04-15 23:55:35.285
!MESSAGE /usr/local/lib/python3.3/site-packages/simplejson/tests/test_namedtuple.py (Permission denied)
!STACK 0
java.io.FileNotFoundException: /usr/local/lib/python3.3/site-packages/simplejson/tests/test_namedtuple.py (Permission denied)
	at java.io.FileInputStream.open(Native Method)
	at java.io.FileInputStream.<init>(FileInputStream.java:140)
	at org.python.pydev.core.FileUtilsFileBuffer.getCustomReturnFromFile(FileUtilsFileBuffer.java:159)
	at com.python.pydev.analysis.additionalinfo.AbstractAdditionalTokensInfo.addAstInfo(AbstractAdditionalTokensInfo.java:280)
	at com.python.pydev.analysis.additionalinfo.AbstractAdditionalDependencyInfo.updateKeysIfNeededAndSave(AbstractAdditionalDependencyInfo.java:221)
	at com.python.pydev.analysis.system_info_builder.InterpreterInfoBuilder$InterpreterBuilderJob.run(InterpreterInfoBuilder.java:89)
	at org.eclipse.core.internal.jobs.Worker.run(Worker.java:53)

!ENTRY org.python.pydev.shared_core 4 4 2014-04-15 23:55:35.286
!MESSAGE /usr/local/lib/python3.3/site-packages/simplejson/tests/test_pass1.py (Permission denied)
!STACK 0
java.io.FileNotFoundException: /usr/local/lib/python3.3/site-packages/simplejson/tests/test_pass1.py (Permission denied)
	at java.io.FileInputStream.open(Native Method)
	at java.io.FileInputStream.<init>(FileInputStream.java:140)
	at org.python.pydev.core.FileUtilsFileBuffer.getCustomReturnFromFile(FileUtilsFileBuffer.java:159)
	at com.python.pydev.analysis.additionalinfo.AbstractAdditionalTokensInfo.addAstInfo(AbstractAdditionalTokensInfo.java:280)
	at com.python.pydev.analysis.additionalinfo.AbstractAdditionalDependencyInfo.updateKeysIfNeededAndSave(AbstractAdditionalDependencyInfo.java:221)
	at com.python.pydev.analysis.system_info_builder.InterpreterInfoBuilder$InterpreterBuilderJob.run(InterpreterInfoBuilder.java:89)
	at org.eclipse.core.internal.jobs.Worker.run(Worker.java:53)

!ENTRY org.python.pydev.shared_core 4 4 2014-04-15 23:55:35.287
!MESSAGE /usr/local/lib/python3.3/site-packages/simplejson/tests/test_pass2.py (Permission denied)
!STACK 0
java.io.FileNotFoundException: /usr/local/lib/python3.3/site-packages/simplejson/tests/test_pass2.py (Permission denied)
	at java.io.FileInputStream.open(Native Method)
	at java.io.FileInputStream.<init>(FileInputStream.java:140)
	at org.python.pydev.core.FileUtilsFileBuffer.getCustomReturnFromFile(FileUtilsFileBuffer.java:159)
	at com.python.pydev.analysis.additionalinfo.AbstractAdditionalTokensInfo.addAstInfo(AbstractAdditionalTokensInfo.java:280)
	at com.python.pydev.analysis.additionalinfo.AbstractAdditionalDependencyInfo.updateKeysIfNeededAndSave(AbstractAdditionalDependencyInfo.java:221)
	at com.python.pydev.analysis.system_info_builder.InterpreterInfoBuilder$InterpreterBuilderJob.run(InterpreterInfoBuilder.java:89)
	at org.eclipse.core.internal.jobs.Worker.run(Worker.java:53)

!ENTRY org.python.pydev.shared_core 4 4 2014-04-15 23:55:35.288
!MESSAGE /usr/local/lib/python3.3/site-packages/simplejson/tests/test_pass3.py (Permission denied)
!STACK 0
java.io.FileNotFoundException: /usr/local/lib/python3.3/site-packages/simplejson/tests/test_pass3.py (Permission denied)
	at java.io.FileInputStream.open(Native Method)
	at java.io.FileInputStream.<init>(FileInputStream.java:140)
	at org.python.pydev.core.FileUtilsFileBuffer.getCustomReturnFromFile(FileUtilsFileBuffer.java:159)
	at com.python.pydev.analysis.additionalinfo.AbstractAdditionalTokensInfo.addAstInfo(AbstractAdditionalTokensInfo.java:280)
	at com.python.pydev.analysis.additionalinfo.AbstractAdditionalDependencyInfo.updateKeysIfNeededAndSave(AbstractAdditionalDependencyInfo.java:221)
	at com.python.pydev.analysis.system_info_builder.InterpreterInfoBuilder$InterpreterBuilderJob.run(InterpreterInfoBuilder.java:89)
	at org.eclipse.core.internal.jobs.Worker.run(Worker.java:53)

!ENTRY org.python.pydev.shared_core 4 4 2014-04-15 23:55:35.288
!MESSAGE /usr/local/lib/python3.3/site-packages/simplejson/tests/test_recursion.py (Permission denied)
!STACK 0
java.io.FileNotFoundException: /usr/local/lib/python3.3/site-packages/simplejson/tests/test_recursion.py (Permission denied)
	at java.io.FileInputStream.open(Native Method)
	at java.io.FileInputStream.<init>(FileInputStream.java:140)
	at org.python.pydev.core.FileUtilsFileBuffer.getCustomReturnFromFile(FileUtilsFileBuffer.java:159)
	at com.python.pydev.analysis.additionalinfo.AbstractAdditionalTokensInfo.addAstInfo(AbstractAdditionalTokensInfo.java:280)
	at com.python.pydev.analysis.additionalinfo.AbstractAdditionalDependencyInfo.updateKeysIfNeededAndSave(AbstractAdditionalDependencyInfo.java:221)
	at com.python.pydev.analysis.system_info_builder.InterpreterInfoBuilder$InterpreterBuilderJob.run(InterpreterInfoBuilder.java:89)
	at org.eclipse.core.internal.jobs.Worker.run(Worker.java:53)

!ENTRY org.python.pydev.shared_core 4 4 2014-04-15 23:55:35.289
!MESSAGE /usr/local/lib/python3.3/site-packages/simplejson/tests/test_scanstring.py (Permission denied)
!STACK 0
java.io.FileNotFoundException: /usr/local/lib/python3.3/site-packages/simplejson/tests/test_scanstring.py (Permission denied)
	at java.io.FileInputStream.open(Native Method)
	at java.io.FileInputStream.<init>(FileInputStream.java:140)
	at org.python.pydev.core.FileUtilsFileBuffer.getCustomReturnFromFile(FileUtilsFileBuffer.java:159)
	at com.python.pydev.analysis.additionalinfo.AbstractAdditionalTokensInfo.addAstInfo(AbstractAdditionalTokensInfo.java:280)
	at com.python.pydev.analysis.additionalinfo.AbstractAdditionalDependencyInfo.updateKeysIfNeededAndSave(AbstractAdditionalDependencyInfo.java:221)
	at com.python.pydev.analysis.system_info_builder.InterpreterInfoBuilder$InterpreterBuilderJob.run(InterpreterInfoBuilder.java:89)
	at org.eclipse.core.internal.jobs.Worker.run(Worker.java:53)

!ENTRY org.python.pydev.shared_core 4 4 2014-04-15 23:55:35.289
!MESSAGE /usr/local/lib/python3.3/site-packages/simplejson/tests/test_separators.py (Permission denied)
!STACK 0
java.io.FileNotFoundException: /usr/local/lib/python3.3/site-packages/simplejson/tests/test_separators.py (Permission denied)
	at java.io.FileInputStream.open(Native Method)
	at java.io.FileInputStream.<init>(FileInputStream.java:140)
	at org.python.pydev.core.FileUtilsFileBuffer.getCustomReturnFromFile(FileUtilsFileBuffer.java:159)
	at com.python.pydev.analysis.additionalinfo.AbstractAdditionalTokensInfo.addAstInfo(AbstractAdditionalTokensInfo.java:280)
	at com.python.pydev.analysis.additionalinfo.AbstractAdditionalDependencyInfo.updateKeysIfNeededAndSave(AbstractAdditionalDependencyInfo.java:221)
	at com.python.pydev.analysis.system_info_builder.InterpreterInfoBuilder$InterpreterBuilderJob.run(InterpreterInfoBuilder.java:89)
	at org.eclipse.core.internal.jobs.Worker.run(Worker.java:53)

!ENTRY org.python.pydev.shared_core 4 4 2014-04-15 23:55:35.290
!MESSAGE /usr/local/lib/python3.3/site-packages/simplejson/tests/test_speedups.py (Permission denied)
!STACK 0
java.io.FileNotFoundException: /usr/local/lib/python3.3/site-packages/simplejson/tests/test_speedups.py (Permission denied)
	at java.io.FileInputStream.open(Native Method)
	at java.io.FileInputStream.<init>(FileInputStream.java:140)
	at org.python.pydev.core.FileUtilsFileBuffer.getCustomReturnFromFile(FileUtilsFileBuffer.java:159)
	at com.python.pydev.analysis.additionalinfo.AbstractAdditionalTokensInfo.addAstInfo(AbstractAdditionalTokensInfo.java:280)
	at com.python.pydev.analysis.additionalinfo.AbstractAdditionalDependencyInfo.updateKeysIfNeededAndSave(AbstractAdditionalDependencyInfo.java:221)
	at com.python.pydev.analysis.system_info_builder.InterpreterInfoBuilder$InterpreterBuilderJob.run(InterpreterInfoBuilder.java:89)
	at org.eclipse.core.internal.jobs.Worker.run(Worker.java:53)

!ENTRY org.python.pydev.shared_core 4 4 2014-04-15 23:55:35.291
!MESSAGE /usr/local/lib/python3.3/site-packages/simplejson/tests/test_tool.py (Permission denied)
!STACK 0
java.io.FileNotFoundException: /usr/local/lib/python3.3/site-packages/simplejson/tests/test_tool.py (Permission denied)
	at java.io.FileInputStream.open(Native Method)
	at java.io.FileInputStream.<init>(FileInputStream.java:140)
	at org.python.pydev.core.FileUtilsFileBuffer.getCustomReturnFromFile(FileUtilsFileBuffer.java:159)
	at com.python.pydev.analysis.additionalinfo.AbstractAdditionalTokensInfo.addAstInfo(AbstractAdditionalTokensInfo.java:280)
	at com.python.pydev.analysis.additionalinfo.AbstractAdditionalDependencyInfo.updateKeysIfNeededAndSave(AbstractAdditionalDependencyInfo.java:221)
	at com.python.pydev.analysis.system_info_builder.InterpreterInfoBuilder$InterpreterBuilderJob.run(InterpreterInfoBuilder.java:89)
	at org.eclipse.core.internal.jobs.Worker.run(Worker.java:53)

!ENTRY org.python.pydev.shared_core 4 4 2014-04-15 23:55:35.291
!MESSAGE /usr/local/lib/python3.3/site-packages/simplejson/tests/test_tuple.py (Permission denied)
!STACK 0
java.io.FileNotFoundException: /usr/local/lib/python3.3/site-packages/simplejson/tests/test_tuple.py (Permission denied)
	at java.io.FileInputStream.open(Native Method)
	at java.io.FileInputStream.<init>(FileInputStream.java:140)
	at org.python.pydev.core.FileUtilsFileBuffer.getCustomReturnFromFile(FileUtilsFileBuffer.java:159)
	at com.python.pydev.analysis.additionalinfo.AbstractAdditionalTokensInfo.addAstInfo(AbstractAdditionalTokensInfo.java:280)
	at com.python.pydev.analysis.additionalinfo.AbstractAdditionalDependencyInfo.updateKeysIfNeededAndSave(AbstractAdditionalDependencyInfo.java:221)
	at com.python.pydev.analysis.system_info_builder.InterpreterInfoBuilder$InterpreterBuilderJob.run(InterpreterInfoBuilder.java:89)
	at org.eclipse.core.internal.jobs.Worker.run(Worker.java:53)

!ENTRY org.python.pydev.shared_core 4 4 2014-04-15 23:55:35.292
!MESSAGE /usr/local/lib/python3.3/site-packages/simplejson/tests/test_unicode.py (Permission denied)
!STACK 0
java.io.FileNotFoundException: /usr/local/lib/python3.3/site-packages/simplejson/tests/test_unicode.py (Permission denied)
	at java.io.FileInputStream.open(Native Method)
	at java.io.FileInputStream.<init>(FileInputStream.java:140)
	at org.python.pydev.core.FileUtilsFileBuffer.getCustomReturnFromFile(FileUtilsFileBuffer.java:159)
	at com.python.pydev.analysis.additionalinfo.AbstractAdditionalTokensInfo.addAstInfo(AbstractAdditionalTokensInfo.java:280)
	at com.python.pydev.analysis.additionalinfo.AbstractAdditionalDependencyInfo.updateKeysIfNeededAndSave(AbstractAdditionalDependencyInfo.java:221)
	at com.python.pydev.analysis.system_info_builder.InterpreterInfoBuilder$InterpreterBuilderJob.run(InterpreterInfoBuilder.java:89)
	at org.eclipse.core.internal.jobs.Worker.run(Worker.java:53)

!ENTRY org.python.pydev.shared_core 4 4 2014-04-15 23:55:35.293
!MESSAGE /usr/local/lib/python3.3/site-packages/simplejson/tool.py (Permission denied)
!STACK 0
java.io.FileNotFoundException: /usr/local/lib/python3.3/site-packages/simplejson/tool.py (Permission denied)
	at java.io.FileInputStream.open(Native Method)
	at java.io.FileInputStream.<init>(FileInputStream.java:140)
	at org.python.pydev.core.FileUtilsFileBuffer.getCustomReturnFromFile(FileUtilsFileBuffer.java:159)
	at com.python.pydev.analysis.additionalinfo.AbstractAdditionalTokensInfo.addAstInfo(AbstractAdditionalTokensInfo.java:280)
	at com.python.pydev.analysis.additionalinfo.AbstractAdditionalDependencyInfo.updateKeysIfNeededAndSave(AbstractAdditionalDependencyInfo.java:221)
	at com.python.pydev.analysis.system_info_builder.InterpreterInfoBuilder$InterpreterBuilderJob.run(InterpreterInfoBuilder.java:89)
	at org.eclipse.core.internal.jobs.Worker.run(Worker.java:53)
